Mplus VERSION 7.4
MUTHEN & MUTHEN
09/16/2016   8:38 AM

INPUT INSTRUCTIONS


  Title:    SEM Intergruppenkontakt und GMF

  Data:     FILE IS GMF07_Querschnitt_SEM.dat;

  VARIABLE: NAMES ARE qcp_ser sx03q6r sx04q6r he01oq6r he02oq6r
            he01hq6 he02hq6r ff04dq6r ff08dq6r he05mq6r he12mq6r
            ev03q6r ev04q6r ra01q6r ra03q6r as01q6r as02q6r
            dy04q6r dy02q6r ka03nq4r;

            USEVARIABLES sx03q6r sx04q6r he01oq6r he02oq6r
            he01hq6 he02hq6r ff04dq6r ff08dq6r he05mq6r he12mq6r
            ev03q6r ev04q6r ra01q6r ra03q6r as01q6r as02q6r ka03nq4r;

            MISSING ARE ALL (99);

  MODEL:    sexism BY sx03q6r sx04q6r;      ! Messmodelle für die Elemente
            homoph BY he01hq6 he02hq6r;     ! von GMF
            antisem BY as01q6r as02q6r;
            fremdenf BY ff04dq6r ff08dq6r;
            rass BY ra01q6r ra03q6r;
            obdachl BY he01oq6r he02oq6r;
            islamph BY he05mq6r he12mq6r;
            etabl BY ev03q6r ev04q6r;

            GMF BY sexism homoph antisem fremdenf rass ! Messmodell GMF
            obdachl islamph etabl;

            GMF ON ka03nq4r;    ! Regression von GMF auf Intergruppenkontakt

  OUTPUT:   STDYX; MODINDICES;











INPUT READING TERMINATED NORMALLY



SEM Intergruppenkontakt und GMF

SUMMARY OF ANALYSIS

Number of groups                                                 1
Number of observations                                         864

Number of dependent variables                                   16
Number of independent variables                                  1
Number of continuous latent variables                            9

Observed dependent variables

  Continuous
   SX03Q6R     SX04Q6R     HE01OQ6R    HE02OQ6R    HE01HQ6     HE02HQ6R
   FF04DQ6R    FF08DQ6R    HE05MQ6R    HE12MQ6R    EV03Q6R     EV04Q6R
   RA01Q6R     RA03Q6R     AS01Q6R     AS02Q6R

Observed independent variables
   KA03NQ4R

Continuous latent variables
   SEXISM      HOMOPH      ANTISEM     FREMDENF    RASS        OBDACHL
   ISLAMPH     ETABL       GMF


Estimator                                                       ML
Information matrix                                        OBSERVED
Maximum number of iterations                                  1000
Convergence criterion                                    0.500D-04
Maximum number of steepest descent iterations                   20
Maximum number of iterations for H1                           2000
Convergence criterion for H1                             0.100D-03

Input data file(s)
  GMF07_Querschnitt_SEM.dat

Input data format  FREE


SUMMARY OF DATA

     Number of missing data patterns            39


COVARIANCE COVERAGE OF DATA

Minimum covariance coverage value   0.100


     PROPORTION OF DATA PRESENT


           Covariance Coverage
              SX03Q6R       SX04Q6R       HE01OQ6R      HE02OQ6R      HE01HQ6
              ________      ________      ________      ________      ________
 SX03Q6R        0.997
 SX04Q6R        0.993         0.997
 HE01OQ6R       0.990         0.990         0.993
 HE02OQ6R       0.986         0.985         0.984         0.988
 HE01HQ6        0.997         0.995         0.992         0.988         0.999
 HE02HQ6R       0.991         0.990         0.986         0.985         0.993
 FF04DQ6R       0.985         0.985         0.984         0.979         0.987
 FF08DQ6R       0.987         0.986         0.983         0.980         0.990
 HE05MQ6R       0.983         0.983         0.980         0.976         0.985
 HE12MQ6R       0.979         0.978         0.976         0.973         0.981
 EV03Q6R        0.988         0.988         0.985         0.981         0.991
 EV04Q6R        0.993         0.993         0.990         0.985         0.995
 RA01Q6R        0.991         0.991         0.988         0.984         0.993
 RA03Q6R        0.992         0.992         0.988         0.984         0.994
 AS01Q6R        0.979         0.978         0.976         0.971         0.981
 AS02Q6R        0.978         0.977         0.973         0.972         0.980
 KA03NQ4R       0.997         0.997         0.993         0.988         0.999


           Covariance Coverage
              HE02HQ6R      FF04DQ6R      FF08DQ6R      HE05MQ6R      HE12MQ6R
              ________      ________      ________      ________      ________
 HE02HQ6R       0.993
 FF04DQ6R       0.983         0.988
 FF08DQ6R       0.985         0.983         0.990
 HE05MQ6R       0.979         0.977         0.977         0.986
 HE12MQ6R       0.977         0.973         0.976         0.973         0.981
 EV03Q6R        0.985         0.981         0.983         0.978         0.975
 EV04Q6R        0.990         0.985         0.986         0.983         0.978
 RA01Q6R        0.987         0.984         0.984         0.981         0.977
 RA03Q6R        0.988         0.984         0.985         0.981         0.977
 AS01Q6R        0.976         0.970         0.972         0.968         0.966
 AS02Q6R        0.976         0.970         0.972         0.966         0.965
 KA03NQ4R       0.993         0.988         0.990         0.986         0.981


           Covariance Coverage
              EV03Q6R       EV04Q6R       RA01Q6R       RA03Q6R       AS01Q6R
              ________      ________      ________      ________      ________
 EV03Q6R        0.992
 EV04Q6R        0.988         0.997
 RA01Q6R        0.986         0.991         0.994
 RA03Q6R        0.987         0.992         0.991         0.995
 AS01Q6R        0.973         0.978         0.978         0.978         0.981
 AS02Q6R        0.973         0.978         0.975         0.976         0.969
 KA03NQ4R       0.992         0.997         0.994         0.995         0.981


           Covariance Coverage
              AS02Q6R       KA03NQ4R
              ________      ________
 AS02Q6R        0.980
 KA03NQ4R       0.980         1.000



THE MODEL ESTIMATION TERMINATED NORMALLY



MODEL FIT INFORMATION

Number of Free Parameters                       57

Loglikelihood

          H0 Value                      -15742.260
          H1 Value                      -15552.900

Information Criteria

          Akaike (AIC)                   31598.519
          Bayesian (BIC)                 31869.929
          Sample-Size Adjusted BIC       31688.912
            (n* = (n + 2) / 24)

Chi-Square Test of Model Fit

          Value                            378.719
          Degrees of Freedom                   111
          P-Value                           0.0000

RMSEA (Root Mean Square Error Of Approximation)

          Estimate                           0.053
          90 Percent C.I.                    0.047  0.059
          Probability RMSEA <= .05           0.205

CFI/TLI

          CFI                                0.937
          TLI                                0.923

Chi-Square Test of Model Fit for the Baseline Model

          Value                           4397.721
          Degrees of Freedom                   136
          P-Value                           0.0000

SRMR (Standardized Root Mean Square Residual)

          Value                              0.045



MODEL RESULTS

                                                    Two-Tailed
                    Estimate       S.E.  Est./S.E.    P-Value

 SEXISM   BY
    SX03Q6R            1.000      0.000    999.000    999.000
    SX04Q6R            1.047      0.096     10.894      0.000

 HOMOPH   BY
    HE01HQ6            1.000      0.000    999.000    999.000
    HE02HQ6R           1.029      0.090     11.415      0.000

 ANTISEM  BY
    AS01Q6R            1.000      0.000    999.000    999.000
    AS02Q6R            0.882      0.063     14.026      0.000

 FREMDENF BY
    FF04DQ6R           1.000      0.000    999.000    999.000
    FF08DQ6R           0.893      0.043     20.996      0.000

 RASS     BY
    RA01Q6R            1.000      0.000    999.000    999.000
    RA03Q6R            1.141      0.097     11.757      0.000

 OBDACHL  BY
    HE01OQ6R           1.000      0.000    999.000    999.000
    HE02OQ6R           0.700      0.073      9.551      0.000

 ISLAMPH  BY
    HE05MQ6R           1.000      0.000    999.000    999.000
    HE12MQ6R           1.072      0.055     19.365      0.000

 ETABL    BY
    EV03Q6R            1.000      0.000    999.000    999.000
    EV04Q6R            1.067      0.090     11.895      0.000

 GMF      BY
    SEXISM             1.000      0.000    999.000    999.000
    HOMOPH             1.387      0.182      7.612      0.000
    ANTISEM            1.377      0.168      8.199      0.000
    FREMDENF           2.484      0.274      9.051      0.000
    RASS               1.243      0.155      8.001      0.000
    OBDACHL            1.487      0.191      7.806      0.000
    ISLAMPH            2.156      0.247      8.740      0.000
    ETABL              1.600      0.198      8.098      0.000

 GMF      ON
    KA03NQ4R          -0.100      0.018     -5.638      0.000

 Intercepts
    SX03Q6R            2.032      0.044     45.803      0.000
    SX04Q6R            1.804      0.042     43.010      0.000
    HE01OQ6R           2.489      0.057     43.478      0.000
    HE02OQ6R           2.515      0.047     52.964      0.000
    HE01HQ6            2.132      0.057     37.493      0.000
    HE02HQ6R           2.217      0.057     38.748      0.000
    FF04DQ6R           2.929      0.079     37.276      0.000
    FF08DQ6R           2.412      0.070     34.243      0.000
    HE05MQ6R           2.496      0.071     34.927      0.000
    HE12MQ6R           2.408      0.073     33.106      0.000
    EV03Q6R            2.690      0.060     45.127      0.000
    EV04Q6R            2.402      0.062     39.021      0.000
    RA01Q6R            1.974      0.047     41.846      0.000
    RA03Q6R            1.704      0.049     35.061      0.000
    AS01Q6R            1.905      0.050     38.047      0.000
    AS02Q6R            1.683      0.045     37.684      0.000

 Residual Variances
    SX03Q6R            0.363      0.035     10.428      0.000
    SX04Q6R            0.163      0.034      4.806      0.000
    HE01OQ6R           0.355      0.059      5.984      0.000
    HE02OQ6R           0.544      0.038     14.197      0.000
    HE01HQ6            0.491      0.051      9.534      0.000
    HE02HQ6R           0.432      0.053      8.185      0.000
    FF04DQ6R           0.372      0.026     14.359      0.000
    FF08DQ6R           0.331      0.022     15.127      0.000
    HE05MQ6R           0.507      0.031     16.474      0.000
    HE12MQ6R           0.249      0.024     10.178      0.000
    EV03Q6R            0.605      0.041     14.715      0.000
    EV04Q6R            0.558      0.043     13.122      0.000
    RA01Q6R            0.454      0.026     17.361      0.000
    RA03Q6R            0.287      0.023     12.364      0.000
    AS01Q6R            0.263      0.027      9.735      0.000
    AS02Q6R            0.232      0.022     10.654      0.000
    SEXISM             0.271      0.032      8.475      0.000
    HOMOPH             0.406      0.049      8.328      0.000
    ANTISEM            0.223      0.026      8.648      0.000
    FREMDENF           0.030      0.021      1.435      0.151
    RASS               0.048      0.014      3.402      0.001
    OBDACHL            0.403      0.060      6.751      0.000
    ISLAMPH            0.095      0.019      4.869      0.000
    ETABL              0.156      0.029      5.325      0.000
    GMF                0.078      0.017      4.729      0.000


STANDARDIZED MODEL RESULTS


STDYX Standardization

                                                    Two-Tailed
                    Estimate       S.E.  Est./S.E.    P-Value

 SEXISM   BY
    SX03Q6R            0.703      0.034     20.379      0.000
    SX04Q6R            0.839      0.037     22.613      0.000

 HOMOPH   BY
    HE01HQ6            0.732      0.034     21.832      0.000
    HE02HQ6R           0.762      0.034     22.395      0.000

 ANTISEM  BY
    AS01Q6R            0.769      0.028     27.578      0.000
    AS02Q6R            0.749      0.028     26.695      0.000

 FREMDENF BY
    FF04DQ6R           0.770      0.019     40.122      0.000
    FF08DQ6R           0.753      0.020     38.225      0.000

 RASS     BY
    RA01Q6R            0.529      0.033     16.264      0.000
    RA03Q6R            0.667      0.033     20.253      0.000

 OBDACHL  BY
    HE01OQ6R           0.789      0.040     19.567      0.000
    HE02OQ6R           0.588      0.036     16.232      0.000

 ISLAMPH  BY
    HE05MQ6R           0.698      0.022     31.579      0.000
    HE12MQ6R           0.831      0.019     43.408      0.000

 ETABL    BY
    EV03Q6R            0.615      0.032     19.149      0.000
    EV04Q6R            0.655      0.032     20.304      0.000

 GMF      BY
    SEXISM             0.485      0.036     13.428      0.000
    HOMOPH             0.532      0.035     15.174      0.000
    ANTISEM            0.643      0.031     20.852      0.000
    FREMDENF           0.972      0.019     51.173      0.000
    RASS               0.853      0.037     22.820      0.000
    OBDACHL            0.560      0.038     14.820      0.000
    ISLAMPH            0.896      0.021     43.371      0.000
    ETABL              0.760      0.035     21.674      0.000

 GMF      ON
    KA03NQ4R          -0.244      0.035     -7.015      0.000

 Intercepts
    SX03Q6R            2.401      0.070     34.508      0.000
    SX04Q6R            2.431      0.072     33.994      0.000
    HE01OQ6R           2.565      0.075     34.303      0.000
    HE02OQ6R           2.757      0.076     36.326      0.000
    HE01HQ6            2.074      0.066     31.538      0.000
    HE02HQ6R           2.182      0.068     32.232      0.000
    FF04DQ6R           3.062      0.094     32.639      0.000
    FF08DQ6R           2.761      0.089     31.019      0.000
    HE05MQ6R           2.510      0.081     31.166      0.000
    HE12MQ6R           2.689      0.089     30.364      0.000
    EV03Q6R            2.726      0.078     35.069      0.000
    EV04Q6R            2.429      0.074     32.847      0.000
    RA01Q6R            2.484      0.074     33.756      0.000
    RA03Q6R            2.369      0.076     31.123      0.000
    AS01Q6R            2.375      0.073     32.373      0.000
    AS02Q6R            2.316      0.072     32.104      0.000

 Residual Variances
    SX03Q6R            0.506      0.048     10.444      0.000
    SX04Q6R            0.296      0.062      4.750      0.000
    HE01OQ6R           0.377      0.064      5.923      0.000
    HE02OQ6R           0.654      0.043     15.352      0.000
    HE01HQ6            0.464      0.049      9.462      0.000
    HE02HQ6R           0.419      0.052      8.075      0.000
    FF04DQ6R           0.407      0.030     13.769      0.000
    FF08DQ6R           0.433      0.030     14.599      0.000
    HE05MQ6R           0.513      0.031     16.636      0.000
    HE12MQ6R           0.310      0.032      9.756      0.000
    EV03Q6R            0.621      0.040     15.720      0.000
    EV04Q6R            0.571      0.042     13.517      0.000
    RA01Q6R            0.720      0.034     20.914      0.000
    RA03Q6R            0.555      0.044     12.620      0.000
    AS01Q6R            0.408      0.043      9.522      0.000
    AS02Q6R            0.439      0.042     10.460      0.000
    SEXISM             0.765      0.035     21.844      0.000
    HOMOPH             0.717      0.037     19.243      0.000
    ANTISEM            0.586      0.040     14.759      0.000
    FREMDENF           0.054      0.037      1.473      0.141
    RASS               0.273      0.064      4.282      0.000
    OBDACHL            0.686      0.042     16.211      0.000
    ISLAMPH            0.197      0.037      5.315      0.000
    ETABL              0.422      0.053      7.927      0.000
    GMF                0.940      0.017     55.406      0.000


R-SQUARE

    Observed                                        Two-Tailed
    Variable        Estimate       S.E.  Est./S.E.    P-Value

    SX03Q6R            0.494      0.048     10.189      0.000
    SX04Q6R            0.704      0.062     11.306      0.000
    HE01OQ6R           0.623      0.064      9.783      0.000
    HE02OQ6R           0.346      0.043      8.116      0.000
    HE01HQ6            0.536      0.049     10.916      0.000
    HE02HQ6R           0.581      0.052     11.198      0.000
    FF04DQ6R           0.593      0.030     20.061      0.000
    FF08DQ6R           0.567      0.030     19.113      0.000
    HE05MQ6R           0.487      0.031     15.790      0.000
    HE12MQ6R           0.690      0.032     21.704      0.000
    EV03Q6R            0.379      0.040      9.574      0.000
    EV04Q6R            0.429      0.042     10.152      0.000
    RA01Q6R            0.280      0.034      8.132      0.000
    RA03Q6R            0.445      0.044     10.127      0.000
    AS01Q6R            0.592      0.043     13.789      0.000
    AS02Q6R            0.561      0.042     13.347      0.000

     Latent                                         Two-Tailed
    Variable        Estimate       S.E.  Est./S.E.    P-Value

    SEXISM             0.235      0.035      6.714      0.000
    HOMOPH             0.283      0.037      7.587      0.000
    ANTISEM            0.414      0.040     10.426      0.000
    FREMDENF           0.946      0.037     25.586      0.000
    RASS               0.727      0.064     11.410      0.000
    OBDACHL            0.314      0.042      7.410      0.000
    ISLAMPH            0.803      0.037     21.685      0.000
    ETABL              0.578      0.053     10.837      0.000
    GMF                0.060      0.017      3.507      0.000


QUALITY OF NUMERICAL RESULTS

     Condition Number for the Information Matrix              0.945E-04
       (ratio of smallest to largest eigenvalue)


MODEL MODIFICATION INDICES

NOTE:  Modification indices for direct effects of observed dependent variables
regressed on covariates may not be included.  To include these, request
MODINDICES (ALL).

Minimum M.I. value for printing the modification index    10.000

                                   M.I.     E.P.C.  Std E.P.C.  StdYX E.P.C.

BY Statements

SEXISM   BY HE01HQ6               23.846     0.322      0.192        0.186
SEXISM   BY FF04DQ6R              11.084    -0.188     -0.112       -0.117
SEXISM   BY FF08DQ6R              17.361    -0.218     -0.129       -0.148
HOMOPH   BY SX03Q6R               25.657     0.234      0.176        0.208
FREMDENF BY SX04Q6R               25.445    -2.074     -1.527       -2.059
FREMDENF BY HE05MQ6R              17.292     2.580      1.900        1.911
FREMDENF BY HE12MQ6R              23.200     2.620      1.930        2.155
RASS     BY EV04Q6R               24.957     1.430      0.601        0.608
OBDACHL  BY HE02HQ6R              12.285     0.206      0.158        0.155
ISLAMPH  BY HE02HQ6R              14.116    -0.652     -0.452       -0.445
ISLAMPH  BY FF04DQ6R              28.100     0.925      0.642        0.671
ISLAMPH  BY FF08DQ6R              14.995     0.620      0.430        0.493
ETABL    BY RA01Q6R               42.358     0.701      0.425        0.535

ON/BY Statements

SEXISM   ON HOMOPH   /
HOMOPH   BY SEXISM                60.058     0.330      0.418        0.418
SEXISM   ON FREMDENF /
FREMDENF BY SEXISM                40.796    -2.869     -3.553       -3.553
SEXISM   ON RASS     /
RASS     BY SEXISM                14.219     0.788      0.557        0.557
SEXISM   ON ETABL    /
ETABL    BY SEXISM                11.130     0.313      0.320        0.320
HOMOPH   ON SEXISM   /
SEXISM   BY HOMOPH                60.061     0.495      0.392        0.392
FREMDENF ON SEXISM   /
SEXISM   BY FREMDENF              40.773    -0.313     -0.253       -0.253
FREMDENF ON RASS     /
RASS     BY FREMDENF              14.218    -0.855     -0.488       -0.488
FREMDENF ON ISLAMPH  /
ISLAMPH  BY FREMDENF              81.421     1.567      1.476        1.476
RASS     ON SEXISM   /
SEXISM   BY RASS                  14.223     0.141      0.199        0.199
RASS     ON FREMDENF /
FREMDENF BY RASS                  14.200    -1.396     -2.445       -2.445
RASS     ON ETABL    /
ETABL    BY RASS                  31.215     0.400      0.578        0.578
ISLAMPH  ON FREMDENF /
FREMDENF BY ISLAMPH               81.434     5.029      5.338        5.338
ETABL    ON SEXISM   /
SEXISM   BY ETABL                 11.132     0.180      0.177        0.177
ETABL    ON RASS     /
RASS     BY ETABL                 31.216     1.292      0.895        0.895
GMF      ON FREMDENF /
FREMDENF BY GMF                   12.681    -2.865     -7.316       -7.316

ON Statements

FREMDENF ON KA03NQ4R              12.646    -0.108     -0.146       -0.103

WITH Statements

HE01HQ6  WITH SX03Q6R             17.165     0.080      0.080        0.190
HE02HQ6R WITH HE02OQ6R            11.675     0.077      0.077        0.159
FF08DQ6R WITH SX04Q6R             21.683    -0.061     -0.061       -0.262
EV03Q6R  WITH HE01OQ6R            11.300     0.081      0.081        0.176
RA01Q6R  WITH EV04Q6R             36.215     0.125      0.125        0.249
AS02Q6R  WITH HE01OQ6R            10.651    -0.053     -0.053       -0.185
HOMOPH   WITH SEXISM              60.060     0.134      0.404        0.404
FREMDENF WITH SEXISM              40.772    -0.085     -0.948       -0.948
RASS     WITH SEXISM              14.223     0.038      0.333        0.333
RASS     WITH FREMDENF            14.212    -0.041     -1.092       -1.092
ISLAMPH  WITH FREMDENF            81.439     0.148      2.807        2.807
ETABL    WITH SEXISM              11.131     0.049      0.238        0.238
ETABL    WITH RASS                31.212     0.062      0.719        0.719
GMF      WITH FREMDENF            12.652    -0.084     -1.758       -1.758
KA03NQ4R WITH FREMDENF            12.647    -0.054     -0.313       -0.442


DIAGRAM INFORMATION

  Use View Diagram under the Diagram menu in the Mplus Editor to view the diagram.
  If running Mplus from the Mplus Diagrammer, the diagram opens automatically.

  Diagram output
    e:\fertig\begleitmaterial\kapitel 3\sem.dgm

     Beginning Time:  08:38:58
        Ending Time:  08:39:01
       Elapsed Time:  00:00:03



MUTHEN & MUTHEN
3463 Stoner Ave.
Los Angeles, CA  90066

Tel: (310) 391-9971
Fax: (310) 391-8971
Web: www.StatModel.com
Support: Support@StatModel.com

Copyright (c) 1998-2015 Muthen & Muthen
