Mplus VERSION 7.4
MUTHEN & MUTHEN
09/16/2016   8:45 AM

INPUT INSTRUCTIONS


  Title:    SEM Intergruppenkontakt und GMF, Model Indirect
            Sobel-Test

  Data:     FILE IS GMF07_Querschnitt_SEM.dat;

  VARIABLE: NAMES ARE qcp_ser sx03q6r sx04q6r he01oq6r he02oq6r
            he01hq6 he02hq6r ff04dq6r ff08dq6r he05mq6r he12mq6r
            ev03q6r ev04q6r ra01q6r ra03q6r as01q6r as02q6r
            dy04q6r dy02q6r ka03nq4r;

            USEVARIABLES sx03q6r sx04q6r he01oq6r he02oq6r
            he01hq6 he02hq6r ff04dq6r ff08dq6r he05mq6r he12mq6r
            ev03q6r ev04q6r ra01q6r ra03q6r as01q6r as02q6r ka03nq4r
            dy04q6r dy02q6r;

            MISSING ARE ALL (99);

  MODEL:    sexism BY sx03q6r sx04q6r;      ! Messmodelle für die Elemente
            homoph BY he01hq6 he02hq6r;     ! von GMF
            antisem BY as01q6r as02q6r;
            fremdenf BY ff04dq6r ff08dq6r;
            rass BY ra01q6r ra03q6r;
            obdachl BY he01oq6r he02oq6r;
            islamph BY he05mq6r he12mq6r;
            etabl BY ev03q6r ev04q6r;

            GMF BY sexism homoph antisem fremdenf rass ! Messmodell GMF
            obdachl islamph etabl;

            wertsch BY dy04q6r dy02q6r;     ! Messmodell für Wertschätzung
                                            ! kultureller Vielfalt

            GMF ON ka03nq4r;      ! Direkter Effekt von Kontakt auf GMF (c')
            wertsch ON ka03nq4r;  ! Effekt von Kontakt auf Wertschätzung
                                  ! kultureller Vielfakt (a)

            GMF ON wertsch;       ! Effekt von Wert. kultureller Vielfalt
                                  ! auf GMF (b)

            MODEL INDIRECT:
            GMF IND ka03nq4r;     ! Prüfung des indirekten Effekts von Kontakt
                                  ! auf GMF

  OUTPUT:   STDYX;

















INPUT READING TERMINATED NORMALLY



SEM Intergruppenkontakt und GMF, Model Indirect
Sobel-Test

SUMMARY OF ANALYSIS

Number of groups                                                 1
Number of observations                                         864

Number of dependent variables                                   18
Number of independent variables                                  1
Number of continuous latent variables                           10

Observed dependent variables

  Continuous
   SX03Q6R     SX04Q6R     HE01OQ6R    HE02OQ6R    HE01HQ6     HE02HQ6R
   FF04DQ6R    FF08DQ6R    HE05MQ6R    HE12MQ6R    EV03Q6R     EV04Q6R
   RA01Q6R     RA03Q6R     AS01Q6R     AS02Q6R     DY04Q6R     DY02Q6R

Observed independent variables
   KA03NQ4R

Continuous latent variables
   SEXISM      HOMOPH      ANTISEM     FREMDENF    RASS        OBDACHL
   ISLAMPH     ETABL       GMF         WERTSCH


Estimator                                                       ML
Information matrix                                        OBSERVED
Maximum number of iterations                                  1000
Convergence criterion                                    0.500D-04
Maximum number of steepest descent iterations                   20
Maximum number of iterations for H1                           2000
Convergence criterion for H1                             0.100D-03

Input data file(s)
  GMF07_Querschnitt_SEM.dat

Input data format  FREE


SUMMARY OF DATA

     Number of missing data patterns            44


COVARIANCE COVERAGE OF DATA

Minimum covariance coverage value   0.100


     PROPORTION OF DATA PRESENT


           Covariance Coverage
              SX03Q6R       SX04Q6R       HE01OQ6R      HE02OQ6R      HE01HQ6
              ________      ________      ________      ________      ________
 SX03Q6R        0.997
 SX04Q6R        0.993         0.997
 HE01OQ6R       0.990         0.990         0.993
 HE02OQ6R       0.986         0.985         0.984         0.988
 HE01HQ6        0.997         0.995         0.992         0.988         0.999
 HE02HQ6R       0.991         0.990         0.986         0.985         0.993
 FF04DQ6R       0.985         0.985         0.984         0.979         0.987
 FF08DQ6R       0.987         0.986         0.983         0.980         0.990
 HE05MQ6R       0.983         0.983         0.980         0.976         0.985
 HE12MQ6R       0.979         0.978         0.976         0.973         0.981
 EV03Q6R        0.988         0.988         0.985         0.981         0.991
 EV04Q6R        0.993         0.993         0.990         0.985         0.995
 RA01Q6R        0.991         0.991         0.988         0.984         0.993
 RA03Q6R        0.992         0.992         0.988         0.984         0.994
 AS01Q6R        0.979         0.978         0.976         0.971         0.981
 AS02Q6R        0.978         0.977         0.973         0.972         0.980
 DY04Q6R        0.991         0.991         0.987         0.983         0.993
 DY02Q6R        0.988         0.987         0.984         0.980         0.991
 KA03NQ4R       0.997         0.997         0.993         0.988         0.999


           Covariance Coverage
              HE02HQ6R      FF04DQ6R      FF08DQ6R      HE05MQ6R      HE12MQ6R
              ________      ________      ________      ________      ________
 HE02HQ6R       0.993
 FF04DQ6R       0.983         0.988
 FF08DQ6R       0.985         0.983         0.990
 HE05MQ6R       0.979         0.977         0.977         0.986
 HE12MQ6R       0.977         0.973         0.976         0.973         0.981
 EV03Q6R        0.985         0.981         0.983         0.978         0.975
 EV04Q6R        0.990         0.985         0.986         0.983         0.978
 RA01Q6R        0.987         0.984         0.984         0.981         0.977
 RA03Q6R        0.988         0.984         0.985         0.981         0.977
 AS01Q6R        0.976         0.970         0.972         0.968         0.966
 AS02Q6R        0.976         0.970         0.972         0.966         0.965
 DY04Q6R        0.987         0.983         0.984         0.980         0.976
 DY02Q6R        0.985         0.979         0.981         0.978         0.973
 KA03NQ4R       0.993         0.988         0.990         0.986         0.981


           Covariance Coverage
              EV03Q6R       EV04Q6R       RA01Q6R       RA03Q6R       AS01Q6R
              ________      ________      ________      ________      ________
 EV03Q6R        0.992
 EV04Q6R        0.988         0.997
 RA01Q6R        0.986         0.991         0.994
 RA03Q6R        0.987         0.992         0.991         0.995
 AS01Q6R        0.973         0.978         0.978         0.978         0.981
 AS02Q6R        0.973         0.978         0.975         0.976         0.969
 DY04Q6R        0.986         0.991         0.988         0.990         0.977
 DY02Q6R        0.983         0.987         0.986         0.987         0.976
 KA03NQ4R       0.992         0.997         0.994         0.995         0.981


           Covariance Coverage
              AS02Q6R       DY04Q6R       DY02Q6R       KA03NQ4R
              ________      ________      ________      ________
 AS02Q6R        0.980
 DY04Q6R        0.976         0.994
 DY02Q6R        0.973         0.987         0.991
 KA03NQ4R       0.980         0.994         0.991         1.000



THE MODEL ESTIMATION TERMINATED NORMALLY



MODEL FIT INFORMATION

Number of Free Parameters                       65

Loglikelihood

          H0 Value                      -17541.365
          H1 Value                      -17307.112

Information Criteria

          Akaike (AIC)                   35212.730
          Bayesian (BIC)                 35522.232
          Sample-Size Adjusted BIC       35315.809
            (n* = (n + 2) / 24)

Chi-Square Test of Model Fit

          Value                            468.506
          Degrees of Freedom                   142
          P-Value                           0.0000

RMSEA (Root Mean Square Error Of Approximation)

          Estimate                           0.052
          90 Percent C.I.                    0.046  0.057
          Probability RMSEA <= .05           0.299

CFI/TLI

          CFI                                0.935
          TLI                                0.921

Chi-Square Test of Model Fit for the Baseline Model

          Value                           5168.583
          Degrees of Freedom                   171
          P-Value                           0.0000

SRMR (Standardized Root Mean Square Residual)

          Value                              0.047



MODEL RESULTS

                                                    Two-Tailed
                    Estimate       S.E.  Est./S.E.    P-Value

 SEXISM   BY
    SX03Q6R            1.000      0.000    999.000    999.000
    SX04Q6R            1.061      0.100     10.640      0.000

 HOMOPH   BY
    HE01HQ6            1.000      0.000    999.000    999.000
    HE02HQ6R           1.000      0.088     11.336      0.000

 ANTISEM  BY
    AS01Q6R            1.000      0.000    999.000    999.000
    AS02Q6R            0.867      0.062     13.935      0.000

 FREMDENF BY
    FF04DQ6R           1.000      0.000    999.000    999.000
    FF08DQ6R           0.875      0.041     21.409      0.000

 RASS     BY
    RA01Q6R            1.000      0.000    999.000    999.000
    RA03Q6R            1.150      0.100     11.447      0.000

 OBDACHL  BY
    HE01OQ6R           1.000      0.000    999.000    999.000
    HE02OQ6R           0.702      0.074      9.452      0.000

 ISLAMPH  BY
    HE05MQ6R           1.000      0.000    999.000    999.000
    HE12MQ6R           1.052      0.052     20.159      0.000

 ETABL    BY
    EV03Q6R            1.000      0.000    999.000    999.000
    EV04Q6R            1.063      0.091     11.702      0.000

 WERTSCH  BY
    DY04Q6R            1.000      0.000    999.000    999.000
    DY02Q6R            1.018      0.064     15.812      0.000

 GMF      BY
    SEXISM             1.000      0.000    999.000    999.000
    HOMOPH             1.438      0.192      7.478      0.000
    ANTISEM            1.419      0.177      8.030      0.000
    FREMDENF           2.623      0.294      8.911      0.000
    RASS               1.239      0.160      7.734      0.000
    OBDACHL            1.513      0.198      7.626      0.000
    ISLAMPH            2.323      0.268      8.654      0.000
    ETABL              1.621      0.206      7.877      0.000

 GMF      ON
    WERTSCH           -0.266      0.034     -7.910      0.000

 GMF      ON
    KA03NQ4R          -0.033      0.014     -2.407      0.016

 WERTSCH  ON
    KA03NQ4R           0.241      0.036      6.626      0.000

 Intercepts
    SX03Q6R            2.027      0.044     46.326      0.000
    SX04Q6R            1.800      0.041     43.442      0.000
    HE01OQ6R           2.485      0.057     43.883      0.000
    HE02OQ6R           2.513      0.047     53.297      0.000
    HE01HQ6            2.133      0.057     37.577      0.000
    HE02HQ6R           2.210      0.056     39.182      0.000
    FF04DQ6R           2.940      0.079     37.056      0.000
    FF08DQ6R           2.413      0.070     34.427      0.000
    HE05MQ6R           2.514      0.073     34.417      0.000
    HE12MQ6R           2.419      0.074     32.905      0.000
    EV03Q6R            2.684      0.059     45.632      0.000
    EV04Q6R            2.395      0.061     39.537      0.000
    RA01Q6R            1.965      0.046     42.567      0.000
    RA03Q6R            1.697      0.048     35.656      0.000
    AS01Q6R            1.905      0.050     38.229      0.000
    AS02Q6R            1.679      0.044     38.094      0.000
    DY04Q6R            2.574      0.075     34.296      0.000
    DY02Q6R            2.555      0.075     34.049      0.000

 Residual Variances
    SX03Q6R            0.368      0.035     10.438      0.000
    SX04Q6R            0.157      0.035      4.480      0.000
    HE01OQ6R           0.356      0.060      5.936      0.000
    HE02OQ6R           0.544      0.039     14.081      0.000
    HE01HQ6            0.474      0.053      9.002      0.000
    HE02HQ6R           0.449      0.052      8.602      0.000
    FF04DQ6R           0.361      0.025     14.285      0.000
    FF08DQ6R           0.339      0.022     15.723      0.000
    HE05MQ6R           0.498      0.030     16.641      0.000
    HE12MQ6R           0.259      0.023     11.169      0.000
    EV03Q6R            0.604      0.042     14.535      0.000
    EV04Q6R            0.560      0.043     13.025      0.000
    RA01Q6R            0.456      0.026     17.271      0.000
    RA03Q6R            0.285      0.024     12.031      0.000
    AS01Q6R            0.257      0.027      9.383      0.000
    AS02Q6R            0.237      0.022     10.883      0.000
    DY04Q6R            0.286      0.027     10.568      0.000
    DY02Q6R            0.268      0.027      9.792      0.000
    SEXISM             0.271      0.032      8.398      0.000
    HOMOPH             0.422      0.051      8.319      0.000
    ANTISEM            0.231      0.026      8.721      0.000
    FREMDENF           0.020      0.020      1.041      0.298
    RASS               0.056      0.014      3.914      0.000
    OBDACHL            0.409      0.060      6.776      0.000
    ISLAMPH            0.072      0.019      3.911      0.000
    ETABL              0.166      0.030      5.557      0.000
    GMF                0.045      0.010      4.475      0.000
    WERTSCH            0.396      0.037     10.826      0.000


STANDARDIZED MODEL RESULTS


STDYX Standardization

                                                    Two-Tailed
                    Estimate       S.E.  Est./S.E.    P-Value

 SEXISM   BY
    SX03Q6R            0.698      0.035     19.875      0.000
    SX04Q6R            0.845      0.038     22.131      0.000

 HOMOPH   BY
    HE01HQ6            0.743      0.034     21.910      0.000
    HE02HQ6R           0.751      0.034     22.023      0.000

 ANTISEM  BY
    AS01Q6R            0.775      0.028     27.647      0.000
    AS02Q6R            0.743      0.028     26.317      0.000

 FREMDENF BY
    FF04DQ6R           0.778      0.019     41.730      0.000
    FF08DQ6R           0.745      0.020     38.045      0.000

 RASS     BY
    RA01Q6R            0.527      0.033     16.003      0.000
    RA03Q6R            0.670      0.034     19.942      0.000

 OBDACHL  BY
    HE01OQ6R           0.789      0.041     19.353      0.000
    HE02OQ6R           0.589      0.037     16.122      0.000

 ISLAMPH  BY
    HE05MQ6R           0.704      0.021     32.907      0.000
    HE12MQ6R           0.822      0.018     44.558      0.000

 ETABL    BY
    EV03Q6R            0.616      0.032     18.980      0.000
    EV04Q6R            0.654      0.033     20.027      0.000

 WERTSCH  BY
    DY04Q6R            0.773      0.025     30.660      0.000
    DY02Q6R            0.789      0.025     31.392      0.000

 GMF      BY
    SEXISM             0.471      0.036     13.081      0.000
    HOMOPH             0.524      0.035     15.023      0.000
    ANTISEM            0.635      0.031     20.610      0.000
    FREMDENF           0.981      0.018     55.315      0.000
    RASS               0.823      0.037     22.056      0.000
    OBDACHL            0.550      0.038     14.573      0.000
    ISLAMPH            0.923      0.019     48.241      0.000
    ETABL              0.742      0.035     21.152      0.000

 GMF      ON
    WERTSCH           -0.622      0.032    -19.716      0.000

 GMF      ON
    KA03NQ4R          -0.083      0.033     -2.484      0.013

 WERTSCH  ON
    KA03NQ4R           0.261      0.037      7.059      0.000

 Intercepts
    SX03Q6R            2.395      0.069     34.607      0.000
    SX04Q6R            2.427      0.071     34.125      0.000
    HE01OQ6R           2.561      0.074     34.441      0.000
    HE02OQ6R           2.754      0.076     36.388      0.000
    HE01HQ6            2.075      0.066     31.606      0.000
    HE02HQ6R           2.176      0.067     32.381      0.000
    FF04DQ6R           3.074      0.094     32.608      0.000
    FF08DQ6R           2.763      0.089     31.174      0.000
    HE05MQ6R           2.529      0.082     31.000      0.000
    HE12MQ6R           2.702      0.089     30.320      0.000
    EV03Q6R            2.721      0.077     35.222      0.000
    EV04Q6R            2.422      0.073     33.053      0.000
    RA01Q6R            2.474      0.073     33.971      0.000
    RA03Q6R            2.360      0.075     31.417      0.000
    AS01Q6R            2.375      0.073     32.485      0.000
    AS02Q6R            2.311      0.072     32.282      0.000
    DY04Q6R            3.052      0.131     23.374      0.000
    DY02Q6R            3.037      0.131     23.226      0.000

 Residual Variances
    SX03Q6R            0.513      0.049     10.474      0.000
    SX04Q6R            0.286      0.065      4.433      0.000
    HE01OQ6R           0.378      0.064      5.876      0.000
    HE02OQ6R           0.653      0.043     15.195      0.000
    HE01HQ6            0.449      0.050      8.915      0.000
    HE02HQ6R           0.436      0.051      8.499      0.000
    FF04DQ6R           0.395      0.029     13.635      0.000
    FF08DQ6R           0.445      0.029     15.234      0.000
    HE05MQ6R           0.504      0.030     16.709      0.000
    HE12MQ6R           0.324      0.030     10.655      0.000
    EV03Q6R            0.620      0.040     15.487      0.000
    EV04Q6R            0.573      0.043     13.419      0.000
    RA01Q6R            0.722      0.035     20.802      0.000
    RA03Q6R            0.551      0.045     12.253      0.000
    AS01Q6R            0.399      0.043      9.173      0.000
    AS02Q6R            0.449      0.042     10.705      0.000
    DY04Q6R            0.402      0.039     10.312      0.000
    DY02Q6R            0.378      0.040      9.540      0.000
    SEXISM             0.778      0.034     22.928      0.000
    HOMOPH             0.725      0.037     19.831      0.000
    ANTISEM            0.597      0.039     15.271      0.000
    FREMDENF           0.037      0.035      1.062      0.288
    RASS               0.322      0.061      5.243      0.000
    OBDACHL            0.698      0.042     16.807      0.000
    ISLAMPH            0.148      0.035      4.186      0.000
    ETABL              0.450      0.052      8.655      0.000
    GMF                0.579      0.037     15.691      0.000
    WERTSCH            0.932      0.019     48.356      0.000


R-SQUARE

    Observed                                        Two-Tailed
    Variable        Estimate       S.E.  Est./S.E.    P-Value

    SX03Q6R            0.487      0.049      9.938      0.000
    SX04Q6R            0.714      0.065     11.066      0.000
    HE01OQ6R           0.622      0.064      9.677      0.000
    HE02OQ6R           0.347      0.043      8.061      0.000
    HE01HQ6            0.551      0.050     10.955      0.000
    HE02HQ6R           0.564      0.051     11.011      0.000
    FF04DQ6R           0.605      0.029     20.865      0.000
    FF08DQ6R           0.555      0.029     19.023      0.000
    HE05MQ6R           0.496      0.030     16.454      0.000
    HE12MQ6R           0.676      0.030     22.279      0.000
    EV03Q6R            0.380      0.040      9.490      0.000
    EV04Q6R            0.427      0.043     10.014      0.000
    RA01Q6R            0.278      0.035      8.002      0.000
    RA03Q6R            0.449      0.045      9.971      0.000
    AS01Q6R            0.601      0.043     13.823      0.000
    AS02Q6R            0.551      0.042     13.159      0.000
    DY04Q6R            0.598      0.039     15.330      0.000
    DY02Q6R            0.622      0.040     15.696      0.000

     Latent                                         Two-Tailed
    Variable        Estimate       S.E.  Est./S.E.    P-Value

    SEXISM             0.222      0.034      6.541      0.000
    HOMOPH             0.275      0.037      7.511      0.000
    ANTISEM            0.403      0.039     10.305      0.000
    FREMDENF           0.963      0.035     27.657      0.000
    RASS               0.678      0.061     11.028      0.000
    OBDACHL            0.302      0.042      7.287      0.000
    ISLAMPH            0.852      0.035     24.121      0.000
    ETABL              0.550      0.052     10.576      0.000
    GMF                0.421      0.037     11.418      0.000
    WERTSCH            0.068      0.019      3.529      0.000


QUALITY OF NUMERICAL RESULTS

     Condition Number for the Information Matrix              0.427E-04
       (ratio of smallest to largest eigenvalue)


TOTAL, TOTAL INDIRECT, SPECIFIC INDIRECT, AND DIRECT EFFECTS


                                                    Two-Tailed
                    Estimate       S.E.  Est./S.E.    P-Value

Effects from KA03NQ4R to GMF

  Total               -0.097      0.017     -5.604      0.000
  Total indirect      -0.064      0.012     -5.239      0.000

  Specific indirect

    GMF
    WERTSCH
    KA03NQ4R          -0.064      0.012     -5.239      0.000

  Direct
    GMF
    KA03NQ4R          -0.033      0.014     -2.407      0.016



STANDARDIZED TOTAL, TOTAL INDIRECT, SPECIFIC INDIRECT, AND DIRECT EFFECTS


STDYX Standardization

                                                    Two-Tailed
                    Estimate       S.E.  Est./S.E.    P-Value

Effects from KA03NQ4R to GMF

  Total               -0.245      0.035     -7.074      0.000
  Total indirect      -0.162      0.025     -6.467      0.000

  Specific indirect

    GMF
    WERTSCH
    KA03NQ4R          -0.162      0.025     -6.467      0.000

  Direct
    GMF
    KA03NQ4R          -0.083      0.033     -2.484      0.013




DIAGRAM INFORMATION

  Use View Diagram under the Diagram menu in the Mplus Editor to view the diagram.
  If running Mplus from the Mplus Diagrammer, the diagram opens automatically.

  Diagram output
    e:\fertig\begleitmaterial\kapitel 3\sem_modelindirect_sobel.dgm

     Beginning Time:  08:45:41
        Ending Time:  08:45:43
       Elapsed Time:  00:00:02



MUTHEN & MUTHEN
3463 Stoner Ave.
Los Angeles, CA  90066

Tel: (310) 391-9971
Fax: (310) 391-8971
Web: www.StatModel.com
Support: Support@StatModel.com

Copyright (c) 1998-2015 Muthen & Muthen
