Mplus VERSION 7.4
MUTHEN & MUTHEN
09/16/2016   9:29 AM

INPUT INSTRUCTIONS


  TITLE:    Multiple Gruppenvergleiche - Modell Metrische Invarianz

  DATA:     FILE IS GMF05_Querschnitt_CFA.dat;

  VARIABLE: NAMES ARE qcp_ser he01hq4 sx03q4r sx04q4r he01oq4r
            he02oq4r he02hq4r ff04dq4r ff08dq4r ev03q4r ev04q4r
            ra01q4r ra03q4r as01q4r as02q4r he05mq4r he12mq4r
            ka05q4r zu01q4k;

            USEVARIABLES ARE he01hq4 sx03q4r sx04q4r he01oq4r
            he02oq4r he02hq4r ff04dq4r ff08dq4r ev03q4r ev04q4r
            ra01q4r ra03q4r as01q4r as02q4r he05mq4r he12mq4r;

            MISSING ARE he01oq4r he02oq4r (99);

            USEOBSERVATIONS = zu01q4k EQ 2 OR zu01q4k EQ 3;

            GROUPING IS zu01q4k (2=mittel 3=hoch);

  MODEL:    sexism BY sx03q4r* sx04q4r;
            sexism@1;
            homoph BY he01hq4* he02hq4r;
            homoph@1;
            antisem BY as01q4r* as02q4r;
            antisem@1;
            fremdenf BY ff04dq4r* ff08dq4r;
            fremdenf@1;
            rass BY ra01q4r* ra03q4r;
            rass@1;
            obdachl BY he01oq4r* he02oq4r;
            obdachl@1;
            islamph BY he05mq4r* he12mq4r;
            islamph@1;
            etabl BY ev03q4r* ev04q4r;
            etabl@1;

   HOMOPH   WITH
      SEXISM  (1);

   ANTISEM  WITH
      SEXISM  (2)
      HOMOPH  (3);

   FREMDENF WITH
      SEXISM  (4)
      HOMOPH  (5)
      ANTISEM (6);

   RASS     WITH
      SEXISM  (7)
      HOMOPH  (8)
      ANTISEM (9)
      FREMDENF(10);

   OBDACHL  WITH
      SEXISM  (11)
      HOMOPH  (12)
      ANTISEM (13)
      FREMDENF(14)
      RASS    (15);

   ISLAMPH  WITH
      SEXISM  (16)
      HOMOPH  (17)
      ANTISEM (18)
      FREMDENF(19)
      RASS    (20)
      OBDACHL (21);

   ETABL    WITH
      SEXISM  (22)
      HOMOPH  (23)
      ANTISEM (24)
      FREMDENF(25)
      RASS    (26)
      OBDACHL (27)
      ISLAMPH (28);

            MODEL hoch:

            fremdenf BY ff04dq4r;
            [he01hq4];
            sexism-etabl*;

  OUTPUT:   MODINDICES;




INPUT READING TERMINATED NORMALLY



Multiple Gruppenvergleiche - Modell Metrische Invarianz

SUMMARY OF ANALYSIS

Number of groups                                                 2
Number of observations
   Group MITTEL                                                607
   Group HOCH                                                  777
   Total sample size                                          1384

Number of dependent variables                                   16
Number of independent variables                                  0
Number of continuous latent variables                            8

Observed dependent variables

  Continuous
   HE01HQ4     SX03Q4R     SX04Q4R     HE01OQ4R    HE02OQ4R    HE02HQ4R
   FF04DQ4R    FF08DQ4R    EV03Q4R     EV04Q4R     RA01Q4R     RA03Q4R
   AS01Q4R     AS02Q4R     HE05MQ4R    HE12MQ4R

Continuous latent variables
   SEXISM      HOMOPH      ANTISEM     FREMDENF    RASS        OBDACHL
   ISLAMPH     ETABL

Variables with special functions

  Grouping variable     ZU01Q4K

Estimator                                                       ML
Information matrix                                        OBSERVED
Maximum number of iterations                                  1000
Convergence criterion                                    0.500D-04
Maximum number of steepest descent iterations                   20
Maximum number of iterations for H1                           2000
Convergence criterion for H1                             0.100D-03

Input data file(s)
  GMF05_Querschnitt_CFA.dat

Input data format  FREE


SUMMARY OF DATA

   Group MITTEL
     Number of missing data patterns             1

   Group HOCH
     Number of missing data patterns             2


COVARIANCE COVERAGE OF DATA

Minimum covariance coverage value   0.100


     PROPORTION OF DATA PRESENT FOR MITTEL


           Covariance Coverage
              HE01HQ4       SX03Q4R       SX04Q4R       HE01OQ4R      HE02OQ4R
              ________      ________      ________      ________      ________
 HE01HQ4        1.000
 SX03Q4R        1.000         1.000
 SX04Q4R        1.000         1.000         1.000
 HE01OQ4R       1.000         1.000         1.000         1.000
 HE02OQ4R       1.000         1.000         1.000         1.000         1.000
 HE02HQ4R       1.000         1.000         1.000         1.000         1.000
 FF04DQ4R       1.000         1.000         1.000         1.000         1.000
 FF08DQ4R       1.000         1.000         1.000         1.000         1.000
 EV03Q4R        1.000         1.000         1.000         1.000         1.000
 EV04Q4R        1.000         1.000         1.000         1.000         1.000
 RA01Q4R        1.000         1.000         1.000         1.000         1.000
 RA03Q4R        1.000         1.000         1.000         1.000         1.000
 AS01Q4R        1.000         1.000         1.000         1.000         1.000
 AS02Q4R        1.000         1.000         1.000         1.000         1.000
 HE05MQ4R       1.000         1.000         1.000         1.000         1.000
 HE12MQ4R       1.000         1.000         1.000         1.000         1.000


           Covariance Coverage
              HE02HQ4R      FF04DQ4R      FF08DQ4R      EV03Q4R       EV04Q4R
              ________      ________      ________      ________      ________
 HE02HQ4R       1.000
 FF04DQ4R       1.000         1.000
 FF08DQ4R       1.000         1.000         1.000
 EV03Q4R        1.000         1.000         1.000         1.000
 EV04Q4R        1.000         1.000         1.000         1.000         1.000
 RA01Q4R        1.000         1.000         1.000         1.000         1.000
 RA03Q4R        1.000         1.000         1.000         1.000         1.000
 AS01Q4R        1.000         1.000         1.000         1.000         1.000
 AS02Q4R        1.000         1.000         1.000         1.000         1.000
 HE05MQ4R       1.000         1.000         1.000         1.000         1.000
 HE12MQ4R       1.000         1.000         1.000         1.000         1.000


           Covariance Coverage
              RA01Q4R       RA03Q4R       AS01Q4R       AS02Q4R       HE05MQ4R
              ________      ________      ________      ________      ________
 RA01Q4R        1.000
 RA03Q4R        1.000         1.000
 AS01Q4R        1.000         1.000         1.000
 AS02Q4R        1.000         1.000         1.000         1.000
 HE05MQ4R       1.000         1.000         1.000         1.000         1.000
 HE12MQ4R       1.000         1.000         1.000         1.000         1.000


           Covariance Coverage
              HE12MQ4R
              ________
 HE12MQ4R       1.000


     PROPORTION OF DATA PRESENT FOR HOCH


           Covariance Coverage
              HE01HQ4       SX03Q4R       SX04Q4R       HE01OQ4R      HE02OQ4R
              ________      ________      ________      ________      ________
 HE01HQ4        1.000
 SX03Q4R        1.000         1.000
 SX04Q4R        1.000         1.000         1.000
 HE01OQ4R       0.999         0.999         0.999         0.999
 HE02OQ4R       0.999         0.999         0.999         0.999         0.999
 HE02HQ4R       1.000         1.000         1.000         0.999         0.999
 FF04DQ4R       1.000         1.000         1.000         0.999         0.999
 FF08DQ4R       1.000         1.000         1.000         0.999         0.999
 EV03Q4R        1.000         1.000         1.000         0.999         0.999
 EV04Q4R        1.000         1.000         1.000         0.999         0.999
 RA01Q4R        1.000         1.000         1.000         0.999         0.999
 RA03Q4R        1.000         1.000         1.000         0.999         0.999
 AS01Q4R        1.000         1.000         1.000         0.999         0.999
 AS02Q4R        1.000         1.000         1.000         0.999         0.999
 HE05MQ4R       1.000         1.000         1.000         0.999         0.999
 HE12MQ4R       1.000         1.000         1.000         0.999         0.999


           Covariance Coverage
              HE02HQ4R      FF04DQ4R      FF08DQ4R      EV03Q4R       EV04Q4R
              ________      ________      ________      ________      ________
 HE02HQ4R       1.000
 FF04DQ4R       1.000         1.000
 FF08DQ4R       1.000         1.000         1.000
 EV03Q4R        1.000         1.000         1.000         1.000
 EV04Q4R        1.000         1.000         1.000         1.000         1.000
 RA01Q4R        1.000         1.000         1.000         1.000         1.000
 RA03Q4R        1.000         1.000         1.000         1.000         1.000
 AS01Q4R        1.000         1.000         1.000         1.000         1.000
 AS02Q4R        1.000         1.000         1.000         1.000         1.000
 HE05MQ4R       1.000         1.000         1.000         1.000         1.000
 HE12MQ4R       1.000         1.000         1.000         1.000         1.000


           Covariance Coverage
              RA01Q4R       RA03Q4R       AS01Q4R       AS02Q4R       HE05MQ4R
              ________      ________      ________      ________      ________
 RA01Q4R        1.000
 RA03Q4R        1.000         1.000
 AS01Q4R        1.000         1.000         1.000
 AS02Q4R        1.000         1.000         1.000         1.000
 HE05MQ4R       1.000         1.000         1.000         1.000         1.000
 HE12MQ4R       1.000         1.000         1.000         1.000         1.000


           Covariance Coverage
              HE12MQ4R
              ________
 HE12MQ4R       1.000



THE MODEL ESTIMATION TERMINATED NORMALLY



MODEL FIT INFORMATION

Number of Free Parameters                      110

Loglikelihood

          H0 Value                      -24597.115
          H1 Value                      -24401.411

Information Criteria

          Akaike (AIC)                   49414.230
          Bayesian (BIC)                 49989.831
          Sample-Size Adjusted BIC       49640.404
            (n* = (n + 2) / 24)

Chi-Square Test of Model Fit

          Value                            391.407
          Degrees of Freedom                   194
          P-Value                           0.0000

Chi-Square Contribution From Each Group

          MITTEL                           211.250
          HOCH                             180.158

RMSEA (Root Mean Square Error Of Approximation)

          Estimate                           0.038
          90 Percent C.I.                    0.033  0.044
          Probability RMSEA <= .05           1.000

CFI/TLI

          CFI                                0.968
          TLI                                0.961

Chi-Square Test of Model Fit for the Baseline Model

          Value                           6460.956
          Degrees of Freedom                   240
          P-Value                           0.0000

SRMR (Standardized Root Mean Square Residual)

          Value                              0.041



MODEL RESULTS

                                                    Two-Tailed
                    Estimate       S.E.  Est./S.E.    P-Value

Group MITTEL

 SEXISM   BY
    SX03Q4R            0.662      0.029     23.055      0.000
    SX04Q4R            0.613      0.026     23.391      0.000

 HOMOPH   BY
    HE01HQ4            0.753      0.041     18.356      0.000
    HE02HQ4R           0.804      0.041     19.577      0.000

 ANTISEM  BY
    AS01Q4R            0.699      0.031     22.908      0.000
    AS02Q4R            0.535      0.023     22.836      0.000

 FREMDENF BY
    FF04DQ4R           0.657      0.033     19.706      0.000
    FF08DQ4R           0.681      0.027     24.886      0.000

 RASS     BY
    RA01Q4R            0.412      0.032     12.888      0.000
    RA03Q4R            0.377      0.029     12.884      0.000

 OBDACHL  BY
    HE01OQ4R           0.798      0.042     18.861      0.000
    HE02OQ4R           0.556      0.034     16.297      0.000

 ISLAMPH  BY
    HE05MQ4R           0.615      0.029     21.308      0.000
    HE12MQ4R           0.612      0.027     22.341      0.000

 ETABL    BY
    EV03Q4R            0.439      0.032     13.531      0.000
    EV04Q4R            0.685      0.045     15.056      0.000

 HOMOPH   WITH
    SEXISM             0.502      0.035     14.256      0.000

 ANTISEM  WITH
    SEXISM             0.337      0.030     11.080      0.000
    HOMOPH             0.336      0.032     10.541      0.000

 FREMDENF WITH
    SEXISM             0.336      0.030     11.115      0.000
    HOMOPH             0.364      0.034     10.806      0.000
    ANTISEM            0.467      0.032     14.575      0.000

 RASS     WITH
    SEXISM             0.454      0.047      9.583      0.000
    HOMOPH             0.384      0.046      8.276      0.000
    ANTISEM            0.456      0.048      9.584      0.000
    FREMDENF           0.604      0.051     11.744      0.000

 OBDACHL  WITH
    SEXISM             0.214      0.031      6.851      0.000
    HOMOPH             0.308      0.036      8.567      0.000
    ANTISEM            0.310      0.032      9.734      0.000
    FREMDENF           0.457      0.035     13.162      0.000
    RASS               0.390      0.048      8.112      0.000

 ISLAMPH  WITH
    SEXISM             0.400      0.035     11.574      0.000
    HOMOPH             0.434      0.038     11.552      0.000
    ANTISEM            0.505      0.035     14.578      0.000
    FREMDENF           0.890      0.040     22.094      0.000
    RASS               0.640      0.056     11.414      0.000
    OBDACHL            0.443      0.037     11.963      0.000

 ETABL    WITH
    SEXISM             0.350      0.041      8.580      0.000
    HOMOPH             0.253      0.041      6.198      0.000
    ANTISEM            0.442      0.042     10.562      0.000
    FREMDENF           0.621      0.045     13.739      0.000
    RASS               0.732      0.070     10.421      0.000
    OBDACHL            0.348      0.041      8.406      0.000
    ISLAMPH            0.618      0.048     12.813      0.000

 Means
    SEXISM             0.000      0.000    999.000    999.000
    HOMOPH             0.000      0.000    999.000    999.000
    ANTISEM            0.000      0.000    999.000    999.000
    FREMDENF           0.000      0.000    999.000    999.000
    RASS               0.000      0.000    999.000    999.000
    OBDACHL            0.000      0.000    999.000    999.000
    ISLAMPH            0.000      0.000    999.000    999.000
    ETABL              0.000      0.000    999.000    999.000

 Intercepts
    HE01HQ4            2.009      0.046     43.921      0.000
    SX03Q4R            1.956      0.033     60.069      0.000
    SX04Q4R            1.740      0.030     57.569      0.000
    HE01OQ4R           2.361      0.038     61.889      0.000
    HE02OQ4R           2.387      0.032     75.721      0.000
    HE02HQ4R           2.155      0.044     48.535      0.000
    FF04DQ4R           2.948      0.036     83.001      0.000
    FF08DQ4R           2.373      0.033     70.857      0.000
    EV03Q4R            2.960      0.032     93.140      0.000
    EV04Q4R            2.212      0.039     56.965      0.000
    RA01Q4R            1.878      0.029     65.451      0.000
    RA03Q4R            1.544      0.027     58.209      0.000
    AS01Q4R            1.930      0.034     57.518      0.000
    AS02Q4R            1.612      0.028     57.083      0.000
    HE05MQ4R           2.259      0.035     64.107      0.000
    HE12MQ4R           2.174      0.034     64.824      0.000

 Variances
    SEXISM             1.000      0.000    999.000    999.000
    HOMOPH             1.000      0.000    999.000    999.000
    ANTISEM            1.000      0.000    999.000    999.000
    FREMDENF           1.000      0.000    999.000    999.000
    RASS               1.000      0.000    999.000    999.000
    OBDACHL            1.000      0.000    999.000    999.000
    ISLAMPH            1.000      0.000    999.000    999.000
    ETABL              1.000      0.000    999.000    999.000

 Residual Variances
    HE01HQ4            0.704      0.060     11.698      0.000
    SX03Q4R            0.288      0.031      9.180      0.000
    SX04Q4R            0.247      0.027      9.037      0.000
    HE01OQ4R           0.266      0.058      4.593      0.000
    HE02OQ4R           0.535      0.042     12.890      0.000
    HE02HQ4R           0.552      0.060      9.128      0.000
    FF04DQ4R           0.368      0.031     11.748      0.000
    FF08DQ4R           0.372      0.034     11.004      0.000
    EV03Q4R            0.671      0.044     15.303      0.000
    EV04Q4R            0.515      0.061      8.387      0.000
    RA01Q4R            0.460      0.035     13.267      0.000
    RA03Q4R            0.382      0.029     12.975      0.000
    AS01Q4R            0.244      0.035      6.931      0.000
    AS02Q4R            0.283      0.025     11.338      0.000
    HE05MQ4R           0.550      0.040     13.632      0.000
    HE12MQ4R           0.414      0.034     12.017      0.000

Group HOCH

 SEXISM   BY
    SX03Q4R            0.662      0.029     23.055      0.000
    SX04Q4R            0.613      0.026     23.391      0.000

 HOMOPH   BY
    HE01HQ4            0.753      0.041     18.356      0.000
    HE02HQ4R           0.804      0.041     19.577      0.000

 ANTISEM  BY
    AS01Q4R            0.699      0.031     22.908      0.000
    AS02Q4R            0.535      0.023     22.836      0.000

 FREMDENF BY
    FF04DQ4R           0.828      0.039     21.461      0.000
    FF08DQ4R           0.681      0.027     24.886      0.000

 RASS     BY
    RA01Q4R            0.412      0.032     12.888      0.000
    RA03Q4R            0.377      0.029     12.884      0.000

 OBDACHL  BY
    HE01OQ4R           0.798      0.042     18.861      0.000
    HE02OQ4R           0.556      0.034     16.297      0.000

 ISLAMPH  BY
    HE05MQ4R           0.615      0.029     21.308      0.000
    HE12MQ4R           0.612      0.027     22.341      0.000

 ETABL    BY
    EV03Q4R            0.439      0.032     13.531      0.000
    EV04Q4R            0.685      0.045     15.056      0.000

 HOMOPH   WITH
    SEXISM             0.502      0.035     14.256      0.000

 ANTISEM  WITH
    SEXISM             0.337      0.030     11.080      0.000
    HOMOPH             0.336      0.032     10.541      0.000

 FREMDENF WITH
    SEXISM             0.336      0.030     11.115      0.000
    HOMOPH             0.364      0.034     10.806      0.000
    ANTISEM            0.467      0.032     14.575      0.000

 RASS     WITH
    SEXISM             0.454      0.047      9.583      0.000
    HOMOPH             0.384      0.046      8.276      0.000
    ANTISEM            0.456      0.048      9.584      0.000
    FREMDENF           0.604      0.051     11.744      0.000

 OBDACHL  WITH
    SEXISM             0.214      0.031      6.851      0.000
    HOMOPH             0.308      0.036      8.567      0.000
    ANTISEM            0.310      0.032      9.734      0.000
    FREMDENF           0.457      0.035     13.162      0.000
    RASS               0.390      0.048      8.112      0.000

 ISLAMPH  WITH
    SEXISM             0.400      0.035     11.574      0.000
    HOMOPH             0.434      0.038     11.552      0.000
    ANTISEM            0.505      0.035     14.578      0.000
    FREMDENF           0.890      0.040     22.094      0.000
    RASS               0.640      0.056     11.414      0.000
    OBDACHL            0.443      0.037     11.963      0.000

 ETABL    WITH
    SEXISM             0.350      0.041      8.580      0.000
    HOMOPH             0.253      0.041      6.198      0.000
    ANTISEM            0.442      0.042     10.562      0.000
    FREMDENF           0.621      0.045     13.739      0.000
    RASS               0.732      0.070     10.421      0.000
    OBDACHL            0.348      0.041      8.406      0.000
    ISLAMPH            0.618      0.048     12.813      0.000

 Means
    SEXISM            -0.413      0.061     -6.787      0.000
    HOMOPH            -0.477      0.073     -6.535      0.000
    ANTISEM           -0.509      0.062     -8.260      0.000
    FREMDENF          -0.780      0.065    -11.935      0.000
    RASS              -0.709      0.092     -7.697      0.000
    OBDACHL           -0.313      0.062     -5.080      0.000
    ISLAMPH           -0.689      0.073     -9.475      0.000
    ETABL             -0.574      0.080     -7.201      0.000

 Intercepts
    HE01HQ4            2.227      0.058     38.629      0.000
    SX03Q4R            1.956      0.033     60.069      0.000
    SX04Q4R            1.740      0.030     57.569      0.000
    HE01OQ4R           2.361      0.038     61.889      0.000
    HE02OQ4R           2.387      0.032     75.721      0.000
    HE02HQ4R           2.155      0.044     48.535      0.000
    FF04DQ4R           2.948      0.036     83.001      0.000
    FF08DQ4R           2.373      0.033     70.857      0.000
    EV03Q4R            2.960      0.032     93.140      0.000
    EV04Q4R            2.212      0.039     56.965      0.000
    RA01Q4R            1.878      0.029     65.451      0.000
    RA03Q4R            1.544      0.027     58.209      0.000
    AS01Q4R            1.930      0.034     57.518      0.000
    AS02Q4R            1.612      0.028     57.083      0.000
    HE05MQ4R           2.259      0.035     64.107      0.000
    HE12MQ4R           2.174      0.034     64.824      0.000

 Variances
    SEXISM             0.782      0.065     12.011      0.000
    HOMOPH             0.890      0.085     10.418      0.000
    ANTISEM            0.666      0.059     11.347      0.000
    FREMDENF           0.863      0.061     14.078      0.000
    RASS               0.850      0.137      6.221      0.000
    OBDACHL            0.902      0.091      9.917      0.000
    ISLAMPH            1.001      0.081     12.342      0.000
    ETABL              0.928      0.129      7.195      0.000

 Residual Variances
    HE01HQ4            0.594      0.044     13.570      0.000
    SX03Q4R            0.237      0.021     11.229      0.000
    SX04Q4R            0.153      0.016      9.286      0.000
    HE01OQ4R           0.167      0.047      3.559      0.000
    HE02OQ4R           0.491      0.033     14.811      0.000
    HE02HQ4R           0.268      0.038      7.034      0.000
    FF04DQ4R           0.286      0.024     11.960      0.000
    FF08DQ4R           0.314      0.020     15.525      0.000
    EV03Q4R            0.607      0.035     17.254      0.000
    EV04Q4R            0.401      0.044      9.115      0.000
    RA01Q4R            0.352      0.022     15.881      0.000
    RA03Q4R            0.207      0.015     13.800      0.000
    AS01Q4R            0.253      0.022     11.743      0.000
    AS02Q4R            0.157      0.013     12.140      0.000
    HE05MQ4R           0.427      0.027     16.026      0.000
    HE12MQ4R           0.255      0.020     12.755      0.000


QUALITY OF NUMERICAL RESULTS

     Condition Number for the Information Matrix              0.329E-02
       (ratio of smallest to largest eigenvalue)


MODEL MODIFICATION INDICES

NOTE:  Modification indices for direct effects of observed dependent variables
regressed on covariates may not be included.  To include these, request
MODINDICES (ALL).

Minimum M.I. value for printing the modification index    10.000

                                   M.I.     E.P.C.  Std E.P.C.  StdYX E.P.C.
Group MITTEL


BY Statements

ANTISEM  BY RA03Q4R               14.075     0.127      0.127        0.175
RASS     BY FF04DQ4R              14.838    -0.285     -0.285       -0.319

WITH Statements

AS02Q4R  WITH RA03Q4R             12.284     0.058      0.058        0.176
HE05MQ4R WITH FF04DQ4R            20.005     0.116      0.116        0.258
HE05MQ4R WITH RA03Q4R             11.482    -0.075     -0.075       -0.164
HE12MQ4R WITH FF08DQ4R            13.018     0.086      0.086        0.218
FREMDENF WITH SEXISM              12.738    -0.114     -0.114       -0.114
ISLAMPH  WITH FREMDENF            20.126     0.058      0.058        0.058

Group HOCH


BY Statements

FREMDENF BY EV03Q4R               11.979     0.162      0.150        0.169
ISLAMPH  BY HE01OQ4R              10.101     0.135      0.135        0.157

WITH Statements

SX03Q4R  WITH HE01HQ4             24.719     0.093      0.093        0.248
SX04Q4R  WITH HE01HQ4             11.243    -0.055     -0.055       -0.183
RA01Q4R  WITH EV04Q4R             10.342     0.064      0.064        0.170
FREMDENF WITH SEXISM              12.739     0.043      0.052        0.052
ISLAMPH  WITH FREMDENF            20.129    -0.214     -0.231       -0.231



DIAGRAM INFORMATION

  Use View Diagram under the Diagram menu in the Mplus Editor to view the diagram.
  If running Mplus from the Mplus Diagrammer, the diagram opens automatically.

  Diagram output
    e:\fertig\begleitmaterial\kapitel 4\mg_cov_comp.dgm

     Beginning Time:  09:29:58
        Ending Time:  09:30:01
       Elapsed Time:  00:00:03



MUTHEN & MUTHEN
3463 Stoner Ave.
Los Angeles, CA  90066

Tel: (310) 391-9971
Fax: (310) 391-8971
Web: www.StatModel.com
Support: Support@StatModel.com

Copyright (c) 1998-2015 Muthen & Muthen
