Mplus VERSION 7.4
MUTHEN & MUTHEN
09/16/2016   9:22 AM

INPUT INSTRUCTIONS


  TITLE:    Fit des Messmodells
            Befragte mit mittlerem Bildungsniveau

  DATA:     FILE IS GMF05_Querschnitt_CFA.dat;

  VARIABLE: NAMES ARE qcp_ser he01hq4 sx03q4r sx04q4r he01oq4r
            he02oq4r he02hq4r ff04dq4r ff08dq4r ev03q4r ev04q4r
            ra01q4r ra03q4r as01q4r as02q4r he05mq4r he12mq4r
            ka05q4r zu01q4k;

            USEVARIABLES ARE he01hq4 sx03q4r sx04q4r he01oq4r
            he02oq4r he02hq4r ff04dq4r ff08dq4r ev03q4r ev04q4r
            ra01q4r ra03q4r as01q4r as02q4r he05mq4r he12mq4r;

            MISSING ARE he01oq4r he02oq4r (99);

            USEOBSERVATIONS = zu01q4k EQ 2; ! Auswahl der Befragten mit
                                            ! mittlerem Bildungsniveau

  MODEL:    sexism BY sx03q4r* sx04q4r;     ! Ladung des ersten Indikators wird
                                            ! frei geschätzt (Überschreibung der
                                            ! Voreinstellung in Mplus)
            sexism@1;                       ! Entsprechend muss die Varianz der
                                            ! latenten Variablen auf 1 fixiert werden

            homoph BY he01hq4* he02hq4r;
            homoph@1;
            antisem BY as01q4r* as02q4r;
            antisem@1;
            fremdenf BY ff04dq4r* ff08dq4r;
            fremdenf@1;
            rass BY ra01q4r* ra03q4r;
            rass@1;
            obdachl BY he01oq4r* he02oq4r;
            obdachl@1;
            islamph BY he05mq4r* he12mq4r;
            islamph@1;
            etabl BY ev03q4r* ev04q4r;
            etabl@1;



INPUT READING TERMINATED NORMALLY



Fit des Messmodells
Befragte mit mittlerem Bildungsniveau

SUMMARY OF ANALYSIS

Number of groups                                                 1
Number of observations                                         607

Number of dependent variables                                   16
Number of independent variables                                  0
Number of continuous latent variables                            8

Observed dependent variables

  Continuous
   HE01HQ4     SX03Q4R     SX04Q4R     HE01OQ4R    HE02OQ4R    HE02HQ4R
   FF04DQ4R    FF08DQ4R    EV03Q4R     EV04Q4R     RA01Q4R     RA03Q4R
   AS01Q4R     AS02Q4R     HE05MQ4R    HE12MQ4R

Continuous latent variables
   SEXISM      HOMOPH      ANTISEM     FREMDENF    RASS        OBDACHL
   ISLAMPH     ETABL


Estimator                                                       ML
Information matrix                                        OBSERVED
Maximum number of iterations                                  1000
Convergence criterion                                    0.500D-04
Maximum number of steepest descent iterations                   20
Maximum number of iterations for H1                           2000
Convergence criterion for H1                             0.100D-03

Input data file(s)
  GMF05_Querschnitt_CFA.dat

Input data format  FREE


SUMMARY OF DATA

     Number of missing data patterns             1


COVARIANCE COVERAGE OF DATA

Minimum covariance coverage value   0.100


     PROPORTION OF DATA PRESENT


           Covariance Coverage
              HE01HQ4       SX03Q4R       SX04Q4R       HE01OQ4R      HE02OQ4R
              ________      ________      ________      ________      ________
 HE01HQ4        1.000
 SX03Q4R        1.000         1.000
 SX04Q4R        1.000         1.000         1.000
 HE01OQ4R       1.000         1.000         1.000         1.000
 HE02OQ4R       1.000         1.000         1.000         1.000         1.000
 HE02HQ4R       1.000         1.000         1.000         1.000         1.000
 FF04DQ4R       1.000         1.000         1.000         1.000         1.000
 FF08DQ4R       1.000         1.000         1.000         1.000         1.000
 EV03Q4R        1.000         1.000         1.000         1.000         1.000
 EV04Q4R        1.000         1.000         1.000         1.000         1.000
 RA01Q4R        1.000         1.000         1.000         1.000         1.000
 RA03Q4R        1.000         1.000         1.000         1.000         1.000
 AS01Q4R        1.000         1.000         1.000         1.000         1.000
 AS02Q4R        1.000         1.000         1.000         1.000         1.000
 HE05MQ4R       1.000         1.000         1.000         1.000         1.000
 HE12MQ4R       1.000         1.000         1.000         1.000         1.000


           Covariance Coverage
              HE02HQ4R      FF04DQ4R      FF08DQ4R      EV03Q4R       EV04Q4R
              ________      ________      ________      ________      ________
 HE02HQ4R       1.000
 FF04DQ4R       1.000         1.000
 FF08DQ4R       1.000         1.000         1.000
 EV03Q4R        1.000         1.000         1.000         1.000
 EV04Q4R        1.000         1.000         1.000         1.000         1.000
 RA01Q4R        1.000         1.000         1.000         1.000         1.000
 RA03Q4R        1.000         1.000         1.000         1.000         1.000
 AS01Q4R        1.000         1.000         1.000         1.000         1.000
 AS02Q4R        1.000         1.000         1.000         1.000         1.000
 HE05MQ4R       1.000         1.000         1.000         1.000         1.000
 HE12MQ4R       1.000         1.000         1.000         1.000         1.000


           Covariance Coverage
              RA01Q4R       RA03Q4R       AS01Q4R       AS02Q4R       HE05MQ4R
              ________      ________      ________      ________      ________
 RA01Q4R        1.000
 RA03Q4R        1.000         1.000
 AS01Q4R        1.000         1.000         1.000
 AS02Q4R        1.000         1.000         1.000         1.000
 HE05MQ4R       1.000         1.000         1.000         1.000         1.000
 HE12MQ4R       1.000         1.000         1.000         1.000         1.000


           Covariance Coverage
              HE12MQ4R
              ________
 HE12MQ4R       1.000



THE MODEL ESTIMATION TERMINATED NORMALLY



MODEL FIT INFORMATION

Number of Free Parameters                       76

Loglikelihood

          H0 Value                      -11606.773
          H1 Value                      -11531.575

Information Criteria

          Akaike (AIC)                   23365.546
          Bayesian (BIC)                 23700.594
          Sample-Size Adjusted BIC       23459.312
            (n* = (n + 2) / 24)

Chi-Square Test of Model Fit

          Value                            150.396
          Degrees of Freedom                    76
          P-Value                           0.0000

RMSEA (Root Mean Square Error Of Approximation)

          Estimate                           0.040
          90 Percent C.I.                    0.031  0.050
          Probability RMSEA <= .05           0.958

CFI/TLI

          CFI                                0.970
          TLI                                0.953

Chi-Square Test of Model Fit for the Baseline Model

          Value                           2616.853
          Degrees of Freedom                   120
          P-Value                           0.0000

SRMR (Standardized Root Mean Square Residual)

          Value                              0.026



MODEL RESULTS

                                                    Two-Tailed
                    Estimate       S.E.  Est./S.E.    P-Value

 SEXISM   BY
    SX03Q4R            0.644      0.039     16.518      0.000
    SX04Q4R            0.639      0.037     17.285      0.000

 HOMOPH   BY
    HE01HQ4            0.709      0.058     12.200      0.000
    HE02HQ4R           0.811      0.061     13.335      0.000

 ANTISEM  BY
    AS01Q4R            0.756      0.042     18.226      0.000
    AS02Q4R            0.536      0.034     15.574      0.000

 FREMDENF BY
    FF04DQ4R           0.673      0.035     18.983      0.000
    FF08DQ4R           0.750      0.037     20.304      0.000

 RASS     BY
    RA01Q4R            0.409      0.039     10.526      0.000
    RA03Q4R            0.444      0.038     11.619      0.000

 OBDACHL  BY
    HE01OQ4R           0.722      0.054     13.352      0.000
    HE02OQ4R           0.610      0.050     12.298      0.000

 ISLAMPH  BY
    HE05MQ4R           0.636      0.040     15.722      0.000
    HE12MQ4R           0.663      0.038     17.387      0.000

 ETABL    BY
    EV03Q4R            0.390      0.044      8.892      0.000
    EV04Q4R            0.778      0.062     12.511      0.000

 HOMOPH   WITH
    SEXISM             0.492      0.051      9.647      0.000

 ANTISEM  WITH
    SEXISM             0.378      0.048      7.894      0.000
    HOMOPH             0.297      0.054      5.529      0.000

 FREMDENF WITH
    SEXISM             0.212      0.053      4.026      0.000
    HOMOPH             0.308      0.055      5.609      0.000
    ANTISEM            0.532      0.043     12.234      0.000

 RASS     WITH
    SEXISM             0.502      0.063      8.015      0.000
    HOMOPH             0.284      0.071      3.989      0.000
    ANTISEM            0.561      0.066      8.515      0.000
    FREMDENF           0.590      0.062      9.550      0.000

 OBDACHL  WITH
    SEXISM             0.164      0.055      2.977      0.003
    HOMOPH             0.292      0.059      4.987      0.000
    ANTISEM            0.302      0.053      5.654      0.000
    FREMDENF           0.439      0.050      8.701      0.000
    RASS               0.465      0.067      6.908      0.000

 ISLAMPH  WITH
    SEXISM             0.342      0.054      6.327      0.000
    HOMOPH             0.361      0.058      6.224      0.000
    ANTISEM            0.496      0.050      9.853      0.000
    FREMDENF           0.939      0.035     26.800      0.000
    RASS               0.596      0.067      8.898      0.000
    OBDACHL            0.414      0.055      7.498      0.000

 ETABL    WITH
    SEXISM             0.334      0.061      5.458      0.000
    HOMOPH             0.172      0.063      2.719      0.007
    ANTISEM            0.502      0.058      8.640      0.000
    FREMDENF           0.566      0.056     10.155      0.000
    RASS               0.788      0.075     10.568      0.000
    OBDACHL            0.306      0.061      4.985      0.000
    ISLAMPH            0.579      0.059      9.838      0.000

 Intercepts
    HE01HQ4            2.009      0.045     44.571      0.000
    SX03Q4R            1.952      0.035     56.523      0.000
    SX04Q4R            1.745      0.032     53.953      0.000
    HE01OQ4R           2.371      0.038     62.403      0.000
    HE02OQ4R           2.361      0.037     63.051      0.000
    HE02HQ4R           2.156      0.044     48.998      0.000
    FF04DQ4R           2.943      0.037     79.357      0.000
    FF08DQ4R           2.383      0.039     61.333      0.000
    EV03Q4R            2.982      0.037     80.141      0.000
    EV04Q4R            2.203      0.042     53.039      0.000
    RA01Q4R            1.865      0.033     57.338      0.000
    RA03Q4R            1.557      0.030     51.139      0.000
    AS01Q4R            1.915      0.036     53.326      0.000
    AS02Q4R            1.637      0.031     52.683      0.000
    HE05MQ4R           2.274      0.040     57.188      0.000
    HE12MQ4R           2.165      0.037     57.999      0.000

 Variances
    SEXISM             1.000      0.000    999.000    999.000
    HOMOPH             1.000      0.000    999.000    999.000
    ANTISEM            1.000      0.000    999.000    999.000
    FREMDENF           1.000      0.000    999.000    999.000
    RASS               1.000      0.000    999.000    999.000
    OBDACHL            1.000      0.000    999.000    999.000
    ISLAMPH            1.000      0.000    999.000    999.000
    ETABL              1.000      0.000    999.000    999.000

 Residual Variances
    HE01HQ4            0.731      0.073     10.036      0.000
    SX03Q4R            0.310      0.038      8.228      0.000
    SX04Q4R            0.227      0.035      6.435      0.000
    HE01OQ4R           0.355      0.066      5.361      0.000
    HE02OQ4R           0.480      0.053      9.095      0.000
    HE02HQ4R           0.518      0.083      6.224      0.000
    FF04DQ4R           0.382      0.031     12.430      0.000
    FF08DQ4R           0.354      0.034     10.558      0.000
    EV03Q4R            0.688      0.044     15.532      0.000
    EV04Q4R            0.442      0.084      5.271      0.000
    RA01Q4R            0.474      0.034     14.058      0.000
    RA03Q4R            0.365      0.031     11.597      0.000
    AS01Q4R            0.210      0.047      4.472      0.000
    AS02Q4R            0.299      0.029     10.481      0.000
    HE05MQ4R           0.556      0.041     13.715      0.000
    HE12MQ4R           0.407      0.036     11.368      0.000


QUALITY OF NUMERICAL RESULTS

     Condition Number for the Information Matrix              0.172E-01
       (ratio of smallest to largest eigenvalue)


DIAGRAM INFORMATION

  Use View Diagram under the Diagram menu in the Mplus Editor to view the diagram.
  If running Mplus from the Mplus Diagrammer, the diagram opens automatically.

  Diagram output
    e:\fertig\begleitmaterial\kapitel 4\mg_mittel.dgm

     Beginning Time:  09:22:08
        Ending Time:  09:22:10
       Elapsed Time:  00:00:02



MUTHEN & MUTHEN
3463 Stoner Ave.
Los Angeles, CA  90066

Tel: (310) 391-9971
Fax: (310) 391-8971
Web: www.StatModel.com
Support: Support@StatModel.com

Copyright (c) 1998-2015 Muthen & Muthen
