Mplus VERSION 7.4
MUTHEN & MUTHEN
09/16/2016   9:26 AM

INPUT INSTRUCTIONS


  TITLE:    Multiple Gruppenvergleiche - Modell Metrische Invarianz

  DATA:     FILE IS GMF05_Querschnitt_CFA.dat;

  VARIABLE: NAMES ARE qcp_ser he01hq4 sx03q4r sx04q4r he01oq4r
            he02oq4r he02hq4r ff04dq4r ff08dq4r ev03q4r ev04q4r
            ra01q4r ra03q4r as01q4r as02q4r he05mq4r he12mq4r
            ka05q4r zu01q4k;

            USEVARIABLES ARE he01hq4 sx03q4r sx04q4r he01oq4r
            he02oq4r he02hq4r ff04dq4r ff08dq4r ev03q4r ev04q4r
            ra01q4r ra03q4r as01q4r as02q4r he05mq4r he12mq4r;

            MISSING ARE he01oq4r he02oq4r (99);

            USEOBSERVATIONS = zu01q4k EQ 2 OR zu01q4k EQ 3;

            GROUPING IS zu01q4k (2=mittel 3=hoch);

  MODEL:    sexism BY sx03q4r* sx04q4r;
            sexism@1;
            homoph BY he01hq4* he02hq4r;
            homoph@1;
            antisem BY as01q4r* as02q4r;
            antisem@1;
            fremdenf BY ff04dq4r* ff08dq4r;
            fremdenf@1;
            rass BY ra01q4r* ra03q4r;
            rass@1;
            obdachl BY he01oq4r* he02oq4r;
            obdachl@1;
            islamph BY he05mq4r* he12mq4r;
            islamph@1;
            etabl BY ev03q4r* ev04q4r;
            etabl@1;

            MODEL hoch:

            ! sexism BY sx03q4r sx04q4r;
            ! homoph BY he01hq4 he02hq4r;
            ! antisem BY as01q4r as02q4r;
            ! fremdenf BY ff04dq4r ff08dq4r;
            ! rass BY ra01q4r ra03q4r;
            ! obdachl BY he01oq4r he02oq4r;
            ! islamph BY he05mq4r he12mq4r;
            ! etabl BY ev03q4r ev04q4r;

            [sx03q4r sx04q4r];
            [he01hq4 he02hq4r];
            [as01q4r as02q4r];
            [ff04dq4r ff08dq4r];
            [ra01q4r ra03q4r];
            [he01oq4r he02oq4r];
            [he05mq4r he12mq4r];
            [ev03q4r ev04q4r];

            [sexism-etabl@0];
            sexism-etabl*;

  OUTPUT:   MODINDICES;




INPUT READING TERMINATED NORMALLY



Multiple Gruppenvergleiche - Modell Metrische Invarianz

SUMMARY OF ANALYSIS

Number of groups                                                 2
Number of observations
   Group MITTEL                                                607
   Group HOCH                                                  777
   Total sample size                                          1384

Number of dependent variables                                   16
Number of independent variables                                  0
Number of continuous latent variables                            8

Observed dependent variables

  Continuous
   HE01HQ4     SX03Q4R     SX04Q4R     HE01OQ4R    HE02OQ4R    HE02HQ4R
   FF04DQ4R    FF08DQ4R    EV03Q4R     EV04Q4R     RA01Q4R     RA03Q4R
   AS01Q4R     AS02Q4R     HE05MQ4R    HE12MQ4R

Continuous latent variables
   SEXISM      HOMOPH      ANTISEM     FREMDENF    RASS        OBDACHL
   ISLAMPH     ETABL

Variables with special functions

  Grouping variable     ZU01Q4K

Estimator                                                       ML
Information matrix                                        OBSERVED
Maximum number of iterations                                  1000
Convergence criterion                                    0.500D-04
Maximum number of steepest descent iterations                   20
Maximum number of iterations for H1                           2000
Convergence criterion for H1                             0.100D-03

Input data file(s)
  GMF05_Querschnitt_CFA.dat

Input data format  FREE


SUMMARY OF DATA

   Group MITTEL
     Number of missing data patterns             1

   Group HOCH
     Number of missing data patterns             2


COVARIANCE COVERAGE OF DATA

Minimum covariance coverage value   0.100


     PROPORTION OF DATA PRESENT FOR MITTEL


           Covariance Coverage
              HE01HQ4       SX03Q4R       SX04Q4R       HE01OQ4R      HE02OQ4R
              ________      ________      ________      ________      ________
 HE01HQ4        1.000
 SX03Q4R        1.000         1.000
 SX04Q4R        1.000         1.000         1.000
 HE01OQ4R       1.000         1.000         1.000         1.000
 HE02OQ4R       1.000         1.000         1.000         1.000         1.000
 HE02HQ4R       1.000         1.000         1.000         1.000         1.000
 FF04DQ4R       1.000         1.000         1.000         1.000         1.000
 FF08DQ4R       1.000         1.000         1.000         1.000         1.000
 EV03Q4R        1.000         1.000         1.000         1.000         1.000
 EV04Q4R        1.000         1.000         1.000         1.000         1.000
 RA01Q4R        1.000         1.000         1.000         1.000         1.000
 RA03Q4R        1.000         1.000         1.000         1.000         1.000
 AS01Q4R        1.000         1.000         1.000         1.000         1.000
 AS02Q4R        1.000         1.000         1.000         1.000         1.000
 HE05MQ4R       1.000         1.000         1.000         1.000         1.000
 HE12MQ4R       1.000         1.000         1.000         1.000         1.000


           Covariance Coverage
              HE02HQ4R      FF04DQ4R      FF08DQ4R      EV03Q4R       EV04Q4R
              ________      ________      ________      ________      ________
 HE02HQ4R       1.000
 FF04DQ4R       1.000         1.000
 FF08DQ4R       1.000         1.000         1.000
 EV03Q4R        1.000         1.000         1.000         1.000
 EV04Q4R        1.000         1.000         1.000         1.000         1.000
 RA01Q4R        1.000         1.000         1.000         1.000         1.000
 RA03Q4R        1.000         1.000         1.000         1.000         1.000
 AS01Q4R        1.000         1.000         1.000         1.000         1.000
 AS02Q4R        1.000         1.000         1.000         1.000         1.000
 HE05MQ4R       1.000         1.000         1.000         1.000         1.000
 HE12MQ4R       1.000         1.000         1.000         1.000         1.000


           Covariance Coverage
              RA01Q4R       RA03Q4R       AS01Q4R       AS02Q4R       HE05MQ4R
              ________      ________      ________      ________      ________
 RA01Q4R        1.000
 RA03Q4R        1.000         1.000
 AS01Q4R        1.000         1.000         1.000
 AS02Q4R        1.000         1.000         1.000         1.000
 HE05MQ4R       1.000         1.000         1.000         1.000         1.000
 HE12MQ4R       1.000         1.000         1.000         1.000         1.000


           Covariance Coverage
              HE12MQ4R
              ________
 HE12MQ4R       1.000


     PROPORTION OF DATA PRESENT FOR HOCH


           Covariance Coverage
              HE01HQ4       SX03Q4R       SX04Q4R       HE01OQ4R      HE02OQ4R
              ________      ________      ________      ________      ________
 HE01HQ4        1.000
 SX03Q4R        1.000         1.000
 SX04Q4R        1.000         1.000         1.000
 HE01OQ4R       0.999         0.999         0.999         0.999
 HE02OQ4R       0.999         0.999         0.999         0.999         0.999
 HE02HQ4R       1.000         1.000         1.000         0.999         0.999
 FF04DQ4R       1.000         1.000         1.000         0.999         0.999
 FF08DQ4R       1.000         1.000         1.000         0.999         0.999
 EV03Q4R        1.000         1.000         1.000         0.999         0.999
 EV04Q4R        1.000         1.000         1.000         0.999         0.999
 RA01Q4R        1.000         1.000         1.000         0.999         0.999
 RA03Q4R        1.000         1.000         1.000         0.999         0.999
 AS01Q4R        1.000         1.000         1.000         0.999         0.999
 AS02Q4R        1.000         1.000         1.000         0.999         0.999
 HE05MQ4R       1.000         1.000         1.000         0.999         0.999
 HE12MQ4R       1.000         1.000         1.000         0.999         0.999


           Covariance Coverage
              HE02HQ4R      FF04DQ4R      FF08DQ4R      EV03Q4R       EV04Q4R
              ________      ________      ________      ________      ________
 HE02HQ4R       1.000
 FF04DQ4R       1.000         1.000
 FF08DQ4R       1.000         1.000         1.000
 EV03Q4R        1.000         1.000         1.000         1.000
 EV04Q4R        1.000         1.000         1.000         1.000         1.000
 RA01Q4R        1.000         1.000         1.000         1.000         1.000
 RA03Q4R        1.000         1.000         1.000         1.000         1.000
 AS01Q4R        1.000         1.000         1.000         1.000         1.000
 AS02Q4R        1.000         1.000         1.000         1.000         1.000
 HE05MQ4R       1.000         1.000         1.000         1.000         1.000
 HE12MQ4R       1.000         1.000         1.000         1.000         1.000


           Covariance Coverage
              RA01Q4R       RA03Q4R       AS01Q4R       AS02Q4R       HE05MQ4R
              ________      ________      ________      ________      ________
 RA01Q4R        1.000
 RA03Q4R        1.000         1.000
 AS01Q4R        1.000         1.000         1.000
 AS02Q4R        1.000         1.000         1.000         1.000
 HE05MQ4R       1.000         1.000         1.000         1.000         1.000
 HE12MQ4R       1.000         1.000         1.000         1.000         1.000


           Covariance Coverage
              HE12MQ4R
              ________
 HE12MQ4R       1.000



THE MODEL ESTIMATION TERMINATED NORMALLY



MODEL FIT INFORMATION

Number of Free Parameters                      144

Loglikelihood

          H0 Value                      -24569.292
          H1 Value                      -24401.411

Information Criteria

          Akaike (AIC)                   49426.584
          Bayesian (BIC)                 50180.098
          Sample-Size Adjusted BIC       49722.666
            (n* = (n + 2) / 24)

Chi-Square Test of Model Fit

          Value                            335.761
          Degrees of Freedom                   160
          P-Value                           0.0000

Chi-Square Contribution From Each Group

          MITTEL                           172.514
          HOCH                             163.247

RMSEA (Root Mean Square Error Of Approximation)

          Estimate                           0.040
          90 Percent C.I.                    0.034  0.046
          Probability RMSEA <= .05           0.998

CFI/TLI

          CFI                                0.972
          TLI                                0.958

Chi-Square Test of Model Fit for the Baseline Model

          Value                           6460.956
          Degrees of Freedom                   240
          P-Value                           0.0000

SRMR (Standardized Root Mean Square Residual)

          Value                              0.032



MODEL RESULTS

                                                    Two-Tailed
                    Estimate       S.E.  Est./S.E.    P-Value

Group MITTEL

 SEXISM   BY
    SX03Q4R            0.673      0.031     21.509      0.000
    SX04Q4R            0.610      0.029     20.738      0.000

 HOMOPH   BY
    HE01HQ4            0.739      0.042     17.529      0.000
    HE02HQ4R           0.780      0.044     17.725      0.000

 ANTISEM  BY
    AS01Q4R            0.747      0.035     21.312      0.000
    AS02Q4R            0.545      0.028     19.817      0.000

 FREMDENF BY
    FF04DQ4R           0.744      0.032     23.249      0.000
    FF08DQ4R           0.659      0.032     20.464      0.000

 RASS     BY
    RA01Q4R            0.446      0.035     12.841      0.000
    RA03Q4R            0.409      0.034     12.138      0.000

 OBDACHL  BY
    HE01OQ4R           0.774      0.043     17.872      0.000
    HE02OQ4R           0.558      0.036     15.611      0.000

 ISLAMPH  BY
    HE05MQ4R           0.649      0.035     18.558      0.000
    HE12MQ4R           0.650      0.034     19.106      0.000

 ETABL    BY
    EV03Q4R            0.452      0.036     12.721      0.000
    EV04Q4R            0.710      0.051     13.826      0.000

 HOMOPH   WITH
    SEXISM             0.500      0.050     10.056      0.000

 ANTISEM  WITH
    SEXISM             0.381      0.048      8.011      0.000
    HOMOPH             0.301      0.054      5.581      0.000

 FREMDENF WITH
    SEXISM             0.210      0.053      3.937      0.000
    HOMOPH             0.300      0.056      5.348      0.000
    ANTISEM            0.528      0.044     11.957      0.000

 RASS     WITH
    SEXISM             0.498      0.063      7.864      0.000
    HOMOPH             0.291      0.072      4.053      0.000
    ANTISEM            0.560      0.064      8.734      0.000
    FREMDENF           0.570      0.064      8.980      0.000

 OBDACHL  WITH
    SEXISM             0.157      0.054      2.896      0.004
    HOMOPH             0.272      0.058      4.692      0.000
    ANTISEM            0.290      0.053      5.519      0.000
    FREMDENF           0.429      0.051      8.452      0.000
    RASS               0.450      0.067      6.720      0.000

 ISLAMPH  WITH
    SEXISM             0.340      0.055      6.235      0.000
    HOMOPH             0.361      0.059      6.153      0.000
    ANTISEM            0.499      0.050     10.041      0.000
    FREMDENF           0.945      0.035     26.831      0.000
    RASS               0.599      0.067      8.900      0.000
    OBDACHL            0.410      0.054      7.540      0.000

 ETABL    WITH
    SEXISM             0.366      0.060      6.056      0.000
    HOMOPH             0.172      0.066      2.584      0.010
    ANTISEM            0.531      0.056      9.528      0.000
    FREMDENF           0.581      0.055     10.501      0.000
    RASS               0.823      0.072     11.419      0.000
    OBDACHL            0.317      0.061      5.176      0.000
    ISLAMPH            0.593      0.059     10.032      0.000

 Means
    SEXISM             0.000      0.000    999.000    999.000
    HOMOPH             0.000      0.000    999.000    999.000
    ANTISEM            0.000      0.000    999.000    999.000
    FREMDENF           0.000      0.000    999.000    999.000
    RASS               0.000      0.000    999.000    999.000
    OBDACHL            0.000      0.000    999.000    999.000
    ISLAMPH            0.000      0.000    999.000    999.000
    ETABL              0.000      0.000    999.000    999.000

 Intercepts
    HE01HQ4            2.009      0.045     44.433      0.000
    SX03Q4R            1.952      0.035     56.168      0.000
    SX04Q4R            1.745      0.032     54.309      0.000
    HE01OQ4R           2.371      0.038     62.101      0.000
    HE02OQ4R           2.361      0.037     63.643      0.000
    HE02HQ4R           2.156      0.044     49.127      0.000
    FF04DQ4R           2.943      0.038     76.437      0.000
    FF08DQ4R           2.383      0.037     64.051      0.000
    EV03Q4R            2.982      0.038     78.630      0.000
    EV04Q4R            2.203      0.041     53.689      0.000
    RA01Q4R            1.865      0.033     56.374      0.000
    RA03Q4R            1.557      0.030     51.978      0.000
    AS01Q4R            1.915      0.036     53.446      0.000
    AS02Q4R            1.637      0.031     52.477      0.000
    HE05MQ4R           2.274      0.040     57.050      0.000
    HE12MQ4R           2.165      0.037     58.122      0.000

 Variances
    SEXISM             1.000      0.000    999.000    999.000
    HOMOPH             1.000      0.000    999.000    999.000
    ANTISEM            1.000      0.000    999.000    999.000
    FREMDENF           1.000      0.000    999.000    999.000
    RASS               1.000      0.000    999.000    999.000
    OBDACHL            1.000      0.000    999.000    999.000
    ISLAMPH            1.000      0.000    999.000    999.000
    ETABL              1.000      0.000    999.000    999.000

 Residual Variances
    HE01HQ4            0.696      0.061     11.495      0.000
    SX03Q4R            0.281      0.032      8.840      0.000
    SX04Q4R            0.254      0.027      9.303      0.000
    HE01OQ4R           0.285      0.057      4.968      0.000
    HE02OQ4R           0.524      0.042     12.397      0.000
    HE02HQ4R           0.561      0.061      9.266      0.000
    FF04DQ4R           0.346      0.032     10.839      0.000
    FF08DQ4R           0.406      0.032     12.821      0.000
    EV03Q4R            0.669      0.044     15.296      0.000
    EV04Q4R            0.518      0.063      8.251      0.000
    RA01Q4R            0.465      0.035     13.361      0.000
    RA03Q4R            0.378      0.029     12.934      0.000
    AS01Q4R            0.222      0.037      5.936      0.000
    AS02Q4R            0.294      0.025     11.739      0.000
    HE05MQ4R           0.543      0.040     13.647      0.000
    HE12MQ4R           0.420      0.035     12.128      0.000

Group HOCH

 SEXISM   BY
    SX03Q4R            0.673      0.031     21.509      0.000
    SX04Q4R            0.610      0.029     20.738      0.000

 HOMOPH   BY
    HE01HQ4            0.739      0.042     17.529      0.000
    HE02HQ4R           0.780      0.044     17.725      0.000

 ANTISEM  BY
    AS01Q4R            0.747      0.035     21.312      0.000
    AS02Q4R            0.545      0.028     19.817      0.000

 FREMDENF BY
    FF04DQ4R           0.744      0.032     23.249      0.000
    FF08DQ4R           0.659      0.032     20.464      0.000

 RASS     BY
    RA01Q4R            0.446      0.035     12.841      0.000
    RA03Q4R            0.409      0.034     12.138      0.000

 OBDACHL  BY
    HE01OQ4R           0.774      0.043     17.872      0.000
    HE02OQ4R           0.558      0.036     15.611      0.000

 ISLAMPH  BY
    HE05MQ4R           0.649      0.035     18.558      0.000
    HE12MQ4R           0.650      0.034     19.106      0.000

 ETABL    BY
    EV03Q4R            0.452      0.036     12.721      0.000
    EV04Q4R            0.710      0.051     13.826      0.000

 HOMOPH   WITH
    SEXISM             0.526      0.057      9.199      0.000

 ANTISEM  WITH
    SEXISM             0.296      0.038      7.766      0.000
    HOMOPH             0.342      0.044      7.720      0.000

 FREMDENF WITH
    SEXISM             0.400      0.048      8.334      0.000
    HOMOPH             0.430      0.055      7.832      0.000
    ANTISEM            0.423      0.047      9.086      0.000

 RASS     WITH
    SEXISM             0.382      0.055      6.986      0.000
    HOMOPH             0.391      0.060      6.469      0.000
    ANTISEM            0.328      0.048      6.780      0.000
    FREMDENF           0.556      0.069      8.007      0.000

 OBDACHL  WITH
    SEXISM             0.247      0.043      5.752      0.000
    HOMOPH             0.356      0.053      6.718      0.000
    ANTISEM            0.308      0.042      7.360      0.000
    FREMDENF           0.505      0.058      8.769      0.000
    RASS               0.337      0.056      6.008      0.000

 ISLAMPH  WITH
    SEXISM             0.392      0.049      8.084      0.000
    HOMOPH             0.450      0.057      7.951      0.000
    ANTISEM            0.423      0.047      8.910      0.000
    FREMDENF           0.810      0.080     10.181      0.000
    RASS               0.525      0.068      7.677      0.000
    OBDACHL            0.432      0.054      7.941      0.000

 ETABL    WITH
    SEXISM             0.319      0.052      6.191      0.000
    HOMOPH             0.287      0.056      5.144      0.000
    ANTISEM            0.347      0.049      7.043      0.000
    FREMDENF           0.619      0.074      8.408      0.000
    RASS               0.566      0.080      7.115      0.000
    OBDACHL            0.354      0.057      6.192      0.000
    ISLAMPH            0.536      0.068      7.859      0.000

 Means
    SEXISM             0.000      0.000    999.000    999.000
    HOMOPH             0.000      0.000    999.000    999.000
    ANTISEM            0.000      0.000    999.000    999.000
    FREMDENF           0.000      0.000    999.000    999.000
    RASS               0.000      0.000    999.000    999.000
    OBDACHL            0.000      0.000    999.000    999.000
    ISLAMPH            0.000      0.000    999.000    999.000
    ETABL              0.000      0.000    999.000    999.000

 Intercepts
    HE01HQ4            1.868      0.038     49.273      0.000
    SX03Q4R            1.685      0.027     61.877      0.000
    SX04Q4R            1.485      0.024     62.158      0.000
    HE01OQ4R           2.106      0.031     67.745      0.000
    HE02OQ4R           2.232      0.032     70.356      0.000
    HE02HQ4R           1.772      0.033     53.326      0.000
    FF04DQ4R           2.306      0.032     71.670      0.000
    FF08DQ4R           1.836      0.030     61.157      0.000
    EV03Q4R            2.693      0.031     85.510      0.000
    EV04Q4R            1.825      0.032     56.392      0.000
    RA01Q4R            1.594      0.025     64.071      0.000
    RA03Q4R            1.271      0.020     63.080      0.000
    AS01Q4R            1.587      0.027     59.092      0.000
    AS02Q4R            1.329      0.021     64.237      0.000
    HE05MQ4R           1.827      0.032     57.960      0.000
    HE12MQ4R           1.757      0.028     63.240      0.000

 Variances
    SEXISM             0.765      0.079      9.631      0.000
    HOMOPH             0.964      0.114      8.430      0.000
    ANTISEM            0.571      0.062      9.186      0.000
    FREMDENF           0.906      0.099      9.157      0.000
    RASS               0.647      0.122      5.319      0.000
    OBDACHL            0.951      0.110      8.648      0.000
    ISLAMPH            0.818      0.101      8.075      0.000
    ETABL              0.812      0.135      5.997      0.000

 Residual Variances
    HE01HQ4            0.591      0.043     13.622      0.000
    SX03Q4R            0.230      0.022     10.690      0.000
    SX04Q4R            0.159      0.017      9.539      0.000
    HE01OQ4R           0.180      0.046      3.921      0.000
    HE02OQ4R           0.485      0.033     14.541      0.000
    HE02HQ4R           0.271      0.037      7.277      0.000
    FF04DQ4R           0.303      0.024     12.669      0.000
    FF08DQ4R           0.306      0.021     14.929      0.000
    EV03Q4R            0.605      0.035     17.148      0.000
    EV04Q4R            0.404      0.045      8.988      0.000
    RA01Q4R            0.352      0.022     15.733      0.000
    RA03Q4R            0.207      0.015     13.738      0.000
    AS01Q4R            0.242      0.023     10.720      0.000
    AS02Q4R            0.163      0.013     12.386      0.000
    HE05MQ4R           0.427      0.027     16.006      0.000
    HE12MQ4R           0.254      0.020     12.588      0.000


QUALITY OF NUMERICAL RESULTS

     Condition Number for the Information Matrix              0.214E-02
       (ratio of smallest to largest eigenvalue)


MODEL MODIFICATION INDICES

NOTE:  Modification indices for direct effects of observed dependent variables
regressed on covariates may not be included.  To include these, request
MODINDICES (ALL).

Minimum M.I. value for printing the modification index    10.000

                                   M.I.     E.P.C.  Std E.P.C.  StdYX E.P.C.
Group MITTEL


BY Statements

ANTISEM  BY FF04DQ4R              11.984    -0.160     -0.160       -0.169
ANTISEM  BY FF08DQ4R              11.987     0.142      0.142        0.155
ANTISEM  BY RA01Q4R               10.019    -0.158     -0.158       -0.194
ANTISEM  BY RA03Q4R               10.017     0.145      0.145        0.196
FREMDENF BY FF04DQ4R              20.594    -0.072     -0.072       -0.076
FREMDENF BY FF08DQ4R              20.592     0.083      0.083        0.090
RASS     BY FF04DQ4R              20.585    -0.233     -0.233       -0.245
RASS     BY FF08DQ4R              20.586     0.206      0.206        0.225
ISLAMPH  BY FF04DQ4R              19.230    -0.249     -0.249       -0.262
ISLAMPH  BY FF08DQ4R              19.229     0.220      0.220        0.240
ETABL    BY FF04DQ4R              15.816    -0.205     -0.205       -0.217
ETABL    BY FF08DQ4R              15.816     0.182      0.182        0.199

WITH Statements

AS01Q4R  WITH RA01Q4R             14.745    -0.084     -0.084       -0.262
AS02Q4R  WITH RA03Q4R             11.149     0.056      0.056        0.168
HE05MQ4R WITH RA03Q4R             10.358    -0.075     -0.075       -0.165
HE12MQ4R WITH FF04DQ4R            13.423    -0.096     -0.096       -0.253
HE12MQ4R WITH FF08DQ4R            12.559     0.089      0.089        0.214

Group HOCH


BY Statements

FREMDENF BY FF04DQ4R              20.594     0.197      0.188        0.209
FREMDENF BY FF08DQ4R              20.592    -0.156     -0.148       -0.177
FREMDENF BY EV03Q4R               10.083     0.162      0.154        0.176
FREMDENF BY EV04Q4R               10.077    -0.254     -0.242       -0.268
ISLAMPH  BY FF04DQ4R              20.468     0.271      0.245        0.273
ISLAMPH  BY FF08DQ4R              20.466    -0.240     -0.217       -0.260

WITH Statements

SX03Q4R  WITH HE01HQ4             25.083     0.094      0.094        0.254
SX04Q4R  WITH HE01HQ4             10.657    -0.054     -0.054       -0.176
RA01Q4R  WITH EV04Q4R             14.250     0.077      0.077        0.205



DIAGRAM INFORMATION

  Use View Diagram under the Diagram menu in the Mplus Editor to view the diagram.
  If running Mplus from the Mplus Diagrammer, the diagram opens automatically.

  Diagram output
    e:\fertig\begleitmaterial\kapitel 4\mg_metric.dgm

     Beginning Time:  09:26:05
        Ending Time:  09:26:08
       Elapsed Time:  00:00:03



MUTHEN & MUTHEN
3463 Stoner Ave.
Los Angeles, CA  90066

Tel: (310) 391-9971
Fax: (310) 391-8971
Web: www.StatModel.com
Support: Support@StatModel.com

Copyright (c) 1998-2015 Muthen & Muthen
