Mplus VERSION 7.4
MUTHEN & MUTHEN
09/16/2016   9:27 AM

INPUT INSTRUCTIONS


  TITLE:    Multiple Gruppenvergleiche - Modell Metrische Invarianz

  DATA:     FILE IS GMF05_Querschnitt_CFA.dat;

  VARIABLE: NAMES ARE qcp_ser he01hq4 sx03q4r sx04q4r he01oq4r
            he02oq4r he02hq4r ff04dq4r ff08dq4r ev03q4r ev04q4r
            ra01q4r ra03q4r as01q4r as02q4r he05mq4r he12mq4r
            ka05q4r zu01q4k;

            USEVARIABLES ARE he01hq4 sx03q4r sx04q4r he01oq4r
            he02oq4r he02hq4r ff04dq4r ff08dq4r ev03q4r ev04q4r
            ra01q4r ra03q4r as01q4r as02q4r he05mq4r he12mq4r;

            MISSING ARE he01oq4r he02oq4r (99);

            USEOBSERVATIONS = zu01q4k EQ 2 OR zu01q4k EQ 3;

            GROUPING IS zu01q4k (2=mittel 3=hoch);

  MODEL:    sexism BY sx03q4r* sx04q4r;
            sexism@1;
            homoph BY he01hq4* he02hq4r;
            homoph@1;
            antisem BY as01q4r* as02q4r;
            antisem@1;
            fremdenf BY ff04dq4r* ff08dq4r;
            fremdenf@1;
            rass BY ra01q4r* ra03q4r;
            rass@1;
            obdachl BY he01oq4r* he02oq4r;
            obdachl@1;
            islamph BY he05mq4r* he12mq4r;
            islamph@1;
            etabl BY ev03q4r* ev04q4r;
            etabl@1;

            MODEL hoch:

            ! sexism BY sx03q4r sx04q4r;
            ! homoph BY he01hq4 he02hq4r;
            ! antisem BY as01q4r as02q4r;
            ! fremdenf BY ff04dq4r ff08dq4r;
            ! rass BY ra01q4r ra03q4r;
            ! obdachl BY he01oq4r he02oq4r;
            ! islamph BY he05mq4r he12mq4r;
            ! etabl BY ev03q4r ev04q4r;

            ! [sx03q4r sx04q4r];
            ! [he01hq4 he02hq4r];
            ! [as01q4r as02q4r];
            ! [ff04dq4r ff08dq4r];
            ! [ra01q4r ra03q4r];
            ! [he01oq4r he02oq4r];
            ! [he05mq4r he12mq4r];
            ! [ev03q4r ev04q4r];

            ! [sexism-etabl@0];
            sexism-etabl*;

  OUTPUT:   MODINDICES;




INPUT READING TERMINATED NORMALLY



Multiple Gruppenvergleiche - Modell Metrische Invarianz

SUMMARY OF ANALYSIS

Number of groups                                                 2
Number of observations
   Group MITTEL                                                607
   Group HOCH                                                  777
   Total sample size                                          1384

Number of dependent variables                                   16
Number of independent variables                                  0
Number of continuous latent variables                            8

Observed dependent variables

  Continuous
   HE01HQ4     SX03Q4R     SX04Q4R     HE01OQ4R    HE02OQ4R    HE02HQ4R
   FF04DQ4R    FF08DQ4R    EV03Q4R     EV04Q4R     RA01Q4R     RA03Q4R
   AS01Q4R     AS02Q4R     HE05MQ4R    HE12MQ4R

Continuous latent variables
   SEXISM      HOMOPH      ANTISEM     FREMDENF    RASS        OBDACHL
   ISLAMPH     ETABL

Variables with special functions

  Grouping variable     ZU01Q4K

Estimator                                                       ML
Information matrix                                        OBSERVED
Maximum number of iterations                                  1000
Convergence criterion                                    0.500D-04
Maximum number of steepest descent iterations                   20
Maximum number of iterations for H1                           2000
Convergence criterion for H1                             0.100D-03

Input data file(s)
  GMF05_Querschnitt_CFA.dat

Input data format  FREE


SUMMARY OF DATA

   Group MITTEL
     Number of missing data patterns             1

   Group HOCH
     Number of missing data patterns             2


COVARIANCE COVERAGE OF DATA

Minimum covariance coverage value   0.100


     PROPORTION OF DATA PRESENT FOR MITTEL


           Covariance Coverage
              HE01HQ4       SX03Q4R       SX04Q4R       HE01OQ4R      HE02OQ4R
              ________      ________      ________      ________      ________
 HE01HQ4        1.000
 SX03Q4R        1.000         1.000
 SX04Q4R        1.000         1.000         1.000
 HE01OQ4R       1.000         1.000         1.000         1.000
 HE02OQ4R       1.000         1.000         1.000         1.000         1.000
 HE02HQ4R       1.000         1.000         1.000         1.000         1.000
 FF04DQ4R       1.000         1.000         1.000         1.000         1.000
 FF08DQ4R       1.000         1.000         1.000         1.000         1.000
 EV03Q4R        1.000         1.000         1.000         1.000         1.000
 EV04Q4R        1.000         1.000         1.000         1.000         1.000
 RA01Q4R        1.000         1.000         1.000         1.000         1.000
 RA03Q4R        1.000         1.000         1.000         1.000         1.000
 AS01Q4R        1.000         1.000         1.000         1.000         1.000
 AS02Q4R        1.000         1.000         1.000         1.000         1.000
 HE05MQ4R       1.000         1.000         1.000         1.000         1.000
 HE12MQ4R       1.000         1.000         1.000         1.000         1.000


           Covariance Coverage
              HE02HQ4R      FF04DQ4R      FF08DQ4R      EV03Q4R       EV04Q4R
              ________      ________      ________      ________      ________
 HE02HQ4R       1.000
 FF04DQ4R       1.000         1.000
 FF08DQ4R       1.000         1.000         1.000
 EV03Q4R        1.000         1.000         1.000         1.000
 EV04Q4R        1.000         1.000         1.000         1.000         1.000
 RA01Q4R        1.000         1.000         1.000         1.000         1.000
 RA03Q4R        1.000         1.000         1.000         1.000         1.000
 AS01Q4R        1.000         1.000         1.000         1.000         1.000
 AS02Q4R        1.000         1.000         1.000         1.000         1.000
 HE05MQ4R       1.000         1.000         1.000         1.000         1.000
 HE12MQ4R       1.000         1.000         1.000         1.000         1.000


           Covariance Coverage
              RA01Q4R       RA03Q4R       AS01Q4R       AS02Q4R       HE05MQ4R
              ________      ________      ________      ________      ________
 RA01Q4R        1.000
 RA03Q4R        1.000         1.000
 AS01Q4R        1.000         1.000         1.000
 AS02Q4R        1.000         1.000         1.000         1.000
 HE05MQ4R       1.000         1.000         1.000         1.000         1.000
 HE12MQ4R       1.000         1.000         1.000         1.000         1.000


           Covariance Coverage
              HE12MQ4R
              ________
 HE12MQ4R       1.000


     PROPORTION OF DATA PRESENT FOR HOCH


           Covariance Coverage
              HE01HQ4       SX03Q4R       SX04Q4R       HE01OQ4R      HE02OQ4R
              ________      ________      ________      ________      ________
 HE01HQ4        1.000
 SX03Q4R        1.000         1.000
 SX04Q4R        1.000         1.000         1.000
 HE01OQ4R       0.999         0.999         0.999         0.999
 HE02OQ4R       0.999         0.999         0.999         0.999         0.999
 HE02HQ4R       1.000         1.000         1.000         0.999         0.999
 FF04DQ4R       1.000         1.000         1.000         0.999         0.999
 FF08DQ4R       1.000         1.000         1.000         0.999         0.999
 EV03Q4R        1.000         1.000         1.000         0.999         0.999
 EV04Q4R        1.000         1.000         1.000         0.999         0.999
 RA01Q4R        1.000         1.000         1.000         0.999         0.999
 RA03Q4R        1.000         1.000         1.000         0.999         0.999
 AS01Q4R        1.000         1.000         1.000         0.999         0.999
 AS02Q4R        1.000         1.000         1.000         0.999         0.999
 HE05MQ4R       1.000         1.000         1.000         0.999         0.999
 HE12MQ4R       1.000         1.000         1.000         0.999         0.999


           Covariance Coverage
              HE02HQ4R      FF04DQ4R      FF08DQ4R      EV03Q4R       EV04Q4R
              ________      ________      ________      ________      ________
 HE02HQ4R       1.000
 FF04DQ4R       1.000         1.000
 FF08DQ4R       1.000         1.000         1.000
 EV03Q4R        1.000         1.000         1.000         1.000
 EV04Q4R        1.000         1.000         1.000         1.000         1.000
 RA01Q4R        1.000         1.000         1.000         1.000         1.000
 RA03Q4R        1.000         1.000         1.000         1.000         1.000
 AS01Q4R        1.000         1.000         1.000         1.000         1.000
 AS02Q4R        1.000         1.000         1.000         1.000         1.000
 HE05MQ4R       1.000         1.000         1.000         1.000         1.000
 HE12MQ4R       1.000         1.000         1.000         1.000         1.000


           Covariance Coverage
              RA01Q4R       RA03Q4R       AS01Q4R       AS02Q4R       HE05MQ4R
              ________      ________      ________      ________      ________
 RA01Q4R        1.000
 RA03Q4R        1.000         1.000
 AS01Q4R        1.000         1.000         1.000
 AS02Q4R        1.000         1.000         1.000         1.000
 HE05MQ4R       1.000         1.000         1.000         1.000         1.000
 HE12MQ4R       1.000         1.000         1.000         1.000         1.000


           Covariance Coverage
              HE12MQ4R
              ________
 HE12MQ4R       1.000



THE MODEL ESTIMATION TERMINATED NORMALLY



MODEL FIT INFORMATION

Number of Free Parameters                      136

Loglikelihood

          H0 Value                      -24580.424
          H1 Value                      -24401.411

Information Criteria

          Akaike (AIC)                   49432.848
          Bayesian (BIC)                 50144.500
          Sample-Size Adjusted BIC       49712.481
            (n* = (n + 2) / 24)

Chi-Square Test of Model Fit

          Value                            358.026
          Degrees of Freedom                   168
          P-Value                           0.0000

Chi-Square Contribution From Each Group

          MITTEL                           187.048
          HOCH                             170.978

RMSEA (Root Mean Square Error Of Approximation)

          Estimate                           0.040
          90 Percent C.I.                    0.035  0.046
          Probability RMSEA <= .05           0.997

CFI/TLI

          CFI                                0.969
          TLI                                0.956

Chi-Square Test of Model Fit for the Baseline Model

          Value                           6460.956
          Degrees of Freedom                   240
          P-Value                           0.0000

SRMR (Standardized Root Mean Square Residual)

          Value                              0.033



MODEL RESULTS

                                                    Two-Tailed
                    Estimate       S.E.  Est./S.E.    P-Value

Group MITTEL

 SEXISM   BY
    SX03Q4R            0.667      0.031     21.808      0.000
    SX04Q4R            0.616      0.029     21.258      0.000

 HOMOPH   BY
    HE01HQ4            0.706      0.041     17.210      0.000
    HE02HQ4R           0.807      0.045     17.782      0.000

 ANTISEM  BY
    AS01Q4R            0.730      0.034     21.573      0.000
    AS02Q4R            0.559      0.027     20.819      0.000

 FREMDENF BY
    FF04DQ4R           0.746      0.032     23.513      0.000
    FF08DQ4R           0.656      0.031     21.116      0.000

 RASS     BY
    RA01Q4R            0.440      0.034     13.018      0.000
    RA03Q4R            0.415      0.033     12.540      0.000

 OBDACHL  BY
    HE01OQ4R           0.785      0.043     18.133      0.000
    HE02OQ4R           0.548      0.035     15.788      0.000

 ISLAMPH  BY
    HE05MQ4R           0.653      0.035     18.877      0.000
    HE12MQ4R           0.646      0.034     19.273      0.000

 ETABL    BY
    EV03Q4R            0.459      0.035     13.238      0.000
    EV04Q4R            0.701      0.050     14.035      0.000

 HOMOPH   WITH
    SEXISM             0.496      0.050      9.871      0.000

 ANTISEM  WITH
    SEXISM             0.383      0.048      7.986      0.000
    HOMOPH             0.297      0.054      5.454      0.000

 FREMDENF WITH
    SEXISM             0.210      0.053      3.947      0.000
    HOMOPH             0.302      0.056      5.406      0.000
    ANTISEM            0.529      0.044     11.901      0.000

 RASS     WITH
    SEXISM             0.500      0.063      7.921      0.000
    HOMOPH             0.290      0.072      4.048      0.000
    ANTISEM            0.574      0.063      9.105      0.000
    FREMDENF           0.570      0.063      8.984      0.000

 OBDACHL  WITH
    SEXISM             0.157      0.054      2.914      0.004
    HOMOPH             0.273      0.057      4.759      0.000
    ANTISEM            0.291      0.053      5.531      0.000
    FREMDENF           0.425      0.051      8.372      0.000
    RASS               0.446      0.067      6.669      0.000

 ISLAMPH  WITH
    SEXISM             0.341      0.055      6.256      0.000
    HOMOPH             0.364      0.058      6.235      0.000
    ANTISEM            0.504      0.050     10.138      0.000
    FREMDENF           0.945      0.035     26.796      0.000
    RASS               0.598      0.067      8.884      0.000
    OBDACHL            0.408      0.054      7.516      0.000

 ETABL    WITH
    SEXISM             0.369      0.060      6.099      0.000
    HOMOPH             0.175      0.066      2.630      0.009
    ANTISEM            0.535      0.056      9.549      0.000
    FREMDENF           0.583      0.056     10.496      0.000
    RASS               0.825      0.072     11.454      0.000
    OBDACHL            0.317      0.061      5.174      0.000
    ISLAMPH            0.595      0.059     10.005      0.000

 Means
    SEXISM             0.000      0.000    999.000    999.000
    HOMOPH             0.000      0.000    999.000    999.000
    ANTISEM            0.000      0.000    999.000    999.000
    FREMDENF           0.000      0.000    999.000    999.000
    RASS               0.000      0.000    999.000    999.000
    OBDACHL            0.000      0.000    999.000    999.000
    ISLAMPH            0.000      0.000    999.000    999.000
    ETABL              0.000      0.000    999.000    999.000

 Intercepts
    HE01HQ4            2.091      0.039     52.936      0.000
    SX03Q4R            1.957      0.033     59.734      0.000
    SX04Q4R            1.741      0.030     57.343      0.000
    HE01OQ4R           2.362      0.038     62.514      0.000
    HE02OQ4R           2.388      0.031     76.270      0.000
    HE02HQ4R           2.105      0.043     48.699      0.000
    FF04DQ4R           2.939      0.037     79.199      0.000
    FF08DQ4R           2.388      0.034     69.439      0.000
    EV03Q4R            2.964      0.032     91.665      0.000
    EV04Q4R            2.213      0.039     56.022      0.000
    RA01Q4R            1.876      0.029     63.764      0.000
    RA03Q4R            1.548      0.027     56.474      0.000
    AS01Q4R            1.931      0.035     55.783      0.000
    AS02Q4R            1.613      0.029     55.570      0.000
    HE05MQ4R           2.262      0.036     62.164      0.000
    HE12MQ4R           2.175      0.035     62.593      0.000

 Variances
    SEXISM             1.000      0.000    999.000    999.000
    HOMOPH             1.000      0.000    999.000    999.000
    ANTISEM            1.000      0.000    999.000    999.000
    FREMDENF           1.000      0.000    999.000    999.000
    RASS               1.000      0.000    999.000    999.000
    OBDACHL            1.000      0.000    999.000    999.000
    ISLAMPH            1.000      0.000    999.000    999.000
    ETABL              1.000      0.000    999.000    999.000

 Residual Variances
    HE01HQ4            0.738      0.060     12.342      0.000
    SX03Q4R            0.287      0.031      9.262      0.000
    SX04Q4R            0.248      0.027      9.203      0.000
    HE01OQ4R           0.270      0.058      4.641      0.000
    HE02OQ4R           0.533      0.042     12.794      0.000
    HE02HQ4R           0.529      0.065      8.199      0.000
    FF04DQ4R           0.345      0.032     10.780      0.000
    FF08DQ4R           0.408      0.031     13.018      0.000
    EV03Q4R            0.667      0.044     15.187      0.000
    EV04Q4R            0.527      0.061      8.673      0.000
    RA01Q4R            0.468      0.034     13.594      0.000
    RA03Q4R            0.375      0.029     12.786      0.000
    AS01Q4R            0.242      0.035      6.915      0.000
    AS02Q4R            0.284      0.025     11.408      0.000
    HE05MQ4R           0.542      0.040     13.576      0.000
    HE12MQ4R           0.422      0.034     12.263      0.000

Group HOCH

 SEXISM   BY
    SX03Q4R            0.667      0.031     21.808      0.000
    SX04Q4R            0.616      0.029     21.258      0.000

 HOMOPH   BY
    HE01HQ4            0.706      0.041     17.210      0.000
    HE02HQ4R           0.807      0.045     17.782      0.000

 ANTISEM  BY
    AS01Q4R            0.730      0.034     21.573      0.000
    AS02Q4R            0.559      0.027     20.819      0.000

 FREMDENF BY
    FF04DQ4R           0.746      0.032     23.513      0.000
    FF08DQ4R           0.656      0.031     21.116      0.000

 RASS     BY
    RA01Q4R            0.440      0.034     13.018      0.000
    RA03Q4R            0.415      0.033     12.540      0.000

 OBDACHL  BY
    HE01OQ4R           0.785      0.043     18.133      0.000
    HE02OQ4R           0.548      0.035     15.788      0.000

 ISLAMPH  BY
    HE05MQ4R           0.653      0.035     18.877      0.000
    HE12MQ4R           0.646      0.034     19.273      0.000

 ETABL    BY
    EV03Q4R            0.459      0.035     13.238      0.000
    EV04Q4R            0.701      0.050     14.035      0.000

 HOMOPH   WITH
    SEXISM             0.514      0.057      9.056      0.000

 ANTISEM  WITH
    SEXISM             0.297      0.038      7.798      0.000
    HOMOPH             0.340      0.044      7.719      0.000

 FREMDENF WITH
    SEXISM             0.399      0.048      8.324      0.000
    HOMOPH             0.426      0.055      7.808      0.000
    ANTISEM            0.423      0.047      9.062      0.000

 RASS     WITH
    SEXISM             0.381      0.054      7.007      0.000
    HOMOPH             0.384      0.059      6.454      0.000
    ANTISEM            0.329      0.048      6.814      0.000
    FREMDENF           0.553      0.069      8.013      0.000

 OBDACHL  WITH
    SEXISM             0.246      0.043      5.768      0.000
    HOMOPH             0.347      0.052      6.652      0.000
    ANTISEM            0.306      0.042      7.345      0.000
    FREMDENF           0.502      0.057      8.758      0.000
    RASS               0.333      0.055      6.007      0.000

 ISLAMPH  WITH
    SEXISM             0.393      0.049      8.090      0.000
    HOMOPH             0.446      0.056      7.917      0.000
    ANTISEM            0.423      0.048      8.884      0.000
    FREMDENF           0.812      0.080     10.190      0.000
    RASS               0.523      0.068      7.682      0.000
    OBDACHL            0.431      0.054      7.950      0.000

 ETABL    WITH
    SEXISM             0.323      0.052      6.238      0.000
    HOMOPH             0.286      0.055      5.160      0.000
    ANTISEM            0.350      0.050      7.059      0.000
    FREMDENF           0.626      0.074      8.468      0.000
    RASS               0.565      0.079      7.117      0.000
    OBDACHL            0.356      0.057      6.218      0.000
    ISLAMPH            0.541      0.069      7.878      0.000

 Means
    SEXISM            -0.411      0.061     -6.741      0.000
    HOMOPH            -0.391      0.067     -5.822      0.000
    ANTISEM           -0.489      0.060     -8.106      0.000
    FREMDENF          -0.846      0.071    -11.919      0.000
    RASS              -0.656      0.086     -7.626      0.000
    OBDACHL           -0.320      0.063     -5.099      0.000
    ISLAMPH           -0.654      0.072     -9.151      0.000
    ETABL             -0.562      0.079     -7.106      0.000

 Intercepts
    HE01HQ4            2.091      0.039     52.936      0.000
    SX03Q4R            1.957      0.033     59.734      0.000
    SX04Q4R            1.741      0.030     57.343      0.000
    HE01OQ4R           2.362      0.038     62.514      0.000
    HE02OQ4R           2.388      0.031     76.270      0.000
    HE02HQ4R           2.105      0.043     48.699      0.000
    FF04DQ4R           2.939      0.037     79.199      0.000
    FF08DQ4R           2.388      0.034     69.439      0.000
    EV03Q4R            2.964      0.032     91.665      0.000
    EV04Q4R            2.213      0.039     56.022      0.000
    RA01Q4R            1.876      0.029     63.764      0.000
    RA03Q4R            1.548      0.027     56.474      0.000
    AS01Q4R            1.931      0.035     55.783      0.000
    AS02Q4R            1.613      0.029     55.570      0.000
    HE05MQ4R           2.262      0.036     62.164      0.000
    HE12MQ4R           2.175      0.035     62.593      0.000

 Variances
    SEXISM             0.764      0.079      9.634      0.000
    HOMOPH             0.957      0.114      8.387      0.000
    ANTISEM            0.570      0.062      9.151      0.000
    FREMDENF           0.909      0.099      9.181      0.000
    RASS               0.641      0.120      5.326      0.000
    OBDACHL            0.951      0.110      8.659      0.000
    ISLAMPH            0.819      0.102      8.070      0.000
    ETABL              0.817      0.136      5.994      0.000

 Residual Variances
    HE01HQ4            0.622      0.044     14.282      0.000
    SX03Q4R            0.235      0.021     11.174      0.000
    SX04Q4R            0.155      0.016      9.406      0.000
    HE01OQ4R           0.166      0.046      3.590      0.000
    HE02OQ4R           0.492      0.033     14.911      0.000
    HE02HQ4R           0.242      0.040      6.092      0.000
    FF04DQ4R           0.301      0.024     12.725      0.000
    FF08DQ4R           0.307      0.020     15.024      0.000
    EV03Q4R            0.602      0.035     17.124      0.000
    EV04Q4R            0.411      0.043      9.452      0.000
    RA01Q4R            0.354      0.022     15.993      0.000
    RA03Q4R            0.206      0.015     13.522      0.000
    AS01Q4R            0.252      0.022     11.618      0.000
    AS02Q4R            0.158      0.013     12.064      0.000
    HE05MQ4R           0.426      0.027     15.961      0.000
    HE12MQ4R           0.256      0.020     12.753      0.000


QUALITY OF NUMERICAL RESULTS

     Condition Number for the Information Matrix              0.184E-02
       (ratio of smallest to largest eigenvalue)


MODEL MODIFICATION INDICES

NOTE:  Modification indices for direct effects of observed dependent variables
regressed on covariates may not be included.  To include these, request
MODINDICES (ALL).

Minimum M.I. value for printing the modification index    10.000

                                   M.I.     E.P.C.  Std E.P.C.  StdYX E.P.C.
Group MITTEL


BY Statements

ANTISEM  BY FF04DQ4R              12.088    -0.160     -0.160       -0.168
ANTISEM  BY FF08DQ4R              12.095     0.140      0.140        0.153
FREMDENF BY FF04DQ4R              19.178    -0.074     -0.074       -0.078
FREMDENF BY FF08DQ4R              19.180     0.085      0.085        0.093
RASS     BY FF04DQ4R              20.077    -0.224     -0.224       -0.236
RASS     BY FF08DQ4R              20.081     0.197      0.197        0.215
ISLAMPH  BY FF04DQ4R              18.030    -0.228     -0.228       -0.241
ISLAMPH  BY FF08DQ4R              18.031     0.201      0.201        0.219
ETABL    BY FF04DQ4R              15.588    -0.200     -0.200       -0.210
ETABL    BY FF08DQ4R              15.591     0.176      0.176        0.192

WITH Statements

AS01Q4R  WITH RA01Q4R             14.131    -0.082     -0.082       -0.242
AS02Q4R  WITH RA03Q4R             10.374     0.054      0.054        0.167
HE05MQ4R WITH RA03Q4R             10.486    -0.075     -0.075       -0.167
HE12MQ4R WITH FF04DQ4R            13.248    -0.095     -0.095       -0.249
HE12MQ4R WITH FF08DQ4R            13.095     0.089      0.089        0.216

Means/Intercepts/Thresholds

[ HE01HQ4  ]                      14.398    -0.081     -0.081       -0.073
[ HE02HQ4R ]                      14.400     0.051      0.051        0.047

Group HOCH


BY Statements

FREMDENF BY FF04DQ4R              19.182     0.172      0.164        0.183
FREMDENF BY FF08DQ4R              19.182    -0.131     -0.125       -0.149
FREMDENF BY EV03Q4R               10.563     0.154      0.147        0.167
FREMDENF BY EV04Q4R               10.550    -0.235     -0.224       -0.248
ISLAMPH  BY FF04DQ4R              20.304     0.268      0.242        0.270
ISLAMPH  BY FF08DQ4R              20.303    -0.236     -0.213       -0.255

WITH Statements

SX03Q4R  WITH HE01HQ4             27.666     0.098      0.098        0.256
RA01Q4R  WITH EV04Q4R             14.980     0.078      0.078        0.205

Means/Intercepts/Thresholds

[ HE01HQ4  ]                      14.396     0.135      0.135        0.128
[ HE02HQ4R ]                      14.400    -0.196     -0.196       -0.211



DIAGRAM INFORMATION

  Use View Diagram under the Diagram menu in the Mplus Editor to view the diagram.
  If running Mplus from the Mplus Diagrammer, the diagram opens automatically.

  Diagram output
    e:\fertig\begleitmaterial\kapitel 4\mg_scalar.dgm

     Beginning Time:  09:27:39
        Ending Time:  09:27:43
       Elapsed Time:  00:00:04



MUTHEN & MUTHEN
3463 Stoner Ave.
Los Angeles, CA  90066

Tel: (310) 391-9971
Fax: (310) 391-8971
Web: www.StatModel.com
Support: Support@StatModel.com

Copyright (c) 1998-2015 Muthen & Muthen
