Mplus VERSION 7.4
MUTHEN & MUTHEN
10/13/2016   9:46 PM

INPUT INSTRUCTIONS

  TITLE:    Messfehlerkorrigierter Intraklassen-Korrelationskoeffizient
            für latente Variablen (SEM)

  DATA:     FILE IS civics99.dat;

  VARIABLE: NAMES ARE idschool bs4e3 bs4e7 bs4e10
            bs4h2 bs4h3 bs4h5 bs4h6 bs4h2_r bs4h3_r bs4h5_r
            schtyp;

            MISSING ARE ALL (999);
            CLUSTER IS idschool;

            USEVARIABLES ARE
                               ! "Immigrants’ children should have the same opportunities (R
            bs4h2_r            !  for education that other children in the country have" (R)
            bs4h3_r            ! "Immigrants who live in a country for several years should
            bs4h5_r            ! "Immigrants should have all the same rights that everyone e
            bs4h6              ! "Immigrants should be forbidden to engage in political acti
            bs4e3              ! "The flag of this country [name of country] is important to
            bs4e7              ! "I have great love for this country [name of country]"
            bs4e10;            ! "The national anthem of this country [name of country] is i

  ANALYSIS: TYPE IS TWOLEVEL;

  MODEL:    %WITHIN%

            pride_w BY
            bs4e10
            bs4e7 (1)
            bs4e3 (2);

            pride_w (prid_var_w);

            prej_w BY
            bs4h2_r
            bs4h3_r (3)
            bs4h5_r (4)
            bs4h6 (5);

            prej_w (prej_var_w);

            %BETWEEN%

            pride_b BY
            bs4e10
            bs4e7 (1)
            bs4e3 (2);

            pride_b (prid_var_b);

            prej_b BY
            bs4h2_r
            bs4h3_r (3)
            bs4h5_r (4)
            bs4h6 (5);

            prej_b (prej_var_b);

  MODEL CONSTRAINT:

            NEW (ICC_prid ICC_prej);
            ICC_prid = prid_var_b/(prid_var_b + prid_var_w);
            ICC_prej = prej_var_b/(prej_var_b + prej_var_w);

  OUTPUT: cinterval;




*** WARNING
  Input line exceeded 90 characters. Some input may be truncated.
                               ! "Immigrants’ children should have the same opportunities (R)
*** WARNING
  Input line exceeded 90 characters. Some input may be truncated.
            bs4h3_r            ! "Immigrants who live in a country for several years should h
*** WARNING
  Input line exceeded 90 characters. Some input may be truncated.
            bs4h5_r            ! "Immigrants should have all the same rights that everyone el
*** WARNING
  Input line exceeded 90 characters. Some input may be truncated.
            bs4h6              ! "Immigrants should be forbidden to engage in political activ
*** WARNING
  Input line exceeded 90 characters. Some input may be truncated.
            bs4e10;            ! "The national anthem of this country [name of country] is im
   5 WARNING(S) FOUND IN THE INPUT INSTRUCTIONS



Messfehlerkorrigierter Intraklassen-Korrelationskoeffizient
für latente Variablen (SEM)

SUMMARY OF ANALYSIS

Number of groups                                                 1
Number of observations                                        2400

Number of dependent variables                                    7
Number of independent variables                                  0
Number of continuous latent variables                            4

Observed dependent variables

  Continuous
   BS4H2_R     BS4H3_R     BS4H5_R     BS4H6       BS4E3       BS4E7
   BS4E10

Continuous latent variables
   PRIDE_W     PREJ_W      PRIDE_B     PREJ_B

Variables with special functions

  Cluster variable      IDSCHOOL

Estimator                                                      MLR
Information matrix                                        OBSERVED
Maximum number of iterations                                   100
Convergence criterion                                    0.100D-05
Maximum number of EM iterations                                500
Convergence criteria for the EM algorithm
  Loglikelihood change                                   0.100D-02
  Relative loglikelihood change                          0.100D-05
  Derivative                                             0.100D-03
Minimum variance                                         0.100D-03
Maximum number of steepest descent iterations                   20
Maximum number of iterations for H1                           2000
Convergence criterion for H1                             0.100D-03
Optimization algorithm                                         EMA

Input data file(s)
  civics99.dat
Input data format  FREE


SUMMARY OF DATA

     Number of missing data patterns             1
     Number of clusters                        135

     Average cluster size       17.778

     Estimated Intraclass Correlations for the Y Variables

                Intraclass              Intraclass              Intraclass
     Variable  Correlation   Variable  Correlation   Variable  Correlation

     BS4H2_R      0.013      BS4H3_R      0.014      BS4H5_R      0.007
     BS4H6        0.014      BS4E3        0.139      BS4E7        0.123
     BS4E10       0.033



COVARIANCE COVERAGE OF DATA

Minimum covariance coverage value   0.100


     PROPORTION OF DATA PRESENT


           Covariance Coverage
              BS4H2_R       BS4H3_R       BS4H5_R       BS4H6         BS4E3
              ________      ________      ________      ________      ________
 BS4H2_R        1.000
 BS4H3_R        1.000         1.000
 BS4H5_R        1.000         1.000         1.000
 BS4H6          1.000         1.000         1.000         1.000
 BS4E3          1.000         1.000         1.000         1.000         1.000
 BS4E7          1.000         1.000         1.000         1.000         1.000
 BS4E10         1.000         1.000         1.000         1.000         1.000


           Covariance Coverage
              BS4E7         BS4E10
              ________      ________
 BS4E7          1.000
 BS4E10         1.000         1.000



THE MODEL ESTIMATION TERMINATED NORMALLY

     WARNING:  THE RESIDUAL COVARIANCE MATRIX (THETA) IS NOT POSITIVE DEFINITE.
     THIS COULD INDICATE A NEGATIVE VARIANCE/RESIDUAL VARIANCE FOR AN OBSERVED
     VARIABLE, A CORRELATION GREATER OR EQUAL TO ONE BETWEEN TWO OBSERVED
     VARIABLES, OR A LINEAR DEPENDENCY AMONG MORE THAN TWO OBSERVED VARIABLES.
     CHECK THE RESULTS SECTION FOR MORE INFORMATION.



MODEL FIT INFORMATION

Number of Free Parameters                       32

Loglikelihood

          H0 Value                      -59219.772
          H0 Scaling Correction Factor      3.0504
            for MLR
          H1 Value                      -59155.351
          H1 Scaling Correction Factor      2.1222
            for MLR

Information Criteria

          Akaike (AIC)                  118503.544
          Bayesian (BIC)                118688.607
          Sample-Size Adjusted BIC      118586.936
            (n* = (n + 2) / 24)

Chi-Square Test of Model Fit

          Value                            110.689*
          Degrees of Freedom                    31
          P-Value                           0.0000
          Scaling Correction Factor         1.1640
            for MLR

*   The chi-square value for MLM, MLMV, MLR, ULSMV, WLSM and WLSMV cannot be used
    for chi-square difference testing in the regular way.  MLM, MLR and WLSM
    chi-square difference testing is described on the Mplus website.  MLMV, WLSMV,
    and ULSMV difference testing is done using the DIFFTEST option.

RMSEA (Root Mean Square Error Of Approximation)

          Estimate                           0.033

CFI/TLI

          CFI                                0.936
          TLI                                0.913

Chi-Square Test of Model Fit for the Baseline Model

          Value                           1282.774
          Degrees of Freedom                    42
          P-Value                           0.0000

SRMR (Standardized Root Mean Square Residual)

          Value for Within                   0.038
          Value for Between                  0.210



MODEL RESULTS

                                                    Two-Tailed
                    Estimate       S.E.  Est./S.E.    P-Value

Within Level

 PRIDE_W  BY
    BS4E10             1.000      0.000    999.000    999.000
    BS4E7              0.433      0.135      3.219      0.001
    BS4E3              0.545      0.250      2.177      0.029

 PREJ_W   BY
    BS4H2_R            1.000      0.000    999.000    999.000
    BS4H3_R            1.697      0.273      6.204      0.000
    BS4H5_R            1.194      0.178      6.714      0.000
    BS4H6              1.788      0.348      5.132      0.000

 PREJ_W   WITH
    PRIDE_W            0.288      0.413      0.698      0.485

 Variances
    PRIDE_W            1.785      1.328      1.345      0.179
    PREJ_W            68.453     21.768      3.145      0.002

 Residual Variances
    BS4H2_R          200.265     21.383      9.366      0.000
    BS4H3_R          360.572     37.109      9.716      0.000
    BS4H5_R          328.234     31.201     10.520      0.000
    BS4H6            458.725     42.330     10.837      0.000
    BS4E3              0.358      0.119      3.012      0.003
    BS4E7              0.510      0.076      6.678      0.000
    BS4E10           328.350     39.006      8.418      0.000

Between Level

 PRIDE_B  BY
    BS4E10             1.000      0.000    999.000    999.000
    BS4E7              0.433      0.135      3.219      0.001
    BS4E3              0.545      0.250      2.177      0.029

 PREJ_B   BY
    BS4H2_R            1.000      0.000    999.000    999.000
    BS4H3_R            1.697      0.273      6.204      0.000
    BS4H5_R            1.194      0.178      6.714      0.000
    BS4H6              1.788      0.348      5.132      0.000

 PREJ_B   WITH
    PRIDE_B            0.470      0.321      1.462      0.144

 Intercepts
    BS4H2_R            4.856      0.380     12.762      0.000
    BS4H3_R            8.598      0.553     15.542      0.000
    BS4H5_R            6.802      0.458     14.851      0.000
    BS4H6              9.807      0.560     17.499      0.000
    BS4E3              2.751      0.038     71.750      0.000
    BS4E7              2.795      0.036     78.655      0.000
    BS4E10             6.318      0.472     13.392      0.000

 Variances
    PRIDE_B            0.508      0.397      1.281      0.200
    PREJ_B             1.385      1.396      0.992      0.321

 Residual Variances
    BS4H2_R            1.150      1.567      0.734      0.463
    BS4H3_R            5.449      3.609      1.510      0.131
    BS4H5_R            1.615      3.114      0.519      0.604
    BS4H6              0.593      4.791      0.124      0.901
    BS4E3             -0.007      0.031     -0.214      0.831
    BS4E7              0.027      0.020      1.343      0.179
    BS4E10             9.025      3.848      2.346      0.019

New/Additional Parameters
    ICC_PRID           0.222      0.031      7.038      0.000
    ICC_PREJ           0.020      0.017      1.200      0.230


QUALITY OF NUMERICAL RESULTS

     Condition Number for the Information Matrix              0.167E-05
       (ratio of smallest to largest eigenvalue)


CONFIDENCE INTERVALS OF MODEL RESULTS

                  Lower .5%  Lower 2.5%    Lower 5%    Estimate    Upper 5%  Upper 2.5%   Upper .5%

Within Level

 PRIDE_W  BY
    BS4E10           1.000       1.000       1.000       1.000       1.000       1.000       1.000
    BS4E7            0.087       0.169       0.212       0.433       0.654       0.697       0.780
    BS4E3           -0.100       0.054       0.133       0.545       0.957       1.036       1.190

 PREJ_W   BY
    BS4H2_R          1.000       1.000       1.000       1.000       1.000       1.000       1.000
    BS4H3_R          0.992       1.161       1.247       1.697       2.147       2.233       2.401
    BS4H5_R          0.736       0.845       0.901       1.194       1.486       1.542       1.651
    BS4H6            0.890       1.105       1.215       1.788       2.361       2.470       2.685

 PREJ_W   WITH
    PRIDE_W         -0.776      -0.522      -0.392       0.288       0.968       1.099       1.353

 Variances
    PRIDE_W         -1.634      -0.817      -0.398       1.785       3.969       4.387       5.205
    PREJ_W          12.384      25.789      32.645      68.453     104.261     111.117     124.522

 Residual Variances
    BS4H2_R        145.188     158.355     165.091     200.265     235.440     242.175     255.343
    BS4H3_R        264.985     287.837     299.527     360.572     421.617     433.306     456.158
    BS4H5_R        247.866     267.080     276.908     328.234     379.560     389.388     408.602
    BS4H6          349.692     375.759     389.093     458.725     528.358     541.692     567.758
    BS4E3            0.052       0.125       0.163       0.358       0.554       0.591       0.665
    BS4E7            0.314       0.361       0.385       0.510       0.636       0.660       0.707
    BS4E10         227.878     251.898     264.185     328.350     392.515     404.802     428.822

Between Level

 PRIDE_B  BY
    BS4E10           1.000       1.000       1.000       1.000       1.000       1.000       1.000
    BS4E7            0.087       0.169       0.212       0.433       0.654       0.697       0.780
    BS4E3           -0.100       0.054       0.133       0.545       0.957       1.036       1.190

 PREJ_B   BY
    BS4H2_R          1.000       1.000       1.000       1.000       1.000       1.000       1.000
    BS4H3_R          0.992       1.161       1.247       1.697       2.147       2.233       2.401
    BS4H5_R          0.736       0.845       0.901       1.194       1.486       1.542       1.651
    BS4H6            0.890       1.105       1.215       1.788       2.361       2.470       2.685

 PREJ_B   WITH
    PRIDE_B         -0.358      -0.160      -0.059       0.470       0.998       1.100       1.297

 Intercepts
    BS4H2_R          3.876       4.110       4.230       4.856       5.482       5.601       5.836
    BS4H3_R          7.173       7.514       7.688       8.598       9.508       9.682      10.023
    BS4H5_R          5.622       5.904       6.048       6.802       7.555       7.699       7.981
    BS4H6            8.364       8.709       8.885       9.807      10.729      10.906      11.251
    BS4E3            2.652       2.676       2.688       2.751       2.814       2.826       2.850
    BS4E7            2.703       2.725       2.737       2.795       2.853       2.865       2.887
    BS4E10           5.103       5.393       5.542       6.318       7.094       7.242       7.533

 Variances
    PRIDE_B         -0.513      -0.269      -0.144       0.508       1.161       1.286       1.530
    PREJ_B          -2.211      -1.351      -0.912       1.385       3.682       4.121       4.981

 Residual Variances
    BS4H2_R         -2.885      -1.920      -1.427       1.150       3.728       4.221       5.186
    BS4H3_R         -3.846      -1.624      -0.487       5.449      11.385      12.522      14.744
    BS4H5_R         -6.405      -4.488      -3.507       1.615       6.737       7.718       9.636
    BS4H6          -11.747      -8.796      -7.287       0.593       8.474       9.983      12.933
    BS4E3           -0.088      -0.068      -0.058      -0.007       0.045       0.055       0.074
    BS4E7           -0.025      -0.012      -0.006       0.027       0.060       0.066       0.079
    BS4E10          -0.886       1.483       2.695       9.025      15.355      16.567      18.936

New/Additional Parameters
    ICC_PRID         0.140       0.160       0.170       0.222       0.273       0.283       0.303
    ICC_PREJ        -0.023      -0.013      -0.007       0.020       0.047       0.052       0.062


DIAGRAM INFORMATION

  Mplus diagrams are currently not available for multilevel analysis.
  No diagram output was produced.


     Beginning Time:  21:46:09
        Ending Time:  21:46:15
       Elapsed Time:  00:00:06



MUTHEN & MUTHEN
3463 Stoner Ave.
Los Angeles, CA  90066

Tel: (310) 391-9971
Fax: (310) 391-8971
Web: www.StatModel.com
Support: Support@StatModel.com

Copyright (c) 1998-2015 Muthen & Muthen
