Mplus VERSION 7.4
MUTHEN & MUTHEN
10/13/2016   9:18 PM

INPUT INSTRUCTIONS

  TITLE: Multipler Gruppenvergleich für Mehrebenenanalysen, Baseline-Modell

  DATA: FILE IS civics99.dat;

  VARIABLE:
  NAMES ARE
  idschool
  bs4e3 bs4e7 bs4e10
  bs4h2 bs4h3 bs4h5 bs4h6
  bs4h2_r bs4h3_r bs4h5_r
  schtyp;

  USEVARIABLES ARE
  bs4h6 bs4h2_r bs4h3_r bs4h5_r
  bs4e3 bs4e7 bs4e10;

  MISSING ARE ALL (99);
  !USEOBSERVATIONS IS (schtyp EQ 1);
  CLUSTER IS idschool;
  GROUPING IS schtyp (1 = Gymnasium 2 = Real&Haupt);

  ANALYSIS:
  TYPE IS TWOLEVEL;

  MODEL:

  %WITHIN%

  pride_w by bs4e10* bs4e7 bs4e3; ! Ladung des ersten Indikators wird frei geschätzt
  pride_w@1;                      ! Fixierung der Varianz auf 1

  prej_w by bs4h2_r* bs4h3_r bs4h5_r bs4h6;
  prej_w@1;

  %BETWEEN%

  pride_b by bs4e10* bs4e7 bs4e3;
  pride_b@1;

  prej_b by bs4h2_r* bs4h3_r bs4h5_r bs4h6;
  prej_b@1;

  BS4E10@0;

  MODEL Real&Haupt:               ! Gruppenspezifischer Befehlsblock MODEL;
                                  ! Spezifikation möglicher Abweichungen
  %WITHIN%

  pride_w by bs4e10* bs4e7 bs4e3;
  pride_w@1;

  prej_w by bs4h2_r* bs4h3_r bs4h5_r bs4h6;
  prej_w@1;

  %BETWEEN%

  pride_b by bs4e10* bs4e7 bs4e3;
  pride_b@1;

  prej_b by bs4h2_r* bs4h3_r bs4h5_r bs4h6;
  prej_b@1;

  BS4E3@0;

  Output: Modindices;



INPUT READING TERMINATED NORMALLY



Multipler Gruppenvergleich für Mehrebenenanalysen, Baseline-Modell

SUMMARY OF ANALYSIS

Number of groups                                                 2
Number of observations
   Group GYMNASIUM                                            1048
   Group REAL&HAUPT                                           1352
   Total sample size                                          2400

Number of dependent variables                                    7
Number of independent variables                                  0
Number of continuous latent variables                            4

Observed dependent variables

  Continuous
   BS4H6       BS4H2_R     BS4H3_R     BS4H5_R     BS4E3       BS4E7
   BS4E10

Continuous latent variables
   PRIDE_W     PREJ_W      PRIDE_B     PREJ_B

Variables with special functions

  Grouping variable     SCHTYP
  Cluster variable      IDSCHOOL

Estimator                                                      MLR
Information matrix                                        OBSERVED
Maximum number of iterations                                   100
Convergence criterion                                    0.100D-05
Maximum number of EM iterations                                500
Convergence criteria for the EM algorithm
  Loglikelihood change                                   0.100D-02
  Relative loglikelihood change                          0.100D-05
  Derivative                                             0.100D-03
Minimum variance                                         0.100D-03
Maximum number of steepest descent iterations                   20
Maximum number of iterations for H1                           2000
Convergence criterion for H1                             0.100D-03
Optimization algorithm                                         EMA

Input data file(s)
  civics99.dat
Input data format  FREE


SUMMARY OF DATA

   Group GYMNASIUM
     Number of missing data patterns            23
     Number of clusters                         56

     Average cluster size       18.714

     Estimated Intraclass Correlations for the Y Variables

                Intraclass              Intraclass              Intraclass
     Variable  Correlation   Variable  Correlation   Variable  Correlation

     BS4H6        0.099      BS4H2_R      0.185      BS4H3_R      0.092
     BS4H5_R      0.130      BS4E3        0.142      BS4E7        0.106
     BS4E10       0.135


   Group REAL&HAUPT
     Number of missing data patterns            27
     Number of clusters                         79

     Average cluster size       17.114

     Estimated Intraclass Correlations for the Y Variables

                Intraclass              Intraclass              Intraclass
     Variable  Correlation   Variable  Correlation   Variable  Correlation

     BS4H6        0.037      BS4H2_R      0.081      BS4H3_R      0.090
     BS4H5_R      0.073      BS4E3        0.101      BS4E7        0.118
     BS4E10       0.106



COVARIANCE COVERAGE OF DATA

Minimum covariance coverage value   0.100


     PROPORTION OF DATA PRESENT FOR GYMNASIUM


           Covariance Coverage
              BS4H6         BS4H2_R       BS4H3_R       BS4H5_R       BS4E3
              ________      ________      ________      ________      ________
 BS4H6          0.939
 BS4H2_R        0.922         0.976
 BS4H3_R        0.907         0.929         0.945
 BS4H5_R        0.911         0.942         0.908         0.959
 BS4E3          0.939         0.976         0.945         0.959         1.000
 BS4E7          0.939         0.976         0.945         0.959         1.000
 BS4E10         0.916         0.949         0.918         0.930         0.969


           Covariance Coverage
              BS4E7         BS4E10
              ________      ________
 BS4E7          1.000
 BS4E10         0.969         0.969


     PROPORTION OF DATA PRESENT FOR REAL&HAUPT


           Covariance Coverage
              BS4H6         BS4H2_R       BS4H3_R       BS4H5_R       BS4E3
              ________      ________      ________      ________      ________
 BS4H6          0.908
 BS4H2_R        0.891         0.968
 BS4H3_R        0.866         0.918         0.933
 BS4H5_R        0.884         0.928         0.899         0.953
 BS4E3          0.908         0.968         0.933         0.953         1.000
 BS4E7          0.908         0.968         0.933         0.953         1.000
 BS4E10         0.871         0.928         0.893         0.912         0.951


           Covariance Coverage
              BS4E7         BS4E10
              ________      ________
 BS4E7          1.000
 BS4E10         0.951         0.951



THE MODEL ESTIMATION TERMINATED NORMALLY



MODEL FIT INFORMATION

Number of Free Parameters                       66

Loglikelihood

          H0 Value                      -18477.805
          H0 Scaling Correction Factor      1.4173
            for MLR
          H1 Value                      -18434.906
          H1 Scaling Correction Factor      1.1081
            for MLR

Information Criteria

          Akaike (AIC)                   37087.609
          Bayesian (BIC)                 37469.302
          Sample-Size Adjusted BIC       37259.605
            (n* = (n + 2) / 24)

Chi-Square Test of Model Fit

          Value                            111.700*
          Degrees of Freedom                    60
          P-Value                           0.0001
          Scaling Correction Factor         0.7681
            for MLR

Chi-Square Contribution From Each Group

          GYMNASIUM                         66.190
          REAL&HAUPT                        45.510

*   The chi-square value for MLM, MLMV, MLR, ULSMV, WLSM and WLSMV cannot be used
    for chi-square difference testing in the regular way.  MLM, MLR and WLSM
    chi-square difference testing is described on the Mplus website.  MLMV, WLSMV,
    and ULSMV difference testing is done using the DIFFTEST option.

RMSEA (Root Mean Square Error Of Approximation)

          Estimate                           0.027

CFI/TLI

          CFI                                0.991
          TLI                                0.987

Chi-Square Test of Model Fit for the Baseline Model

          Value                           5567.625
          Degrees of Freedom                    84
          P-Value                           0.0000

SRMR (Standardized Root Mean Square Residual)

          Value for Within                   0.020
          Value for Between                  0.043



MODEL RESULTS

                                                    Two-Tailed
                    Estimate       S.E.  Est./S.E.    P-Value

Group GYMNASIUM

Within Level

 PRIDE_W  BY
    BS4E10             0.801      0.029     27.987      0.000
    BS4E7              0.562      0.029     19.364      0.000
    BS4E3              0.764      0.034     22.725      0.000

 PREJ_W   BY
    BS4H2_R            0.571      0.040     14.324      0.000
    BS4H3_R            0.560      0.029     19.593      0.000
    BS4H5_R            0.656      0.028     23.486      0.000
    BS4H6              0.566      0.030     18.592      0.000

 PREJ_W   WITH
    PRIDE_W            0.324      0.051      6.346      0.000

 Variances
    PRIDE_W            1.000      0.000    999.000    999.000
    PREJ_W             1.000      0.000    999.000    999.000

 Residual Variances
    BS4H6              0.392      0.039      9.979      0.000
    BS4H2_R            0.209      0.021      9.771      0.000
    BS4H3_R            0.358      0.028     12.587      0.000
    BS4H5_R            0.244      0.024     10.332      0.000
    BS4E3              0.333      0.053      6.306      0.000
    BS4E7              0.515      0.030     17.014      0.000
    BS4E10             0.227      0.034      6.579      0.000

Between Level

 PRIDE_B  BY
    BS4E10             0.370      0.039      9.421      0.000
    BS4E7              0.288      0.049      5.835      0.000
    BS4E3              0.363      0.041      8.770      0.000

 PREJ_B   BY
    BS4H2_R            0.331      0.044      7.506      0.000
    BS4H3_R            0.260      0.033      7.857      0.000
    BS4H5_R            0.319      0.029     10.847      0.000
    BS4H6              0.279      0.026     10.668      0.000

 PREJ_B   WITH
    PRIDE_B            0.751      0.107      7.014      0.000

 Means
    PRIDE_B            0.000      0.000    999.000    999.000
    PREJ_B             0.000      0.000    999.000    999.000

 Intercepts
    BS4H6              2.022      0.043     47.440      0.000
    BS4H2_R            1.853      0.046     40.335      0.000
    BS4H3_R            2.139      0.044     48.765      0.000
    BS4H5_R            2.032      0.043     47.439      0.000
    BS4E3              2.577      0.065     39.548      0.000
    BS4E7              2.624      0.054     48.837      0.000
    BS4E10             2.452      0.059     41.261      0.000

 Variances
    PRIDE_B            1.000      0.000    999.000    999.000
    PREJ_B             1.000      0.000    999.000    999.000

 Residual Variances
    BS4H6              0.000      0.006      0.059      0.953
    BS4H2_R            0.012      0.005      2.114      0.035
    BS4H3_R            0.000      0.006      0.041      0.967
    BS4H5_R            0.000      0.008      0.013      0.989
    BS4E3              0.019      0.013      1.463      0.143
    BS4E7              0.015      0.012      1.243      0.214
    BS4E10             0.000      0.000    999.000    999.000

Group REAL&HAUPT

Within Level

 PRIDE_W  BY
    BS4E10             0.781      0.027     29.336      0.000
    BS4E7              0.596      0.035     17.027      0.000
    BS4E3              0.716      0.026     27.979      0.000

 PREJ_W   BY
    BS4H2_R            0.657      0.034     19.563      0.000
    BS4H3_R            0.648      0.031     20.655      0.000
    BS4H5_R            0.722      0.027     26.302      0.000
    BS4H6              0.486      0.035     14.071      0.000

 PREJ_W   WITH
    PRIDE_W            0.312      0.045      7.000      0.000

 Variances
    PRIDE_W            1.000      0.000    999.000    999.000
    PREJ_W             1.000      0.000    999.000    999.000

 Residual Variances
    BS4H6              0.613      0.042     14.745      0.000
    BS4H2_R            0.270      0.025     10.793      0.000
    BS4H3_R            0.379      0.029     12.931      0.000
    BS4H5_R            0.280      0.026     10.596      0.000
    BS4E3              0.349      0.032     10.878      0.000
    BS4E7              0.502      0.035     14.527      0.000
    BS4E10             0.266      0.036      7.374      0.000

Between Level

 PRIDE_B  BY
    BS4E10             0.305      0.048      6.316      0.000
    BS4E7              0.307      0.047      6.519      0.000
    BS4E3              0.321      0.044      7.281      0.000

 PREJ_B   BY
    BS4H2_R            0.246      0.038      6.413      0.000
    BS4H3_R            0.270      0.039      6.912      0.000
    BS4H5_R            0.228      0.040      5.684      0.000
    BS4H6              0.194      0.036      5.326      0.000

 PREJ_B   WITH
    PRIDE_B            0.863      0.090      9.621      0.000

 Means
    PRIDE_B            0.938      0.276      3.401      0.001
    PREJ_B             0.529      0.249      2.127      0.033

 Intercepts
    BS4H6              2.022      0.043     47.440      0.000
    BS4H2_R            1.853      0.046     40.335      0.000
    BS4H3_R            2.139      0.044     48.765      0.000
    BS4H5_R            2.032      0.043     47.439      0.000
    BS4E3              2.577      0.065     39.548      0.000
    BS4E7              2.624      0.054     48.837      0.000
    BS4E10             2.452      0.059     41.261      0.000

 Variances
    PRIDE_B            1.000      0.000    999.000    999.000
    PREJ_B             1.000      0.000    999.000    999.000

 Residual Variances
    BS4H6              0.000      0.010      0.020      0.984
    BS4H2_R            0.002      0.005      0.376      0.707
    BS4H3_R            0.006      0.006      1.102      0.271
    BS4H5_R            0.003      0.005      0.679      0.497
    BS4E3              0.000      0.000    999.000    999.000
    BS4E7              0.014      0.009      1.535      0.125
    BS4E10             0.000      0.000    999.000    999.000


QUALITY OF NUMERICAL RESULTS

     Condition Number for the Information Matrix              0.505E-04
       (ratio of smallest to largest eigenvalue)


MODEL MODIFICATION INDICES

NOTE:  Modification indices for direct effects of observed dependent variables
regressed on covariates may not be included.  To include these, request
MODINDICES (ALL).

Minimum M.I. value for printing the modification index    10.000

                                   M.I.     E.P.C.  Std E.P.C.  StdYX E.P.C.

Group GYMNASIUM

Within Level

BY Statements

PRIDE_W  BY BS4H5_R               10.229    -0.067     -0.067       -0.081

WITH Statements

BS4H2_R  WITH BS4H6               25.113    -0.067     -0.067       -0.235
BS4H5_R  WITH BS4H6               11.800     0.053      0.053        0.170
BS4H5_R  WITH BS4H3_R             18.788    -0.066     -0.066       -0.222
BS4E10   WITH BS4H5_R             10.487    -0.035     -0.035       -0.150

Between Level

Group REAL&HAUPT

Within Level

Between Level
No modification indices above the minimum value.



DIAGRAM INFORMATION

  Mplus diagrams are currently not available for multilevel analysis.
  No diagram output was produced.


     Beginning Time:  21:18:29
        Ending Time:  21:18:46
       Elapsed Time:  00:00:17



MUTHEN & MUTHEN
3463 Stoner Ave.
Los Angeles, CA  90066

Tel: (310) 391-9971
Fax: (310) 391-8971
Web: www.StatModel.com
Support: Support@StatModel.com

Copyright (c) 1998-2015 Muthen & Muthen
