Mplus VERSION 7.4
MUTHEN & MUTHEN
10/13/2016   9:26 PM

INPUT INSTRUCTIONS

  TITLE: Multipler Gruppenvergleich für Mehrebenenanalysen, Vergleichs-Modell

  DATA: FILE IS civics99.dat;

  VARIABLE:
  NAMES ARE
  idschool
  bs4e3 bs4e7 bs4e10
  bs4h2 bs4h3 bs4h5 bs4h6
  bs4h2_r bs4h3_r bs4h5_r
  schtyp;

  USEVARIABLES ARE
  bs4h6 bs4h2_r bs4h3_r bs4h5_r
  bs4e3 bs4e7 bs4e10;

  MISSING ARE ALL (99);
  !USEOBSERVATIONS IS (schtyp EQ 1);
  CLUSTER IS idschool;
  GROUPING IS schtyp (1 = Gymnasium 2 = Real&Haupt);

  ANALYSIS:
  TYPE IS TWOLEVEL;

  MODEL:

  %WITHIN%

  pride_w by bs4e10* bs4e7 bs4e3; ! Ladung des ersten Indikators wird frei geschätzt
  pride_w@1;                      ! Fixierung der Varianz auf 1

  prej_w by bs4h2_r* bs4h3_r bs4h5_r bs4h6;
  prej_w@1;

  %BETWEEN%

  pride_b by bs4e10* bs4e7 bs4e3;
  pride_b@1;

  prej_b by bs4h2_r* bs4h3_r bs4h5_r bs4h6;
  prej_b@1;

  BS4E10@0;

  MODEL Real&Haupt:               ! Gruppenspezifischer Befehlsblock MODEL;
                                  ! Spezifikation von Abweichungen
  !%WITHIN%

  !pride_w by bs4e10* bs4e7 bs4e3;
  !pride_w@1;

  !prej_w by bs4h2_r* bs4h3_r bs4h5_r bs4h6;
  !prej_w@1;

  %BETWEEN%

  !pride_b by bs4e10* bs4e7 bs4e3;
  !pride_b@1;

  !prej_b by bs4h2_r* bs4h3_r bs4h5_r bs4h6;
  !prej_b@1;

  BS4E3@0;
  !bs4h6-bs4e10@0;

  Output: Modindices;



INPUT READING TERMINATED NORMALLY



Multipler Gruppenvergleich für Mehrebenenanalysen, Vergleichs-Modell

SUMMARY OF ANALYSIS

Number of groups                                                 2
Number of observations
   Group GYMNASIUM                                            1048
   Group REAL&HAUPT                                           1352
   Total sample size                                          2400

Number of dependent variables                                    7
Number of independent variables                                  0
Number of continuous latent variables                            4

Observed dependent variables

  Continuous
   BS4H6       BS4H2_R     BS4H3_R     BS4H5_R     BS4E3       BS4E7
   BS4E10

Continuous latent variables
   PRIDE_W     PREJ_W      PRIDE_B     PREJ_B

Variables with special functions

  Grouping variable     SCHTYP
  Cluster variable      IDSCHOOL

Estimator                                                      MLR
Information matrix                                        OBSERVED
Maximum number of iterations                                   100
Convergence criterion                                    0.100D-05
Maximum number of EM iterations                                500
Convergence criteria for the EM algorithm
  Loglikelihood change                                   0.100D-02
  Relative loglikelihood change                          0.100D-05
  Derivative                                             0.100D-03
Minimum variance                                         0.100D-03
Maximum number of steepest descent iterations                   20
Maximum number of iterations for H1                           2000
Convergence criterion for H1                             0.100D-03
Optimization algorithm                                         EMA

Input data file(s)
  civics99.dat
Input data format  FREE


SUMMARY OF DATA

   Group GYMNASIUM
     Number of missing data patterns            23
     Number of clusters                         56

     Average cluster size       18.714

     Estimated Intraclass Correlations for the Y Variables

                Intraclass              Intraclass              Intraclass
     Variable  Correlation   Variable  Correlation   Variable  Correlation

     BS4H6        0.099      BS4H2_R      0.185      BS4H3_R      0.092
     BS4H5_R      0.130      BS4E3        0.142      BS4E7        0.106
     BS4E10       0.135


   Group REAL&HAUPT
     Number of missing data patterns            27
     Number of clusters                         79

     Average cluster size       17.114

     Estimated Intraclass Correlations for the Y Variables

                Intraclass              Intraclass              Intraclass
     Variable  Correlation   Variable  Correlation   Variable  Correlation

     BS4H6        0.037      BS4H2_R      0.081      BS4H3_R      0.090
     BS4H5_R      0.073      BS4E3        0.101      BS4E7        0.118
     BS4E10       0.106



COVARIANCE COVERAGE OF DATA

Minimum covariance coverage value   0.100


     PROPORTION OF DATA PRESENT FOR GYMNASIUM


           Covariance Coverage
              BS4H6         BS4H2_R       BS4H3_R       BS4H5_R       BS4E3
              ________      ________      ________      ________      ________
 BS4H6          0.939
 BS4H2_R        0.922         0.976
 BS4H3_R        0.907         0.929         0.945
 BS4H5_R        0.911         0.942         0.908         0.959
 BS4E3          0.939         0.976         0.945         0.959         1.000
 BS4E7          0.939         0.976         0.945         0.959         1.000
 BS4E10         0.916         0.949         0.918         0.930         0.969


           Covariance Coverage
              BS4E7         BS4E10
              ________      ________
 BS4E7          1.000
 BS4E10         0.969         0.969


     PROPORTION OF DATA PRESENT FOR REAL&HAUPT


           Covariance Coverage
              BS4H6         BS4H2_R       BS4H3_R       BS4H5_R       BS4E3
              ________      ________      ________      ________      ________
 BS4H6          0.908
 BS4H2_R        0.891         0.968
 BS4H3_R        0.866         0.918         0.933
 BS4H5_R        0.884         0.928         0.899         0.953
 BS4E3          0.908         0.968         0.933         0.953         1.000
 BS4E7          0.908         0.968         0.933         0.953         1.000
 BS4E10         0.871         0.928         0.893         0.912         0.951


           Covariance Coverage
              BS4E7         BS4E10
              ________      ________
 BS4E7          1.000
 BS4E10         0.951         0.951



THE MODEL ESTIMATION TERMINATED NORMALLY



MODEL FIT INFORMATION

Number of Free Parameters                       52

Loglikelihood

          H0 Value                      -18497.605
          H0 Scaling Correction Factor      1.4803
            for MLR
          H1 Value                      -18434.906
          H1 Scaling Correction Factor      1.1081
            for MLR

Information Criteria

          Akaike (AIC)                   37099.210
          Bayesian (BIC)                 37399.937
          Sample-Size Adjusted BIC       37234.722
            (n* = (n + 2) / 24)

Chi-Square Test of Model Fit

          Value                            148.117*
          Degrees of Freedom                    74
          P-Value                           0.0000
          Scaling Correction Factor         0.8466
            for MLR

Chi-Square Contribution From Each Group

          GYMNASIUM                         84.276
          REAL&HAUPT                        63.841

*   The chi-square value for MLM, MLMV, MLR, ULSMV, WLSM and WLSMV cannot be used
    for chi-square difference testing in the regular way.  MLM, MLR and WLSM
    chi-square difference testing is described on the Mplus website.  MLMV, WLSMV,
    and ULSMV difference testing is done using the DIFFTEST option.

RMSEA (Root Mean Square Error Of Approximation)

          Estimate                           0.029

CFI/TLI

          CFI                                0.986
          TLI                                0.985

Chi-Square Test of Model Fit for the Baseline Model

          Value                           5567.625
          Degrees of Freedom                    84
          P-Value                           0.0000

SRMR (Standardized Root Mean Square Residual)

          Value for Within                   0.025
          Value for Between                  0.045



MODEL RESULTS

                                                    Two-Tailed
                    Estimate       S.E.  Est./S.E.    P-Value

Group GYMNASIUM

Within Level

 PRIDE_W  BY
    BS4E10             0.790      0.019     40.527      0.000
    BS4E7              0.580      0.023     24.998      0.000
    BS4E3              0.738      0.021     35.071      0.000

 PREJ_W   BY
    BS4H2_R            0.618      0.027     23.127      0.000
    BS4H3_R            0.609      0.022     27.432      0.000
    BS4H5_R            0.691      0.020     34.936      0.000
    BS4H6              0.530      0.023     23.139      0.000

 PREJ_W   WITH
    PRIDE_W            0.328      0.050      6.620      0.000

 Variances
    PRIDE_W            1.000      0.000    999.000    999.000
    PREJ_W             1.000      0.000    999.000    999.000

 Residual Variances
    BS4H6              0.411      0.038     10.884      0.000
    BS4H2_R            0.199      0.021      9.518      0.000
    BS4H3_R            0.354      0.028     12.856      0.000
    BS4H5_R            0.245      0.022     11.003      0.000
    BS4E3              0.341      0.044      7.761      0.000
    BS4E7              0.510      0.029     17.407      0.000
    BS4E10             0.228      0.029      7.990      0.000

Between Level

 PRIDE_B  BY
    BS4E10             0.338      0.031     10.734      0.000
    BS4E7              0.303      0.034      8.809      0.000
    BS4E3              0.343      0.030     11.288      0.000

 PREJ_B   BY
    BS4H2_R            0.288      0.028     10.323      0.000
    BS4H3_R            0.257      0.023     11.090      0.000
    BS4H5_R            0.277      0.025     10.906      0.000
    BS4H6              0.239      0.023     10.182      0.000

 PREJ_B   WITH
    PRIDE_B            0.732      0.116      6.327      0.000

 Means
    PRIDE_B            0.000      0.000    999.000    999.000
    PREJ_B             0.000      0.000    999.000    999.000

 Intercepts
    BS4H6              2.035      0.044     45.769      0.000
    BS4H2_R            1.872      0.050     37.147      0.000
    BS4H3_R            2.165      0.044     49.381      0.000
    BS4H5_R            2.048      0.049     42.127      0.000
    BS4E3              2.589      0.061     42.780      0.000
    BS4E7              2.647      0.052     51.221      0.000
    BS4E10             2.459      0.056     43.876      0.000

 Variances
    PRIDE_B            1.000      0.000    999.000    999.000
    PREJ_B             1.000      0.000    999.000    999.000

 Residual Variances
    BS4H6              0.000      0.006      0.063      0.950
    BS4H2_R            0.012      0.006      2.118      0.034
    BS4H3_R            0.000      0.006      0.050      0.960
    BS4H5_R            0.000      0.008      0.028      0.977
    BS4E3              0.020      0.013      1.494      0.135
    BS4E7              0.014      0.012      1.161      0.245
    BS4E10             0.000      0.000    999.000    999.000

Group REAL&HAUPT

Within Level

 PRIDE_W  BY
    BS4E10             0.790      0.019     40.527      0.000
    BS4E7              0.580      0.023     24.998      0.000
    BS4E3              0.738      0.021     35.071      0.000

 PREJ_W   BY
    BS4H2_R            0.618      0.027     23.127      0.000
    BS4H3_R            0.609      0.022     27.432      0.000
    BS4H5_R            0.691      0.020     34.936      0.000
    BS4H6              0.530      0.023     23.139      0.000

 PREJ_W   WITH
    PRIDE_W            0.305      0.043      7.065      0.000

 Variances
    PRIDE_W            1.000      0.000    999.000    999.000
    PREJ_W             1.000      0.000    999.000    999.000

 Residual Variances
    BS4H6              0.603      0.041     14.835      0.000
    BS4H2_R            0.278      0.024     11.404      0.000
    BS4H3_R            0.384      0.027     14.072      0.000
    BS4H5_R            0.283      0.024     11.884      0.000
    BS4E3              0.342      0.030     11.436      0.000
    BS4E7              0.510      0.032     15.892      0.000
    BS4E10             0.266      0.032      8.227      0.000

Between Level

 PRIDE_B  BY
    BS4E10             0.338      0.031     10.734      0.000
    BS4E7              0.303      0.034      8.809      0.000
    BS4E3              0.343      0.030     11.288      0.000

 PREJ_B   BY
    BS4H2_R            0.288      0.028     10.323      0.000
    BS4H3_R            0.257      0.023     11.090      0.000
    BS4H5_R            0.277      0.025     10.906      0.000
    BS4H6              0.239      0.023     10.182      0.000

 PREJ_B   WITH
    PRIDE_B            0.884      0.068     12.904      0.000

 Means
    PRIDE_B            0.844      0.234      3.601      0.000
    PREJ_B             0.385      0.224      1.720      0.085

 Intercepts
    BS4H6              2.035      0.044     45.769      0.000
    BS4H2_R            1.872      0.050     37.147      0.000
    BS4H3_R            2.165      0.044     49.381      0.000
    BS4H5_R            2.048      0.049     42.127      0.000
    BS4E3              2.589      0.061     42.780      0.000
    BS4E7              2.647      0.052     51.221      0.000
    BS4E10             2.459      0.056     43.876      0.000

 Variances
    PRIDE_B            1.000      0.000    999.000    999.000
    PREJ_B             1.000      0.000    999.000    999.000

 Residual Variances
    BS4H6              0.001      0.010      0.055      0.956
    BS4H2_R            0.001      0.005      0.205      0.838
    BS4H3_R            0.010      0.007      1.428      0.153
    BS4H5_R            0.003      0.005      0.697      0.486
    BS4E3              0.000      0.000    999.000    999.000
    BS4E7              0.016      0.009      1.690      0.091
    BS4E10             0.000      0.000    999.000    999.000


QUALITY OF NUMERICAL RESULTS

     Condition Number for the Information Matrix              0.975E-04
       (ratio of smallest to largest eigenvalue)


MODEL MODIFICATION INDICES

NOTE:  Modification indices for direct effects of observed dependent variables
regressed on covariates may not be included.  To include these, request
MODINDICES (ALL).

Minimum M.I. value for printing the modification index    10.000

                                   M.I.     E.P.C.  Std E.P.C.  StdYX E.P.C.

Group GYMNASIUM

Within Level

BY Statements

PRIDE_W  BY BS4H5_R               10.166    -0.067     -0.067       -0.078
PREJ_W   BY BS4H6                 14.002     0.057      0.057        0.069

WITH Statements

BS4H2_R  WITH BS4H6               13.757    -0.047     -0.047       -0.164
BS4H5_R  WITH BS4H6               18.160     0.060      0.060        0.189
BS4H5_R  WITH BS4H3_R             20.430    -0.067     -0.067       -0.229

Between Level

Group REAL&HAUPT

Within Level

BY Statements

PREJ_W   BY BS4H6                 14.002    -0.067     -0.067       -0.072
PREJ_W   BY BS4E7                 11.144     0.077      0.077        0.083

Between Level



DIAGRAM INFORMATION

  Mplus diagrams are currently not available for multilevel analysis.
  No diagram output was produced.


     Beginning Time:  21:26:55
        Ending Time:  21:27:15
       Elapsed Time:  00:00:20



MUTHEN & MUTHEN
3463 Stoner Ave.
Los Angeles, CA  90066

Tel: (310) 391-9971
Fax: (310) 391-8971
Web: www.StatModel.com
Support: Support@StatModel.com

Copyright (c) 1998-2015 Muthen & Muthen
