Mplus VERSION 7.4
MUTHEN & MUTHEN
10/13/2016   9:15 PM

INPUT INSTRUCTIONS

  TITLE: Multipler Gruppenvergleich für Mehrebenenanalysen,
  separates Modell Gruppe 2

  DATA: FILE IS civics99.dat;

  VARIABLE:
  NAMES ARE
  idschool
  bs4e3 bs4e7 bs4e10
  bs4h2 bs4h3 bs4h5 bs4h6
  bs4h2_r bs4h3_r bs4h5_r
  schtyp;

  USEVARIABLES ARE
  bs4h6 bs4h2_r bs4h3_r bs4h5_r
  bs4e3 bs4e7 bs4e10;

  MISSING ARE ALL (99);
  USEOBSERVATIONS IS (schtyp EQ 2);
  CLUSTER IS idschool;
  !GROUPING IS schtyp (1 = Gymnasium 2 = Real&Haupt);

  ANALYSIS:
  TYPE IS TWOLEVEL;

  MODEL:

  %WITHIN%

  pride_w by bs4e10* bs4e7 bs4e3; ! Ladung des ersten Indikators wird frei geschätzt
  pride_w@1;                      ! Fixierung der Varianz auf 1

  prej_w by bs4h2_r* bs4h3_r bs4h5_r bs4h6;
  prej_w@1;

  %BETWEEN%

  pride_b by bs4e10* bs4e7 bs4e3;
  pride_b@1;

  prej_b by bs4h2_r* bs4h3_r bs4h5_r bs4h6;
  prej_b@1;

  !BS4E10@0;

  BS4E3@0;

  Output: Modindices;



INPUT READING TERMINATED NORMALLY



Multipler Gruppenvergleich für Mehrebenenanalysen,
separates Modell Gruppe 2

SUMMARY OF ANALYSIS

Number of groups                                                 1
Number of observations                                        1352

Number of dependent variables                                    7
Number of independent variables                                  0
Number of continuous latent variables                            4

Observed dependent variables

  Continuous
   BS4H6       BS4H2_R     BS4H3_R     BS4H5_R     BS4E3       BS4E7
   BS4E10

Continuous latent variables
   PRIDE_W     PREJ_W      PRIDE_B     PREJ_B

Variables with special functions

  Cluster variable      IDSCHOOL

Estimator                                                      MLR
Information matrix                                        OBSERVED
Maximum number of iterations                                   100
Convergence criterion                                    0.100D-05
Maximum number of EM iterations                                500
Convergence criteria for the EM algorithm
  Loglikelihood change                                   0.100D-02
  Relative loglikelihood change                          0.100D-05
  Derivative                                             0.100D-03
Minimum variance                                         0.100D-03
Maximum number of steepest descent iterations                   20
Maximum number of iterations for H1                           2000
Convergence criterion for H1                             0.100D-03
Optimization algorithm                                         EMA

Input data file(s)
  civics99.dat
Input data format  FREE


SUMMARY OF DATA

     Number of missing data patterns            27
     Number of clusters                         79

     Average cluster size       17.114

     Estimated Intraclass Correlations for the Y Variables

                Intraclass              Intraclass              Intraclass
     Variable  Correlation   Variable  Correlation   Variable  Correlation

     BS4H6        0.037      BS4H2_R      0.081      BS4H3_R      0.090
     BS4H5_R      0.073      BS4E3        0.101      BS4E7        0.118
     BS4E10       0.106



COVARIANCE COVERAGE OF DATA

Minimum covariance coverage value   0.100


     PROPORTION OF DATA PRESENT


           Covariance Coverage
              BS4H6         BS4H2_R       BS4H3_R       BS4H5_R       BS4E3
              ________      ________      ________      ________      ________
 BS4H6          0.908
 BS4H2_R        0.892         0.966
 BS4H3_R        0.869         0.914         0.928
 BS4H5_R        0.880         0.928         0.899         0.947
 BS4E3          0.908         0.966         0.928         0.947         1.000
 BS4E7          0.908         0.966         0.928         0.947         1.000
 BS4E10         0.875         0.929         0.891         0.907         0.956


           Covariance Coverage
              BS4E7         BS4E10
              ________      ________
 BS4E7          1.000
 BS4E10         0.956         0.956



THE MODEL ESTIMATION TERMINATED NORMALLY



MODEL FIT INFORMATION

Number of Free Parameters                       36

Loglikelihood

          H0 Value                      -10596.995
          H0 Scaling Correction Factor      1.3405
            for MLR
          H1 Value                      -10582.702
          H1 Scaling Correction Factor      1.0968
            for MLR

Information Criteria

          Akaike (AIC)                   21265.990
          Bayesian (BIC)                 21453.526
          Sample-Size Adjusted BIC       21339.170
            (n* = (n + 2) / 24)

Chi-Square Test of Model Fit

          Value                             37.034*
          Degrees of Freedom                    27
          P-Value                           0.0944
          Scaling Correction Factor         0.7719
            for MLR

*   The chi-square value for MLM, MLMV, MLR, ULSMV, WLSM and WLSMV cannot be used
    for chi-square difference testing in the regular way.  MLM, MLR and WLSM
    chi-square difference testing is described on the Mplus website.  MLMV, WLSMV,
    and ULSMV difference testing is done using the DIFFTEST option.

RMSEA (Root Mean Square Error Of Approximation)

          Estimate                           0.017

CFI/TLI

          CFI                                0.997
          TLI                                0.995

Chi-Square Test of Model Fit for the Baseline Model

          Value                           2958.934
          Degrees of Freedom                    42
          P-Value                           0.0000

SRMR (Standardized Root Mean Square Residual)

          Value for Within                   0.018
          Value for Between                  0.050



MODEL RESULTS

                                                    Two-Tailed
                    Estimate       S.E.  Est./S.E.    P-Value

Within Level

 PRIDE_W  BY
    BS4E10             0.783      0.026     29.858      0.000
    BS4E7              0.594      0.035     17.097      0.000
    BS4E3              0.717      0.026     27.560      0.000

 PREJ_W   BY
    BS4H2_R            0.656      0.034     19.472      0.000
    BS4H3_R            0.648      0.032     20.564      0.000
    BS4H5_R            0.721      0.028     26.128      0.000
    BS4H6              0.487      0.035     14.098      0.000

 PREJ_W   WITH
    PRIDE_W            0.311      0.045      6.984      0.000

 Variances
    PRIDE_W            1.000      0.000    999.000    999.000
    PREJ_W             1.000      0.000    999.000    999.000

 Residual Variances
    BS4H6              0.612      0.041     14.768      0.000
    BS4H2_R            0.270      0.025     10.772      0.000
    BS4H3_R            0.379      0.029     12.940      0.000
    BS4H5_R            0.280      0.026     10.570      0.000
    BS4E3              0.349      0.032     10.797      0.000
    BS4E7              0.504      0.034     14.724      0.000
    BS4E10             0.259      0.036      7.229      0.000

Between Level

 PRIDE_B  BY
    BS4E10             0.301      0.048      6.212      0.000
    BS4E7              0.328      0.043      7.606      0.000
    BS4E3              0.309      0.048      6.432      0.000

 PREJ_B   BY
    BS4H2_R            0.251      0.038      6.652      0.000
    BS4H3_R            0.264      0.041      6.470      0.000
    BS4H5_R            0.243      0.038      6.364      0.000
    BS4H6              0.185      0.042      4.444      0.000

 PREJ_B   WITH
    PRIDE_B            0.880      0.089      9.856      0.000

 Intercepts
    BS4H6              2.132      0.033     65.396      0.000
    BS4H2_R            1.977      0.037     52.871      0.000
    BS4H3_R            2.289      0.041     55.762      0.000
    BS4H5_R            2.134      0.038     55.655      0.000
    BS4E3              2.889      0.043     66.633      0.000
    BS4E7              2.898      0.046     62.409      0.000
    BS4E10             2.729      0.045     60.484      0.000

 Variances
    PRIDE_B            1.000      0.000    999.000    999.000
    PREJ_B             1.000      0.000    999.000    999.000

 Residual Variances
    BS4H6              0.001      0.010      0.142      0.887
    BS4H2_R            0.002      0.006      0.369      0.712
    BS4H3_R            0.006      0.006      1.062      0.288
    BS4H5_R            0.003      0.005      0.638      0.524
    BS4E3              0.000      0.000    999.000    999.000
    BS4E7              0.010      0.009      1.118      0.263
    BS4E10             0.008      0.006      1.399      0.162


QUALITY OF NUMERICAL RESULTS

     Condition Number for the Information Matrix              0.622E-03
       (ratio of smallest to largest eigenvalue)


MODEL MODIFICATION INDICES

NOTE:  Modification indices for direct effects of observed dependent variables
regressed on covariates may not be included.  To include these, request
MODINDICES (ALL).

Minimum M.I. value for printing the modification index    10.000

                                   M.I.     E.P.C.  Std E.P.C.  StdYX E.P.C.

Within Level

Between Level

No modification indices above the minimum value.



DIAGRAM INFORMATION

  Mplus diagrams are currently not available for multilevel analysis.
  No diagram output was produced.


     Beginning Time:  21:15:34
        Ending Time:  21:15:42
       Elapsed Time:  00:00:08



MUTHEN & MUTHEN
3463 Stoner Ave.
Los Angeles, CA  90066

Tel: (310) 391-9971
Fax: (310) 391-8971
Web: www.StatModel.com
Support: Support@StatModel.com

Copyright (c) 1998-2015 Muthen & Muthen
