Mplus VERSION 7.4
MUTHEN & MUTHEN
03/16/2016   8:13 AM

INPUT INSTRUCTIONS


  TITLE:    Mehrebenenanalyse
            Nullmodel

  DATA:     FILE IS EB47_1_Twolevel.dat;

  VARIABLE: NAMES ARE country contact percent disc;
            CLUSTER IS country;
            USEVARIABLES IS disc;
            MISSING ARE ALL (99);

  ANALYSIS: TYPE IS TWOLEVEL BASIC;












*** WARNING
  Data set contains cases with missing on all variables.
  These cases were not included in the analysis.
  Number of cases with missing on all variables:  2777
   1 WARNING(S) FOUND IN THE INPUT INSTRUCTIONS



Mehrebenenanalyse
Nullmodel

SUMMARY OF ANALYSIS

Number of groups                                                 1
Number of observations                                       13377

Number of dependent variables                                    1
Number of independent variables                                  0
Number of continuous latent variables                            0

Observed dependent variables

  Continuous
   DISC

Variables with special functions

  Cluster variable      COUNTRY

Estimator                                                      MLR
Information matrix                                        OBSERVED
Maximum number of iterations                                   100
Convergence criterion                                    0.100D-05
Maximum number of EM iterations                                500
Convergence criteria for the EM algorithm
  Loglikelihood change                                   0.100D-02
  Relative loglikelihood change                          0.100D-05
  Derivative                                             0.100D-03
Minimum variance                                         0.100D-03
Maximum number of steepest descent iterations                   20
Maximum number of iterations for H1                           2000
Convergence criterion for H1                             0.100D-03
Optimization algorithm                                         EMA

Input data file(s)
  EB47_1_Twolevel.dat
Input data format  FREE


SUMMARY OF DATA

     Number of missing data patterns             1
     Number of clusters                         15

       Size (s)    Cluster ID with Size s

        532        6
        701        8
        819        5
        822        12
        832        2
        835        15
        839        16
        850        11
        869        7
        876        14
        885        1
        910        3
        911        10
       1087        9
       1609        4

     Average cluster size      891.800

     Estimated Intraclass Correlations for the Y Variables

                Intraclass
     Variable  Correlation

     DISC         0.090



SUMMARY OF MISSING DATA PATTERNS


     MISSING DATA PATTERNS (x = not missing)

           1
 DISC      x


     MISSING DATA PATTERN FREQUENCIES

    Pattern   Frequency
          1       13377


COVARIANCE COVERAGE OF DATA

Minimum covariance coverage value   0.100


     PROPORTION OF DATA PRESENT


           Covariance Coverage
              DISC
              ________
 DISC           1.000





RESULTS FOR BASIC ANALYSIS

NOTE:  The sample statistics for within and between refer to the
       maximum-likelihood estimated within and between covariance
       matrices, respectively.


     ESTIMATED SAMPLE STATISTICS FOR WITHIN


           Means
              DISC
              ________
 1              0.000


           Covariances
              DISC
              ________
 DISC           0.615


           Correlations
              DISC
              ________
 DISC           1.000


     ESTIMATED SAMPLE STATISTICS FOR BETWEEN


           Means
              DISC
              ________
 1              2.705


           Covariances
              DISC
              ________
 DISC           0.061


           Correlations
              DISC
              ________
 DISC           1.000


     MAXIMUM LOG-LIKELIHOOD VALUE FOR THE UNRESTRICTED (H1) MODEL IS -15764.084


UNIVARIATE SAMPLE STATISTICS


     UNIVARIATE HIGHER-ORDER MOMENT DESCRIPTIVE STATISTICS

         Variable/         Mean/     Skewness/   Minimum/ % with                Percentiles
        Sample Size      Variance    Kurtosis    Maximum  Min/Max      20%/60%    40%/80%    Median

     DISC                  2.725       0.547       2.000   51.41%       2.000      2.000      2.000
           13377.000       0.677      -1.309       4.000   23.87%       3.000      4.000


DIAGRAM INFORMATION

  Mplus diagrams are currently not available for multilevel analysis.
  No diagram output was produced.


     Beginning Time:  08:13:32
        Ending Time:  08:13:33
       Elapsed Time:  00:00:01



MUTHEN & MUTHEN
3463 Stoner Ave.
Los Angeles, CA  90066

Tel: (310) 391-9971
Fax: (310) 391-8971
Web: www.StatModel.com
Support: Support@StatModel.com

Copyright (c) 1998-2015 Muthen & Muthen
