Mplus VERSION 7.4
MUTHEN & MUTHEN
03/23/2016   9:22 AM

INPUT INSTRUCTIONS


  TITLE:    Mehrebenenanalyse/Test eines Kontexteffekts

  DATA:     FILE IS GMF02_Querschnitt_MLM.dat;

  VARIABLE: NAMES ARE qcp_ser kreis1 ka03w1r aa01w1r aa03w1r
            ff04d1r ff08d1r ff03d1r tab02_08 contact prej;
            USEVARIABLES ARE contact prej;
            MISSING ARE contact prej (99);
            CLUSTER IS kreis1;

  ANALYSIS: TYPE IS TWOLEVEL;

  MODEL:    %WITHIN%
            prej ON contact (gamma10);  ! Modellspezifikation auf der Individualebene
                                        ! & Kennzeichnung des Within-Schätzers von
                                        ! Intergruppenkontakt
            %BETWEEN%
            prej ON contact (gamma01);  ! Modellspezifikation auf der Kontextebene
                                        ! & Kennzeichnung des Between-Schätzers von
                                        ! Intergruppenkontact

            MODEL CONSTRAINT:           ! Definition des neuen Parameters beta_c
            new (beta_c);
            beta_c = gamma01 - gamma10; ! Test des Kontexteffekts beta_c



























































*** WARNING
  Data set contains cases with missing on all variables except
  x-variables.  These cases were not included in the analysis.
  Number of cases with missing on all variables except x-variables:  4
   1 WARNING(S) FOUND IN THE INPUT INSTRUCTIONS



Mehrebenenanalyse/Test eines Kontexteffekts

SUMMARY OF ANALYSIS

Number of groups                                                 1
Number of observations                                        2718

Number of dependent variables                                    1
Number of independent variables                                  1
Number of continuous latent variables                            0

Observed dependent variables

  Continuous
   PREJ

Observed independent variables
   CONTACT

Variables with special functions

  Cluster variable      KREIS1

Estimator                                                      MLR
Information matrix                                        OBSERVED
Maximum number of iterations                                   100
Convergence criterion                                    0.100D-05
Maximum number of EM iterations                                500
Convergence criteria for the EM algorithm
  Loglikelihood change                                   0.100D-02
  Relative loglikelihood change                          0.100D-05
  Derivative                                             0.100D-03
Minimum variance                                         0.100D-03
Maximum number of steepest descent iterations                   20
Maximum number of iterations for H1                           2000
Convergence criterion for H1                             0.100D-03
Optimization algorithm                                         EMA

Input data file(s)
  GMF02_Querschnitt_MLM.dat
Input data format  FREE


SUMMARY OF DATA

     Number of missing data patterns             1
     Number of clusters                        416

     Average cluster size        6.534

     Estimated Intraclass Correlations for the Y Variables

                Intraclass
     Variable  Correlation

     PREJ         0.081



COVARIANCE COVERAGE OF DATA

Minimum covariance coverage value   0.100


     PROPORTION OF DATA PRESENT


           Covariance Coverage
              PREJ          CONTACT
              ________      ________
 PREJ           1.000
 CONTACT        1.000         1.000



THE MODEL ESTIMATION TERMINATED NORMALLY



MODEL FIT INFORMATION

Number of Free Parameters                        5

Loglikelihood

          H0 Value                       -6132.905
          H0 Scaling Correction Factor      1.0115
            for MLR
          H1 Value                       -6132.915
          H1 Scaling Correction Factor      1.0115
            for MLR

Information Criteria

          Akaike (AIC)                   12275.809
          Bayesian (BIC)                 12305.348
          Sample-Size Adjusted BIC       12289.461
            (n* = (n + 2) / 24)

Chi-Square Test of Model Fit

          Value                              0.000*
          Degrees of Freedom                     0
          P-Value                           1.0000
          Scaling Correction Factor         1.0000
            for MLR

*   The chi-square value for MLM, MLMV, MLR, ULSMV, WLSM and WLSMV cannot be used
    for chi-square difference testing in the regular way.  MLM, MLR and WLSM
    chi-square difference testing is described on the Mplus website.  MLMV, WLSMV,
    and ULSMV difference testing is done using the DIFFTEST option.

RMSEA (Root Mean Square Error Of Approximation)

          Estimate                           0.000

CFI/TLI

          CFI                                1.000
          TLI                                1.000

Chi-Square Test of Model Fit for the Baseline Model

          Value                            434.173
          Degrees of Freedom                     2
          P-Value                           0.0000

SRMR (Standardized Root Mean Square Residual)

          Value for Within                   0.000
          Value for Between                  0.004



MODEL RESULTS

                                                    Two-Tailed
                    Estimate       S.E.  Est./S.E.    P-Value

Within Level

 PREJ       ON
    CONTACT           -0.415      0.023    -18.381      0.000

 Residual Variances
    PREJ               0.572      0.015     37.786      0.000

Between Level

 PREJ       ON
    CONTACT           -0.697      0.057    -12.306      0.000

 Intercepts
    PREJ               3.796      0.124     30.574      0.000

 Residual Variances
    PREJ               0.004      0.006      0.731      0.465

New/Additional Parameters
    BETA_C            -0.282      0.068     -4.176      0.000


QUALITY OF NUMERICAL RESULTS

     Condition Number for the Information Matrix              0.287E-04
       (ratio of smallest to largest eigenvalue)


DIAGRAM INFORMATION

  Mplus diagrams are currently not available for multilevel analysis.
  No diagram output was produced.


     Beginning Time:  09:22:04
        Ending Time:  09:22:05
       Elapsed Time:  00:00:01



MUTHEN & MUTHEN
3463 Stoner Ave.
Los Angeles, CA  90066

Tel: (310) 391-9971
Fax: (310) 391-8971
Web: www.StatModel.com
Support: Support@StatModel.com

Copyright (c) 1998-2015 Muthen & Muthen
