Mplus VERSION 7.4
MUTHEN & MUTHEN
03/22/2016  11:30 AM

INPUT INSTRUCTIONS


  TITLE:    Mehrebenenanalyse
            Intergruppenkontakt als Individual- und Kontextvariable

  DATA:     FILE IS GMF02_Querschnitt_MLM.dat;

  VARIABLE: NAMES ARE qcp_ser kreis1 ka03w1r aa01w1r aa03w1r
            ff04d1r ff08d1r ff03d1r tab02_08 contact prej;
            USEVARIABLES ARE contact prej tab02_08;
            MISSING ARE contact prej (99);
            CLUSTER IS kreis1;
            BETWEEN IS tab02_08;

  DEFINE:   CENTER tab02_08 (GRANDMEAN);

  ANALYSIS: TYPE IS TWOLEVEL;

  MODEL:    %WITHIN%
            prej ON contact;          ! Modellspezifikation auf der Individualebene

            %BETWEEN%
            prej ON contact tab02_08; ! Modellspezifikation auf der Kontextebene






























































*** WARNING
  Data set contains cases with missing on all variables except
  x-variables.  These cases were not included in the analysis.
  Number of cases with missing on all variables except x-variables:  4
   1 WARNING(S) FOUND IN THE INPUT INSTRUCTIONS



Mehrebenenanalyse
Intergruppenkontakt als Individual- und Kontextvariable

SUMMARY OF ANALYSIS

Number of groups                                                 1
Number of observations                                        2718

Number of dependent variables                                    1
Number of independent variables                                  2
Number of continuous latent variables                            0

Observed dependent variables

  Continuous
   PREJ

Observed independent variables
   CONTACT     TAB02_08

Variables with special functions

  Cluster variable      KREIS1

  Between variables
   TAB02_08


Estimator                                                      MLR
Information matrix                                        OBSERVED
Maximum number of iterations                                   100
Convergence criterion                                    0.100D-05
Maximum number of EM iterations                                500
Convergence criteria for the EM algorithm
  Loglikelihood change                                   0.100D-02
  Relative loglikelihood change                          0.100D-05
  Derivative                                             0.100D-03
Minimum variance                                         0.100D-03
Maximum number of steepest descent iterations                   20
Maximum number of iterations for H1                           2000
Convergence criterion for H1                             0.100D-03
Optimization algorithm                                         EMA

Input data file(s)
  GMF02_Querschnitt_MLM.dat
Input data format  FREE


SUMMARY OF DATA

     Number of missing data patterns             1
     Number of clusters                        416

     Average cluster size        6.534

     Estimated Intraclass Correlations for the Y Variables

                Intraclass
     Variable  Correlation

     PREJ         0.069



COVARIANCE COVERAGE OF DATA

Minimum covariance coverage value   0.100


     PROPORTION OF DATA PRESENT


           Covariance Coverage
              PREJ          CONTACT       TAB02_08
              ________      ________      ________
 PREJ           1.000
 CONTACT        1.000         1.000
 TAB02_08       1.000         1.000         1.000



THE MODEL ESTIMATION TERMINATED NORMALLY



MODEL FIT INFORMATION

Number of Free Parameters                        6

Loglikelihood

          H0 Value                       -6036.416
          H0 Scaling Correction Factor      0.9792
            for MLR
          H1 Value                       -6036.428
          H1 Scaling Correction Factor      0.9792
            for MLR

Information Criteria

          Akaike (AIC)                   12084.832
          Bayesian (BIC)                 12120.278
          Sample-Size Adjusted BIC       12101.214
            (n* = (n + 2) / 24)

Chi-Square Test of Model Fit

          Value                              0.000*
          Degrees of Freedom                     0
          P-Value                           1.0000
          Scaling Correction Factor         1.0000
            for MLR

*   The chi-square value for MLM, MLMV, MLR, ULSMV, WLSM and WLSMV cannot be used
    for chi-square difference testing in the regular way.  MLM, MLR and WLSM
    chi-square difference testing is described on the Mplus website.  MLMV, WLSMV,
    and ULSMV difference testing is done using the DIFFTEST option.

RMSEA (Root Mean Square Error Of Approximation)

          Estimate                           0.000

CFI/TLI

          CFI                                1.000
          TLI                                1.000

Chi-Square Test of Model Fit for the Baseline Model

          Value                            502.150
          Degrees of Freedom                     3
          P-Value                           0.0000

SRMR (Standardized Root Mean Square Residual)

          Value for Within                   0.000
          Value for Between                  0.004



MODEL RESULTS

                                                    Two-Tailed
                    Estimate       S.E.  Est./S.E.    P-Value

Within Level

 PREJ       ON
    CONTACT           -0.418      0.022    -18.836      0.000

 Residual Variances
    PREJ               0.572      0.015     37.457      0.000

Between Level

 PREJ       ON
    CONTACT           -0.597      0.126     -4.736      0.000
    TAB02_08          -0.007      0.006     -1.082      0.279

 Intercepts
    PREJ               3.581      0.270     13.265      0.000

 Residual Variances
    PREJ               0.004      0.006      0.670      0.503


QUALITY OF NUMERICAL RESULTS

     Condition Number for the Information Matrix              0.348E-03
       (ratio of smallest to largest eigenvalue)


DIAGRAM INFORMATION

  Mplus diagrams are currently not available for multilevel analysis.
  No diagram output was produced.


     Beginning Time:  11:30:25
        Ending Time:  11:30:26
       Elapsed Time:  00:00:01



MUTHEN & MUTHEN
3463 Stoner Ave.
Los Angeles, CA  90066

Tel: (310) 391-9971
Fax: (310) 391-8971
Web: www.StatModel.com
Support: Support@StatModel.com

Copyright (c) 1998-2015 Muthen & Muthen
