Mplus VERSION 7.4
MUTHEN & MUTHEN
09/15/2016  12:53 PM

INPUT INSTRUCTIONS

  TITLE:    Konfirmatorische Faktorenanalyse mit Längsschnittdaten zur
            Überprüfung der Messinvarianz - Metrische Invarianz

  DATA:     FILE IS GMF_Panel_020304.dat;

  VARIABLE: NAMES ARE qcp_ser con11 con12 con13 con21 con22 con23 con31 con32 con33
            ff11 ff12 ff13 ff21 ff22 ff23 ff31 ff32 ff33;

            USEVARIABLES ARE con11 con12 con13 con21 con22 con23
            con31 con32 con33 ff11 ff12 ff13 ff21 ff22 ff23 ff31 ff32 ff33;

            MISSING ARE all (99);

  MODEL:    con1 BY con11
            con21 (1)        ! Gleichsetzen der Faktorladungen für
            con31 (2);       ! gleiche Indikatoren über die Zeit
            con2 BY con12
            con22 (1)
            con32 (2);
            con3 BY con13
            con23 (1)
            con33 (2);

            ff1 BY ff11
            ff21 (3)
            ff31 (4);
            ff2 BY ff12
            ff22 (3)
            ff32 (4);
            ff3 BY ff13
            ff23 (3)
            ff33 (4);

            con11 WITH con12 con13;
            con12 WITH con13;
            con21 WITH con22 con23;
            con22 WITH con23;
            con31 WITH con32 con33;
            con32 WITH con33;

            ff11 WITH ff12 ff13;
            ff12 WITH ff13;
            ff21 WITH ff22 ff23;
            ff22 WITH ff23;
            ff31 WITH ff32 ff33;
            ff32 WITH ff33;

            [con11@0 con12@0 con13@0];
            [con21 con22 con23];
            [con31 con32 con33];
            [ff11@0 ff12@0 ff13@0];
            [ff21 ff22 ff23];
            [ff31 ff32 ff33];

            [con1 con2 con3];
            [ff1 ff2 ff3];

  OUTPUT:   MODINDICES;



INPUT READING TERMINATED NORMALLY



Konfirmatorische Faktorenanalyse mit Längsschnittdaten zur
Überprüfung der Messinvarianz - Metrische Invarianz

SUMMARY OF ANALYSIS

Number of groups                                                 1
Number of observations                                         825

Number of dependent variables                                   18
Number of independent variables                                  0
Number of continuous latent variables                            6

Observed dependent variables

  Continuous
   CON11       CON12       CON13       CON21       CON22       CON23
   CON31       CON32       CON33       FF11        FF12        FF13
   FF21        FF22        FF23        FF31        FF32        FF33

Continuous latent variables
   CON1        CON2        CON3        FF1         FF2         FF3


Estimator                                                       ML
Information matrix                                        OBSERVED
Maximum number of iterations                                  1000
Convergence criterion                                    0.500D-04
Maximum number of steepest descent iterations                   20
Maximum number of iterations for H1                           2000
Convergence criterion for H1                             0.100D-03

Input data file(s)
  GMF_Panel_020304.dat

Input data format  FREE


SUMMARY OF DATA

     Number of missing data patterns            31


COVARIANCE COVERAGE OF DATA

Minimum covariance coverage value   0.100


     PROPORTION OF DATA PRESENT


           Covariance Coverage
              CON11         CON12         CON13         CON21         CON22
              ________      ________      ________      ________      ________
 CON11          0.998
 CON12          0.998         1.000
 CON13          0.998         1.000         1.000
 CON21          0.996         0.999         0.999         0.999
 CON22          0.995         0.998         0.998         0.996         0.998
 CON23          0.994         0.996         0.996         0.995         0.994
 CON31          0.996         0.999         0.999         0.998         0.996
 CON32          0.998         1.000         1.000         0.999         0.998
 CON33          0.998         1.000         1.000         0.999         0.998
 FF11           0.982         0.984         0.984         0.983         0.982
 FF12           0.988         0.990         0.990         0.989         0.988
 FF13           0.982         0.984         0.984         0.983         0.982
 FF21           0.984         0.987         0.987         0.985         0.984
 FF22           0.983         0.985         0.985         0.984         0.983
 FF23           0.982         0.984         0.984         0.983         0.982
 FF31           0.982         0.984         0.984         0.983         0.982
 FF32           0.992         0.994         0.994         0.993         0.992
 FF33           0.985         0.988         0.988         0.987         0.985


           Covariance Coverage
              CON23         CON31         CON32         CON33         FF11
              ________      ________      ________      ________      ________
 CON23          0.996
 CON31          0.995         0.999
 CON32          0.996         0.999         1.000
 CON33          0.996         0.999         1.000         1.000
 FF11           0.981         0.983         0.984         0.984         0.984
 FF12           0.987         0.989         0.990         0.990         0.977
 FF13           0.981         0.983         0.984         0.984         0.972
 FF21           0.983         0.985         0.987         0.987         0.975
 FF22           0.982         0.984         0.985         0.985         0.971
 FF23           0.981         0.983         0.984         0.984         0.970
 FF31           0.981         0.983         0.984         0.984         0.971
 FF32           0.990         0.993         0.994         0.994         0.979
 FF33           0.984         0.987         0.988         0.988         0.975


           Covariance Coverage
              FF12          FF13          FF21          FF22          FF23
              ________      ________      ________      ________      ________
 FF12           0.990
 FF13           0.975         0.984
 FF21           0.977         0.972         0.987
 FF22           0.978         0.971         0.972         0.985
 FF23           0.976         0.971         0.972         0.972         0.984
 FF31           0.976         0.968         0.973         0.972         0.971
 FF32           0.985         0.978         0.982         0.979         0.978
 FF33           0.978         0.977         0.976         0.973         0.973


           Covariance Coverage
              FF31          FF32          FF33
              ________      ________      ________
 FF31           0.984
 FF32           0.979         0.994
 FF33           0.972         0.982         0.988



THE MODEL ESTIMATION TERMINATED NORMALLY



MODEL FIT INFORMATION

Number of Free Parameters                       79

Loglikelihood

          H0 Value                      -15020.044
          H1 Value                      -14943.642

Information Criteria

          Akaike (AIC)                   30198.088
          Bayesian (BIC)                 30570.603
          Sample-Size Adjusted BIC       30319.728
            (n* = (n + 2) / 24)

Chi-Square Test of Model Fit

          Value                            152.803
          Degrees of Freedom                   110
          P-Value                           0.0044

RMSEA (Root Mean Square Error Of Approximation)

          Estimate                           0.022
          90 Percent C.I.                    0.013  0.030
          Probability RMSEA <= .05           1.000

CFI/TLI

          CFI                                0.995
          TLI                                0.994

Chi-Square Test of Model Fit for the Baseline Model

          Value                           9494.348
          Degrees of Freedom                   153
          P-Value                           0.0000

SRMR (Standardized Root Mean Square Residual)

          Value                              0.023



MODEL RESULTS

                                                    Two-Tailed
                    Estimate       S.E.  Est./S.E.    P-Value

 CON1     BY
    CON11              1.000      0.000    999.000    999.000
    CON21              1.372      0.064     21.303      0.000
    CON31              1.580      0.067     23.411      0.000

 CON2     BY
    CON12              1.000      0.000    999.000    999.000
    CON22              1.372      0.064     21.303      0.000
    CON32              1.580      0.067     23.411      0.000

 CON3     BY
    CON13              1.000      0.000    999.000    999.000
    CON23              1.372      0.064     21.303      0.000
    CON33              1.580      0.067     23.411      0.000

 FF1      BY
    FF11               1.000      0.000    999.000    999.000
    FF21               1.162      0.032     36.062      0.000
    FF31               0.842      0.029     28.992      0.000

 FF2      BY
    FF12               1.000      0.000    999.000    999.000
    FF22               1.162      0.032     36.062      0.000
    FF32               0.842      0.029     28.992      0.000

 FF3      BY
    FF13               1.000      0.000    999.000    999.000
    FF23               1.162      0.032     36.062      0.000
    FF33               0.842      0.029     28.992      0.000

 CON2     WITH
    CON1               0.222      0.019     11.829      0.000

 CON3     WITH
    CON1               0.210      0.018     11.765      0.000
    CON2               0.213      0.018     11.673      0.000

 FF1      WITH
    CON1              -0.195      0.019    -10.113      0.000
    CON2              -0.171      0.018     -9.332      0.000
    CON3              -0.163      0.018     -9.087      0.000

 FF2      WITH
    CON1              -0.185      0.019     -9.959      0.000
    CON2              -0.166      0.018     -9.352      0.000
    CON3              -0.167      0.018     -9.477      0.000
    FF1                0.524      0.036     14.551      0.000

 FF3      WITH
    CON1              -0.183      0.018    -10.012      0.000
    CON2              -0.166      0.018     -9.480      0.000
    CON3              -0.171      0.017     -9.772      0.000
    FF1                0.480      0.034     14.121      0.000
    FF2                0.508      0.035     14.626      0.000

 CON11    WITH
    CON12              0.085      0.012      7.022      0.000
    CON13              0.090      0.012      7.682      0.000

 CON12    WITH
    CON13              0.118      0.012      9.589      0.000

 CON21    WITH
    CON22              0.199      0.026      7.676      0.000
    CON23              0.182      0.025      7.317      0.000

 CON22    WITH
    CON23              0.246      0.026      9.603      0.000

 CON31    WITH
    CON32              0.030      0.023      1.307      0.191
    CON33              0.055      0.024      2.325      0.020

 CON32    WITH
    CON33              0.072      0.024      3.049      0.002

 FF11     WITH
    FF12               0.072      0.017      4.209      0.000
    FF13               0.071      0.016      4.394      0.000

 FF12     WITH
    FF13               0.095      0.016      5.991      0.000

 FF21     WITH
    FF22               0.046      0.017      2.636      0.008
    FF23               0.048      0.017      2.770      0.006

 FF22     WITH
    FF23               0.065      0.017      3.890      0.000

 FF31     WITH
    FF32               0.155      0.018      8.627      0.000
    FF33               0.152      0.018      8.641      0.000

 FF32     WITH
    FF33               0.147      0.017      8.508      0.000

 Means
    CON1               1.774      0.025     72.314      0.000
    CON2               1.838      0.024     75.434      0.000
    CON3               1.829      0.024     76.747      0.000
    FF1                2.298      0.034     66.927      0.000
    FF2                2.351      0.033     70.180      0.000
    FF3                2.479      0.032     77.206      0.000

 Intercepts
    CON11              0.000      0.000    999.000    999.000
    CON12              0.000      0.000    999.000    999.000
    CON13              0.000      0.000    999.000    999.000
    CON21             -0.349      0.120     -2.918      0.004
    CON22             -0.451      0.124     -3.650      0.000
    CON23             -0.431      0.123     -3.514      0.000
    CON31             -0.142      0.125     -1.133      0.257
    CON32             -0.302      0.129     -2.345      0.019
    CON33             -0.346      0.128     -2.694      0.007
    FF11               0.000      0.000    999.000    999.000
    FF12               0.000      0.000    999.000    999.000
    FF13               0.000      0.000    999.000    999.000
    FF21              -0.180      0.080     -2.252      0.024
    FF22              -0.222      0.081     -2.746      0.006
    FF23              -0.324      0.084     -3.833      0.000
    FF31               0.081      0.073      1.110      0.267
    FF32               0.173      0.074      2.343      0.019
    FF33               0.073      0.077      0.957      0.339

 Variances
    CON1               0.243      0.021     11.697      0.000
    CON2               0.233      0.020     11.429      0.000
    CON3               0.228      0.020     11.648      0.000
    FF1                0.608      0.041     14.651      0.000
    FF2                0.590      0.040     14.919      0.000
    FF3                0.567      0.038     14.998      0.000

 Residual Variances
    CON11              0.253      0.016     16.173      0.000
    CON12              0.257      0.016     16.201      0.000
    CON13              0.241      0.015     16.018      0.000
    CON21              0.564      0.034     16.605      0.000
    CON22              0.557      0.033     16.875      0.000
    CON23              0.528      0.032     16.610      0.000
    CON31              0.425      0.032     13.225      0.000
    CON32              0.374      0.030     12.510      0.000
    CON33              0.412      0.032     12.986      0.000
    FF11               0.358      0.024     14.760      0.000
    FF12               0.332      0.022     15.256      0.000
    FF13               0.279      0.020     14.126      0.000
    FF21               0.273      0.025     10.830      0.000
    FF22               0.182      0.020      8.897      0.000
    FF23               0.231      0.022     10.413      0.000
    FF31               0.419      0.024     17.309      0.000
    FF32               0.405      0.023     17.459      0.000
    FF33               0.385      0.022     17.304      0.000


QUALITY OF NUMERICAL RESULTS

     Condition Number for the Information Matrix              0.787E-04
       (ratio of smallest to largest eigenvalue)


MODEL MODIFICATION INDICES

NOTE:  Modification indices for direct effects of observed dependent variables
regressed on covariates may not be included.  To include these, request
MODINDICES (ALL).

Minimum M.I. value for printing the modification index    10.000

                                   M.I.     E.P.C.  Std E.P.C.  StdYX E.P.C.

No modification indices above the minimum value.



DIAGRAM INFORMATION

  Use View Diagram under the Diagram menu in the Mplus Editor to view the diagram.
  If running Mplus from the Mplus Diagrammer, the diagram opens automatically.

  Diagram output
    e:\fertig\begleitmaterial\kapitel 5\längscfa_metric.dgm

     Beginning Time:  12:52:59
        Ending Time:  12:53:02
       Elapsed Time:  00:00:03



MUTHEN & MUTHEN
3463 Stoner Ave.
Los Angeles, CA  90066

Tel: (310) 391-9971
Fax: (310) 391-8971
Web: www.StatModel.com
Support: Support@StatModel.com

Copyright (c) 1998-2015 Muthen & Muthen
