Mplus VERSION 7.4
MUTHEN & MUTHEN
09/15/2016   2:31 PM

INPUT INSTRUCTIONS

  TITLE:    Beispiel Unmeasured variable model - Test auf "Spuriousness"

  DATA:     FILE IS GMF_Panel_020304.dat;

  VARIABLE: NAMES ARE qcp_ser con11 con12 con13 con21 con22 con23 con31 con32 con33
            ff11 ff12 ff13 ff21 ff22 ff23 ff31 ff32 ff33;

            USEVARIABLES ARE con11 con12 con13 con21 con22 con23
            con31 con32 con33 ff11 ff12 ff13 ff21 ff22 ff23 ff31 ff32 ff33;

            MISSING ARE all (99);

  ANALYSIS: ITERATIONS = 5000;

  MODEL:    con1 BY con11
            con21 (1)
            con31 (2);
            con2 BY con12
            con22 (1)
            con32 (2);
            con3 BY con13
            con23 (1)
            con33 (2);

            ff1 BY ff11
            ff21 (3)
            ff31 (4);
            ff2 BY ff12
            ff22 (3)
            ff32 (4);
            ff3 BY ff13
            ff23 (3)
            ff33 (4);

            con2 ON con1 (9)  ! Gleichheitsrestriktionen auf korrespondierende
            ff1  (10);        ! Stabilitäts- und Cross-Lagged Parameter
            con3 ON con2 (9)
            ff2  (10);
            ff2 ON ff1   (11)
            con1 (12);
            ff3 ON ff2   (11)
            con2 (12);

            thirdvar BY con1* ! Spezifikation der latenten Drittvariablen
            con2              ! Die Ladung von con1 wird freigeschätzt
            con3              ! Die Ladungen entsprechend in diesem Fall
            ff1               ! Regressionsparametern (ON-Option)
            ff2
            ff3 ;
            thirdvar@1;       ! Varianz der latenten Drittvariablen wird aus
                              ! Identifikationszwecken auf 1 fixiert

            ff1@0;            ! Die Residualvarianz von ff1 wurde auf null fixiert,
                              ! da sie negativ geschätzt wurde

            con2 WITH ff2;

            con11 WITH con12 con13;
            con12 WITH con13;
            con21 WITH con22 con23;
            con22 WITH con23;
            con31 WITH con32 con33;
            con32 WITH con33;

            ff11 WITH ff12 ff13;
            ff12 WITH ff13;
            ff21 WITH ff22 ff23;
            ff22 WITH ff23;
            ff31 WITH ff32 ff33;
            ff32 WITH ff33;

            [con11@0 con12@0 con13@0];
            [con22 con23] (5);
            [con32 con33] (6);
            [ff11@0 ff12@0 ff13@0];
            [ff22 ff23] (7);
            [ff31 ff33] (8);

            [con1 con2 con3];
            [ff1 ff2 ff3];

  OUTPUT:   STDYX;TECH4;




INPUT READING TERMINATED NORMALLY



Beispiel Unmeasured variable model - Test auf "Spuriousness"

SUMMARY OF ANALYSIS

Number of groups                                                 1
Number of observations                                         825

Number of dependent variables                                   18
Number of independent variables                                  0
Number of continuous latent variables                            7

Observed dependent variables

  Continuous
   CON11       CON12       CON13       CON21       CON22       CON23
   CON31       CON32       CON33       FF11        FF12        FF13
   FF21        FF22        FF23        FF31        FF32        FF33

Continuous latent variables
   CON1        CON2        CON3        FF1         FF2         FF3
   THIRDVAR


Estimator                                                       ML
Information matrix                                        OBSERVED
Maximum number of iterations                                  5000
Convergence criterion                                    0.500D-04
Maximum number of steepest descent iterations                   20
Maximum number of iterations for H1                           2000
Convergence criterion for H1                             0.100D-03

Input data file(s)
  GMF_Panel_020304.dat

Input data format  FREE


SUMMARY OF DATA

     Number of missing data patterns            31


COVARIANCE COVERAGE OF DATA

Minimum covariance coverage value   0.100


     PROPORTION OF DATA PRESENT


           Covariance Coverage
              CON11         CON12         CON13         CON21         CON22
              ________      ________      ________      ________      ________
 CON11          0.998
 CON12          0.998         1.000
 CON13          0.998         1.000         1.000
 CON21          0.996         0.999         0.999         0.999
 CON22          0.995         0.998         0.998         0.996         0.998
 CON23          0.994         0.996         0.996         0.995         0.994
 CON31          0.996         0.999         0.999         0.998         0.996
 CON32          0.998         1.000         1.000         0.999         0.998
 CON33          0.998         1.000         1.000         0.999         0.998
 FF11           0.982         0.984         0.984         0.983         0.982
 FF12           0.988         0.990         0.990         0.989         0.988
 FF13           0.982         0.984         0.984         0.983         0.982
 FF21           0.984         0.987         0.987         0.985         0.984
 FF22           0.983         0.985         0.985         0.984         0.983
 FF23           0.982         0.984         0.984         0.983         0.982
 FF31           0.982         0.984         0.984         0.983         0.982
 FF32           0.992         0.994         0.994         0.993         0.992
 FF33           0.985         0.988         0.988         0.987         0.985


           Covariance Coverage
              CON23         CON31         CON32         CON33         FF11
              ________      ________      ________      ________      ________
 CON23          0.996
 CON31          0.995         0.999
 CON32          0.996         0.999         1.000
 CON33          0.996         0.999         1.000         1.000
 FF11           0.981         0.983         0.984         0.984         0.984
 FF12           0.987         0.989         0.990         0.990         0.977
 FF13           0.981         0.983         0.984         0.984         0.972
 FF21           0.983         0.985         0.987         0.987         0.975
 FF22           0.982         0.984         0.985         0.985         0.971
 FF23           0.981         0.983         0.984         0.984         0.970
 FF31           0.981         0.983         0.984         0.984         0.971
 FF32           0.990         0.993         0.994         0.994         0.979
 FF33           0.984         0.987         0.988         0.988         0.975


           Covariance Coverage
              FF12          FF13          FF21          FF22          FF23
              ________      ________      ________      ________      ________
 FF12           0.990
 FF13           0.975         0.984
 FF21           0.977         0.972         0.987
 FF22           0.978         0.971         0.972         0.985
 FF23           0.976         0.971         0.972         0.972         0.984
 FF31           0.976         0.968         0.973         0.972         0.971
 FF32           0.985         0.978         0.982         0.979         0.978
 FF33           0.978         0.977         0.976         0.973         0.973


           Covariance Coverage
              FF31          FF32          FF33
              ________      ________      ________
 FF31           0.984
 FF32           0.979         0.994
 FF33           0.972         0.982         0.988



THE MODEL ESTIMATION TERMINATED NORMALLY



MODEL FIT INFORMATION

Number of Free Parameters                       70

Loglikelihood

          H0 Value                      -15028.359
          H1 Value                      -14943.642

Information Criteria

          Akaike (AIC)                   30196.718
          Bayesian (BIC)                 30526.795
          Sample-Size Adjusted BIC       30304.500
            (n* = (n + 2) / 24)

Chi-Square Test of Model Fit

          Value                            169.433
          Degrees of Freedom                   119
          P-Value                           0.0017

RMSEA (Root Mean Square Error Of Approximation)

          Estimate                           0.023
          90 Percent C.I.                    0.014  0.030
          Probability RMSEA <= .05           1.000

CFI/TLI

          CFI                                0.995
          TLI                                0.993

Chi-Square Test of Model Fit for the Baseline Model

          Value                           9494.348
          Degrees of Freedom                   153
          P-Value                           0.0000

SRMR (Standardized Root Mean Square Residual)

          Value                              0.023



MODEL RESULTS

                                                    Two-Tailed
                    Estimate       S.E.  Est./S.E.    P-Value

 CON1     BY
    CON11              1.000      0.000    999.000    999.000
    CON21              1.371      0.064     21.326      0.000
    CON31              1.582      0.067     23.452      0.000

 CON2     BY
    CON12              1.000      0.000    999.000    999.000
    CON22              1.371      0.064     21.326      0.000
    CON32              1.582      0.067     23.452      0.000

 CON3     BY
    CON13              1.000      0.000    999.000    999.000
    CON23              1.371      0.064     21.326      0.000
    CON33              1.582      0.067     23.452      0.000

 FF1      BY
    FF11               1.000      0.000    999.000    999.000
    FF21               1.156      0.032     36.092      0.000
    FF31               0.842      0.029     29.336      0.000

 FF2      BY
    FF12               1.000      0.000    999.000    999.000
    FF22               1.156      0.032     36.092      0.000
    FF32               0.842      0.029     29.336      0.000

 FF3      BY
    FF13               1.000      0.000    999.000    999.000
    FF23               1.156      0.032     36.092      0.000
    FF33               0.842      0.029     29.336      0.000

 THIRDVAR BY
    CON1              -0.249      0.021    -11.654      0.000
    CON2               0.068      0.037      1.849      0.065
    CON3               0.043      0.035      1.239      0.215
    FF1                0.782      0.027     29.411      0.000
    FF2                0.119      0.055      2.150      0.032
    FF3                0.138      0.051      2.695      0.007

 CON2     ON
    CON1               0.924      0.021     43.101      0.000
    FF1               -0.073      0.045     -1.635      0.102

 CON3     ON
    CON2               0.924      0.021     43.101      0.000
    FF2               -0.073      0.045     -1.635      0.102

 FF2      ON
    FF1                0.675      0.066     10.262      0.000
    CON1              -0.106      0.032     -3.306      0.001

 FF3      ON
    FF2                0.675      0.066     10.262      0.000
    CON2              -0.106      0.032     -3.306      0.001

 CON2     WITH
    FF2               -0.002      0.006     -0.243      0.808

 CON11    WITH
    CON12              0.085      0.012      7.002      0.000
    CON13              0.091      0.012      7.817      0.000

 CON12    WITH
    CON13              0.117      0.012      9.483      0.000

 CON21    WITH
    CON22              0.197      0.026      7.617      0.000
    CON23              0.184      0.025      7.420      0.000

 CON22    WITH
    CON23              0.245      0.026      9.525      0.000

 CON31    WITH
    CON32              0.028      0.023      1.207      0.227
    CON33              0.058      0.023      2.478      0.013

 CON32    WITH
    CON33              0.067      0.023      2.873      0.004

 FF11     WITH
    FF12               0.071      0.017      4.155      0.000
    FF13               0.070      0.016      4.343      0.000

 FF12     WITH
    FF13               0.093      0.016      5.845      0.000

 FF21     WITH
    FF22               0.047      0.017      2.719      0.007
    FF23               0.050      0.017      2.893      0.004

 FF22     WITH
    FF23               0.065      0.017      3.922      0.000

 FF31     WITH
    FF32               0.154      0.018      8.622      0.000
    FF33               0.151      0.018      8.621      0.000

 FF32     WITH
    FF33               0.146      0.017      8.493      0.000

 Intercepts
    CON11              0.000      0.000    999.000    999.000
    CON12              0.000      0.000    999.000    999.000
    CON13              0.000      0.000    999.000    999.000
    CON21             -0.347      0.119     -2.906      0.004
    CON22             -0.440      0.122     -3.615      0.000
    CON23             -0.440      0.122     -3.615      0.000
    CON31             -0.143      0.125     -1.143      0.253
    CON32             -0.327      0.127     -2.571      0.010
    CON33             -0.327      0.127     -2.571      0.010
    FF11               0.000      0.000    999.000    999.000
    FF12               0.000      0.000    999.000    999.000
    FF13               0.000      0.000    999.000    999.000
    FF21              -0.162      0.079     -2.046      0.041
    FF22              -0.262      0.081     -3.249      0.001
    FF23              -0.262      0.081     -3.249      0.001
    FF31               0.090      0.072      1.253      0.210
    FF32               0.145      0.073      1.981      0.048
    FF33               0.090      0.072      1.253      0.210
    CON1               1.774      0.025     72.295      0.000
    CON2               0.369      0.114      3.227      0.001
    CON3               0.300      0.118      2.546      0.011
    FF1                2.294      0.033     69.221      0.000
    FF2                1.024      0.167      6.148      0.000
    FF3                1.042      0.172      6.050      0.000

 Variances
    THIRDVAR           1.000      0.000    999.000    999.000

 Residual Variances
    CON11              0.253      0.016     16.202      0.000
    CON12              0.259      0.016     16.498      0.000
    CON13              0.241      0.015     15.982      0.000
    CON21              0.565      0.034     16.665      0.000
    CON22              0.562      0.033     17.083      0.000
    CON23              0.527      0.032     16.588      0.000
    CON31              0.424      0.032     13.310      0.000
    CON32              0.381      0.029     12.981      0.000
    CON33              0.410      0.032     12.922      0.000
    FF11               0.357      0.024     14.717      0.000
    FF12               0.333      0.022     15.220      0.000
    FF13               0.278      0.020     14.054      0.000
    FF21               0.273      0.025     10.905      0.000
    FF22               0.185      0.020      9.064      0.000
    FF23               0.234      0.022     10.529      0.000
    FF31               0.419      0.024     17.287      0.000
    FF32               0.404      0.023     17.467      0.000
    FF33               0.385      0.022     17.295      0.000
    CON1               0.182      0.016     11.095      0.000
    CON2               0.025      0.006      3.909      0.000
    CON3               0.028      0.006      4.891      0.000
    FF1                0.000      0.000    999.000    999.000
    FF2                0.137      0.015      9.278      0.000
    FF3                0.122      0.012      9.895      0.000


STANDARDIZED MODEL RESULTS


STDYX Standardization

                                                    Two-Tailed
                    Estimate       S.E.  Est./S.E.    P-Value

 CON1     BY
    CON11              0.700      0.020     34.514      0.000
    CON21              0.669      0.022     30.715      0.000
    CON31              0.768      0.019     40.860      0.000

 CON2     BY
    CON12              0.684      0.020     33.452      0.000
    CON22              0.658      0.021     31.532      0.000
    CON32              0.774      0.018     42.283      0.000

 CON3     BY
    CON13              0.698      0.021     33.625      0.000
    CON23              0.670      0.022     31.063      0.000
    CON33              0.763      0.020     38.381      0.000

 FF1      BY
    FF11               0.795      0.015     51.663      0.000
    FF21               0.866      0.013     64.270      0.000
    FF31               0.713      0.018     40.210      0.000

 FF2      BY
    FF12               0.800      0.014     55.978      0.000
    FF22               0.901      0.012     75.197      0.000
    FF32               0.714      0.018     39.824      0.000

 FF3      BY
    FF13               0.820      0.014     58.011      0.000
    FF23               0.875      0.013     67.085      0.000
    FF33               0.715      0.018     39.902      0.000

 THIRDVAR BY
    CON1              -0.504      0.035    -14.610      0.000
    CON2               0.142      0.077      1.841      0.066
    CON3               0.090      0.073      1.240      0.215
    FF1                1.000      0.000    999.000    999.000
    FF2                0.155      0.071      2.188      0.029
    FF3                0.183      0.067      2.705      0.007

 CON2     ON
    CON1               0.954      0.022     43.520      0.000
    FF1               -0.120      0.073     -1.636      0.102

 CON3     ON
    CON2               0.923      0.019     48.487      0.000
    FF2               -0.118      0.072     -1.638      0.101

 FF2      ON
    FF1                0.686      0.071      9.698      0.000
    CON1              -0.068      0.020     -3.323      0.001

 FF3      ON
    FF2                0.689      0.065     10.682      0.000
    CON2              -0.067      0.020     -3.320      0.001

 CON2     WITH
    FF2               -0.026      0.108     -0.243      0.808

 CON11    WITH
    CON12              0.330      0.038      8.751      0.000
    CON13              0.370      0.037     10.051      0.000

 CON12    WITH
    CON13              0.468      0.033     14.239      0.000

 CON21    WITH
    CON22              0.349      0.036      9.708      0.000
    CON23              0.338      0.037      9.217      0.000

 CON22    WITH
    CON23              0.450      0.033     13.787      0.000

 CON31    WITH
    CON32              0.070      0.055      1.260      0.207
    CON33              0.139      0.052      2.703      0.007

 CON32    WITH
    CON33              0.171      0.053      3.248      0.001

 FF11     WITH
    FF12               0.207      0.045      4.631      0.000
    FF13               0.222      0.045      4.872      0.000

 FF12     WITH
    FF13               0.305      0.043      7.122      0.000

 FF21     WITH
    FF22               0.209      0.066      3.180      0.001
    FF23               0.198      0.060      3.285      0.001

 FF22     WITH
    FF23               0.313      0.062      5.090      0.000

 FF31     WITH
    FF32               0.375      0.034     10.888      0.000
    FF33               0.376      0.035     10.761      0.000

 FF32     WITH
    FF33               0.371      0.034     10.765      0.000

 Intercepts
    CON11              0.000      0.000    999.000    999.000
    CON12              0.000      0.000    999.000    999.000
    CON13              0.000      0.000    999.000    999.000
    CON21             -0.343      0.116     -2.969      0.003
    CON22             -0.441      0.119     -3.714      0.000
    CON23             -0.449      0.121     -3.710      0.000
    CON31             -0.140      0.122     -1.149      0.251
    CON32             -0.335      0.129     -2.598      0.009
    CON33             -0.329      0.127     -2.596      0.009
    FF11               0.000      0.000    999.000    999.000
    FF12               0.000      0.000    999.000    999.000
    FF13               0.000      0.000    999.000    999.000
    FF21              -0.155      0.075     -2.062      0.039
    FF22              -0.265      0.081     -3.285      0.001
    FF23              -0.262      0.080     -3.290      0.001
    FF31               0.097      0.079      1.239      0.215
    FF32               0.160      0.082      1.945      0.052
    FF33               0.101      0.082      1.239      0.215
    CON1               3.595      0.160     22.469      0.000
    CON2               0.772      0.241      3.207      0.001
    CON3               0.627      0.250      2.512      0.012
    FF1                2.934      0.109     26.980      0.000
    FF2                1.330      0.217      6.115      0.000
    FF3                1.380      0.237      5.817      0.000

 Variances
    THIRDVAR           1.000      0.000    999.000    999.000

 Residual Variances
    CON11              0.509      0.028     17.918      0.000
    CON12              0.532      0.028     18.996      0.000
    CON13              0.513      0.029     17.685      0.000
    CON21              0.552      0.029     18.945      0.000
    CON22              0.567      0.027     20.634      0.000
    CON23              0.550      0.029     19.020      0.000
    CON31              0.410      0.029     14.210      0.000
    CON32              0.400      0.028     14.106      0.000
    CON33              0.417      0.030     13.752      0.000
    FF11               0.369      0.024     15.078      0.000
    FF12               0.359      0.023     15.709      0.000
    FF13               0.328      0.023     14.165      0.000
    FF21               0.251      0.023     10.752      0.000
    FF22               0.189      0.022      8.763      0.000
    FF23               0.235      0.023     10.297      0.000
    FF31               0.492      0.025     19.467      0.000
    FF32               0.490      0.026     19.140      0.000
    FF33               0.488      0.026     19.051      0.000
    CON1               0.746      0.035     21.432      0.000
    CON2               0.110      0.026      4.157      0.000
    CON3               0.122      0.024      5.177      0.000
    FF1                0.000    999.000    999.000    999.000
    FF2                0.231      0.024      9.652      0.000
    FF3                0.214      0.021     10.226      0.000


R-SQUARE

    Observed                                        Two-Tailed
    Variable        Estimate       S.E.  Est./S.E.    P-Value

    CON11              0.491      0.028     17.257      0.000
    CON12              0.468      0.028     16.726      0.000
    CON13              0.487      0.029     16.812      0.000
    CON21              0.448      0.029     15.358      0.000
    CON22              0.433      0.027     15.766      0.000
    CON23              0.450      0.029     15.532      0.000
    CON31              0.590      0.029     20.430      0.000
    CON32              0.600      0.028     21.142      0.000
    CON33              0.583      0.030     19.191      0.000
    FF11               0.631      0.024     25.832      0.000
    FF12               0.641      0.023     27.989      0.000
    FF13               0.672      0.023     29.005      0.000
    FF21               0.749      0.023     32.135      0.000
    FF22               0.811      0.022     37.599      0.000
    FF23               0.765      0.023     33.542      0.000
    FF31               0.508      0.025     20.105      0.000
    FF32               0.510      0.026     19.912      0.000
    FF33               0.512      0.026     19.951      0.000

     Latent                                         Two-Tailed
    Variable        Estimate       S.E.  Est./S.E.    P-Value

    CON1               0.254      0.035      7.305      0.000
    CON2               0.890      0.026     33.613      0.000
    CON3               0.878      0.024     37.284      0.000
    FF1                1.000    999.000    999.000    999.000
    FF2                0.769      0.024     32.042      0.000
    FF3                0.786      0.021     37.664      0.000


QUALITY OF NUMERICAL RESULTS

     Condition Number for the Information Matrix              0.703E-04
       (ratio of smallest to largest eigenvalue)


TECHNICAL 4 OUTPUT


     ESTIMATES DERIVED FROM THE MODEL


           ESTIMATED MEANS FOR THE LATENT VARIABLES
              CON1          CON2          CON3          FF1           FF2
              ________      ________      ________      ________      ________
      1         1.774         1.841         1.826         2.294         2.385


           ESTIMATED MEANS FOR THE LATENT VARIABLES
              FF3           THIRDVAR
              ________      ________
      1         2.456         0.000


           S.E. FOR ESTIMATED MEANS FOR THE LATENT VARIABLES
              CON1          CON2          CON3          FF1           FF2
              ________      ________      ________      ________      ________
      1         0.025         0.023         0.023         0.033         0.032


           S.E. FOR ESTIMATED MEANS FOR THE LATENT VARIABLES
              FF3           THIRDVAR
              ________      ________
      1         0.031         0.000


           EST./S.E. FOR ESTIMATED MEANS FOR THE LATENT VARIABLES
              CON1          CON2          CON3          FF1           FF2
              ________      ________      ________      ________      ________
      1        72.295        79.842        79.780        69.221        74.884


           EST./S.E. FOR ESTIMATED MEANS FOR THE LATENT VARIABLES
              FF3           THIRDVAR
              ________      ________
      1        79.858         0.000


           TWO-TAILED P-VALUE FOR ESTIMATED MEANS FOR THE LATENT VARIABLES
              CON1          CON2          CON3          FF1           FF2
              ________      ________      ________      ________      ________
      1         0.000         0.000         0.000         0.000         0.000


           TWO-TAILED P-VALUE FOR ESTIMATED MEANS FOR THE LATENT VARIABLES
              FF3           THIRDVAR
              ________      ________
      1         0.000         1.000


           ESTIMATED COVARIANCE MATRIX FOR THE LATENT VARIABLES
              CON1          CON2          CON3          FF1           FF2
              ________      ________      ________      ________      ________
 CON1           0.243
 CON2           0.222         0.228
 CON3           0.208         0.214         0.229
 FF1           -0.195        -0.172        -0.163         0.611
 FF2           -0.187        -0.167        -0.169         0.527         0.593
 FF3           -0.184        -0.167        -0.166         0.482         0.511
 THIRDVAR      -0.249        -0.219        -0.209         0.782         0.674


           ESTIMATED COVARIANCE MATRIX FOR THE LATENT VARIABLES
              FF3           THIRDVAR
              ________      ________
 FF3            0.569
 THIRDVAR       0.616         1.000


           S.E. FOR ESTIMATED COVARIANCE MATRIX FOR THE LATENT VARIABLES
              CON1          CON2          CON3          FF1           FF2
              ________      ________      ________      ________      ________
 CON1           0.021
 CON2           0.018         0.019
 CON3           0.018         0.018         0.020
 FF1            0.019         0.018         0.018         0.042
 FF2            0.018         0.017         0.017         0.036         0.040
 FF3            0.018         0.017         0.017         0.034         0.035
 THIRDVAR       0.021         0.021         0.021         0.027         0.027


           S.E. FOR ESTIMATED COVARIANCE MATRIX FOR THE LATENT VARIABLES
              FF3           THIRDVAR
              ________      ________
 FF3            0.038
 THIRDVAR       0.027         0.000


           EST./S.E. FOR ESTIMATED COVARIANCE MATRIX FOR THE LATENT VARIABLES
              CON1          CON2          CON3          FF1           FF2
              ________      ________      ________      ________      ________
 CON1          11.820
 CON2          12.069        12.143
 CON3          11.774        11.838        11.698
 FF1          -10.120        -9.374        -9.097        14.705
 FF2          -10.528        -9.730        -9.838        14.601        14.955
 FF3          -10.263        -9.749        -9.796        14.158        14.695
 THIRDVAR     -11.654       -10.538       -10.124        29.411        24.641


           EST./S.E. FOR ESTIMATED COVARIANCE MATRIX FOR THE LATENT VARIABLES
              FF3           THIRDVAR
              ________      ________
 FF3           15.038
 THIRDVAR      22.499   ***********


           TWO-TAILED P-VALUE FOR ESTIMATED COVARIANCE MATRIX FOR THE LATENT VARIABLES
              CON1          CON2          CON3          FF1           FF2
              ________      ________      ________      ________      ________
 CON1           0.000
 CON2           0.000         0.000
 CON3           0.000         0.000         0.000
 FF1            0.000         0.000         0.000         0.000
 FF2            0.000         0.000         0.000         0.000         0.000
 FF3            0.000         0.000         0.000         0.000         0.000
 THIRDVAR       0.000         0.000         0.000         0.000         0.000


           TWO-TAILED P-VALUE FOR ESTIMATED COVARIANCE MATRIX FOR THE LATENT VARIABLES
              FF3           THIRDVAR
              ________      ________
 FF3            0.000
 THIRDVAR       0.000         0.000


           ESTIMATED CORRELATION MATRIX FOR THE LATENT VARIABLES
              CON1          CON2          CON3          FF1           FF2
              ________      ________      ________      ________      ________
 CON1           1.000
 CON2           0.943         1.000
 CON3           0.883         0.935         1.000
 FF1           -0.504        -0.459        -0.437         1.000
 FF2           -0.492        -0.454        -0.458         0.875         1.000
 FF3           -0.494        -0.464        -0.459         0.816         0.880
 THIRDVAR      -0.504        -0.459        -0.437         1.000         0.875


           ESTIMATED CORRELATION MATRIX FOR THE LATENT VARIABLES
              FF3           THIRDVAR
              ________      ________
 FF3            1.000
 THIRDVAR       0.816         1.000


           S.E. FOR ESTIMATED CORRELATION MATRIX FOR THE LATENT VARIABLES
              CON1          CON2          CON3          FF1           FF2
              ________      ________      ________      ________      ________
 CON1           0.000
 CON2           0.014         0.000
 CON3           0.017         0.013         0.000
 FF1            0.035         0.036         0.037         0.000
 FF2            0.031         0.033         0.034         0.014         0.000
 FF3            0.033         0.034         0.034         0.018         0.013
 THIRDVAR       0.035         0.036         0.037         0.000         0.014


           S.E. FOR ESTIMATED CORRELATION MATRIX FOR THE LATENT VARIABLES
              FF3           THIRDVAR
              ________      ________
 FF3            0.000
 THIRDVAR       0.018         0.000


           EST./S.E. FOR ESTIMATED CORRELATION MATRIX FOR THE LATENT VARIABLES
              CON1          CON2          CON3          FF1           FF2
              ________      ________      ________      ________      ________
 CON1         999.000
 CON2          67.413       999.000
 CON3          50.549        73.880       999.000
 FF1          -14.610       -12.895       -11.877       999.000
 FF2          -15.860       -13.566       -13.544        62.983       999.000
 FF3          -14.877       -13.566       -13.511        46.371        67.721
 THIRDVAR     -14.610       -12.895       -11.877   ***********        62.983


           EST./S.E. FOR ESTIMATED CORRELATION MATRIX FOR THE LATENT VARIABLES
              FF3           THIRDVAR
              ________      ________
 FF3          999.000
 THIRDVAR      46.371       999.000


           TWO-TAILED P-VALUE FOR ESTIMATED CORRELATION MATRIX FOR THE LATENT VARIABLES
              CON1          CON2          CON3          FF1           FF2
              ________      ________      ________      ________      ________
 CON1           0.000
 CON2           0.000         0.000
 CON3           0.000         0.000         0.000
 FF1            0.000         0.000         0.000         0.000
 FF2            0.000         0.000         0.000         0.000         0.000
 FF3            0.000         0.000         0.000         0.000         0.000
 THIRDVAR       0.000         0.000         0.000         0.000         0.000


           TWO-TAILED P-VALUE FOR ESTIMATED CORRELATION MATRIX FOR THE LATENT VARIABLES
              FF3           THIRDVAR
              ________      ________
 FF3            0.000
 THIRDVAR       0.000         0.000


DIAGRAM INFORMATION

  Use View Diagram under the Diagram menu in the Mplus Editor to view the diagram.
  If running Mplus from the Mplus Diagrammer, the diagram opens automatically.

  Diagram output
    e:\fertig\begleitmaterial\kapitel 5\latentcl_unmeasuredvariable.dgm

     Beginning Time:  14:31:31
        Ending Time:  14:31:34
       Elapsed Time:  00:00:03



MUTHEN & MUTHEN
3463 Stoner Ave.
Los Angeles, CA  90066

Tel: (310) 391-9971
Fax: (310) 391-8971
Web: www.StatModel.com
Support: Support@StatModel.com

Copyright (c) 1998-2015 Muthen & Muthen
