Mplus VERSION 7.4
MUTHEN & MUTHEN
09/15/2016   2:16 PM

INPUT INSTRUCTIONS

  TITLE:    Beispiel Cross-lagged Analyse

  DATA:     FILE IS GMF_Panel_020304.dat;

  VARIABLE: NAMES ARE qcp_ser con11 con12 con13 con21 con22 con23 con31 con32 con33
            ff11 ff12 ff13 ff21 ff22 ff23 ff31 ff32 ff33;

            USEVARIABLES ARE con11 con12 con13 con21 con22 con23
            con31 con32 con33 ff11 ff12 ff13 ff21 ff22 ff23 ff31 ff32 ff33;

            MISSING ARE all (99);

  MODEL:    con1 BY con11 ! Spezifikation der Messmodelle für Kontakt
            con21 (1)
            con31 (2);
            con2 BY con12
            con22 (1)
            con32 (2);
            con3 BY con13
            con23 (1)
            con33 (2);

            ff1 BY ff11   ! Fremdenfeindlichkeit
            ff21 (3)
            ff31 (4);     ! Jeweils korrespondierende Faktorladungen
            ff2 BY ff12   ! wurden gleichgesetzt
            ff22 (3)
            ff32 (4);
            ff3 BY ff13
            ff23 (3)
            ff33 (4);

            con2 ON con1 ff1; ! Spezifikation der autoregressiven und
            con3 ON con2 ff2; ! cross-lagged Beziehungen
            ff2 ON ff1 con1;
            ff3 ON ff2 con2;

            con2 WITH ff2;    ! Korrelation der Residuen von Kontakt
                              ! und Fremdenfeindlichkeit zum
                              ! 2. Messzeitpunkt

            con11 WITH con12 con13; ! Autokorrelation der Residuen
            con12 WITH con13;       ! der Indikatoren
            con21 WITH con22 con23; ! von Intergruppenkontakt
            con22 WITH con23;
            con31 WITH con32 con33;
            con32 WITH con33;

            ff11 WITH ff12 ff13;    ! und Fremdenfeindlichkeit
            ff12 WITH ff13;
            ff21 WITH ff22 ff23;
            ff22 WITH ff23;
            ff31 WITH ff32 ff33;
            ff32 WITH ff33;

            [con11@0 con12@0 con13@0]; ! Gleichheitsrestriktionen
            [con22 con23] (5);         ! korrespondierender Intercepts
            [con32 con33] (6);         ! unter Berücksichtigung der
            [ff11@0 ff12@0 ff13@0];    ! Ergebnisse der
            [ff22 ff23] (7);           ! Längsschnitt-CFA
            [ff31 ff33] (8);

            [con1 con2 con3];
            [ff1 ff2 ff3];

  OUTPUT:   STDYX MODINDICES;





INPUT READING TERMINATED NORMALLY



Beispiel Cross-lagged Analyse

SUMMARY OF ANALYSIS

Number of groups                                                 1
Number of observations                                         825

Number of dependent variables                                   18
Number of independent variables                                  0
Number of continuous latent variables                            6

Observed dependent variables

  Continuous
   CON11       CON12       CON13       CON21       CON22       CON23
   CON31       CON32       CON33       FF11        FF12        FF13
   FF21        FF22        FF23        FF31        FF32        FF33

Continuous latent variables
   CON1        CON2        CON3        FF1         FF2         FF3


Estimator                                                       ML
Information matrix                                        OBSERVED
Maximum number of iterations                                  1000
Convergence criterion                                    0.500D-04
Maximum number of steepest descent iterations                   20
Maximum number of iterations for H1                           2000
Convergence criterion for H1                             0.100D-03

Input data file(s)
  GMF_Panel_020304.dat

Input data format  FREE


SUMMARY OF DATA

     Number of missing data patterns            31


COVARIANCE COVERAGE OF DATA

Minimum covariance coverage value   0.100


     PROPORTION OF DATA PRESENT


           Covariance Coverage
              CON11         CON12         CON13         CON21         CON22
              ________      ________      ________      ________      ________
 CON11          0.998
 CON12          0.998         1.000
 CON13          0.998         1.000         1.000
 CON21          0.996         0.999         0.999         0.999
 CON22          0.995         0.998         0.998         0.996         0.998
 CON23          0.994         0.996         0.996         0.995         0.994
 CON31          0.996         0.999         0.999         0.998         0.996
 CON32          0.998         1.000         1.000         0.999         0.998
 CON33          0.998         1.000         1.000         0.999         0.998
 FF11           0.982         0.984         0.984         0.983         0.982
 FF12           0.988         0.990         0.990         0.989         0.988
 FF13           0.982         0.984         0.984         0.983         0.982
 FF21           0.984         0.987         0.987         0.985         0.984
 FF22           0.983         0.985         0.985         0.984         0.983
 FF23           0.982         0.984         0.984         0.983         0.982
 FF31           0.982         0.984         0.984         0.983         0.982
 FF32           0.992         0.994         0.994         0.993         0.992
 FF33           0.985         0.988         0.988         0.987         0.985


           Covariance Coverage
              CON23         CON31         CON32         CON33         FF11
              ________      ________      ________      ________      ________
 CON23          0.996
 CON31          0.995         0.999
 CON32          0.996         0.999         1.000
 CON33          0.996         0.999         1.000         1.000
 FF11           0.981         0.983         0.984         0.984         0.984
 FF12           0.987         0.989         0.990         0.990         0.977
 FF13           0.981         0.983         0.984         0.984         0.972
 FF21           0.983         0.985         0.987         0.987         0.975
 FF22           0.982         0.984         0.985         0.985         0.971
 FF23           0.981         0.983         0.984         0.984         0.970
 FF31           0.981         0.983         0.984         0.984         0.971
 FF32           0.990         0.993         0.994         0.994         0.979
 FF33           0.984         0.987         0.988         0.988         0.975


           Covariance Coverage
              FF12          FF13          FF21          FF22          FF23
              ________      ________      ________      ________      ________
 FF12           0.990
 FF13           0.975         0.984
 FF21           0.977         0.972         0.987
 FF22           0.978         0.971         0.972         0.985
 FF23           0.976         0.971         0.972         0.972         0.984
 FF31           0.976         0.968         0.973         0.972         0.971
 FF32           0.985         0.978         0.982         0.979         0.978
 FF33           0.978         0.977         0.976         0.973         0.973


           Covariance Coverage
              FF31          FF32          FF33
              ________      ________      ________
 FF31           0.984
 FF32           0.979         0.994
 FF33           0.972         0.982         0.988



THE MODEL ESTIMATION TERMINATED NORMALLY



MODEL FIT INFORMATION

Number of Free Parameters                       71

Loglikelihood

          H0 Value                      -15031.618
          H1 Value                      -14943.642

Information Criteria

          Akaike (AIC)                   30205.236
          Bayesian (BIC)                 30540.029
          Sample-Size Adjusted BIC       30314.559
            (n* = (n + 2) / 24)

Chi-Square Test of Model Fit

          Value                            175.952
          Degrees of Freedom                   118
          P-Value                           0.0004

RMSEA (Root Mean Square Error Of Approximation)

          Estimate                           0.024
          90 Percent C.I.                    0.016  0.032
          Probability RMSEA <= .05           1.000

CFI/TLI

          CFI                                0.994
          TLI                                0.992

Chi-Square Test of Model Fit for the Baseline Model

          Value                           9494.348
          Degrees of Freedom                   153
          P-Value                           0.0000

SRMR (Standardized Root Mean Square Residual)

          Value                              0.023



MODEL RESULTS

                                                    Two-Tailed
                    Estimate       S.E.  Est./S.E.    P-Value

 CON1     BY
    CON11              1.000      0.000    999.000    999.000
    CON21              1.372      0.064     21.310      0.000
    CON31              1.580      0.067     23.430      0.000

 CON2     BY
    CON12              1.000      0.000    999.000    999.000
    CON22              1.372      0.064     21.310      0.000
    CON32              1.580      0.067     23.430      0.000

 CON3     BY
    CON13              1.000      0.000    999.000    999.000
    CON23              1.372      0.064     21.310      0.000
    CON33              1.580      0.067     23.430      0.000

 FF1      BY
    FF11               1.000      0.000    999.000    999.000
    FF21               1.156      0.032     36.117      0.000
    FF31               0.841      0.029     29.328      0.000

 FF2      BY
    FF12               1.000      0.000    999.000    999.000
    FF22               1.156      0.032     36.117      0.000
    FF32               0.841      0.029     29.328      0.000

 FF3      BY
    FF13               1.000      0.000    999.000    999.000
    FF23               1.156      0.032     36.117      0.000
    FF33               0.841      0.029     29.328      0.000

 CON2     ON
    CON1               0.940      0.040     23.568      0.000
    FF1                0.023      0.022      1.026      0.305

 CON3     ON
    CON2               0.909      0.034     26.955      0.000
    FF2               -0.025      0.019     -1.265      0.206

 FF2      ON
    FF1                0.845      0.032     26.463      0.000
    CON1              -0.083      0.051     -1.623      0.105

 FF3      ON
    FF2                0.839      0.028     29.916      0.000
    CON2              -0.120      0.045     -2.654      0.008

 CON2     WITH
    FF2               -0.004      0.006     -0.713      0.476

 FF1      WITH
    CON1              -0.196      0.019    -10.148      0.000

 FF3      WITH
    CON3              -0.007      0.005     -1.260      0.208

 CON11    WITH
    CON12              0.084      0.012      6.939      0.000
    CON13              0.092      0.012      7.855      0.000

 CON12    WITH
    CON13              0.117      0.012      9.512      0.000

 CON21    WITH
    CON22              0.196      0.026      7.579      0.000
    CON23              0.184      0.025      7.419      0.000

 CON22    WITH
    CON23              0.245      0.026      9.545      0.000

 CON31    WITH
    CON32              0.027      0.023      1.154      0.249
    CON33              0.060      0.024      2.533      0.011

 CON32    WITH
    CON33              0.068      0.023      2.921      0.003

 FF11     WITH
    FF12               0.068      0.017      3.949      0.000
    FF13               0.074      0.016      4.607      0.000

 FF12     WITH
    FF13               0.091      0.016      5.735      0.000

 FF21     WITH
    FF22               0.043      0.017      2.490      0.013
    FF23               0.056      0.017      3.273      0.001

 FF22     WITH
    FF23               0.061      0.017      3.676      0.000

 FF31     WITH
    FF32               0.153      0.018      8.550      0.000
    FF33               0.152      0.018      8.673      0.000

 FF32     WITH
    FF33               0.145      0.017      8.431      0.000

 Means
    CON1               1.774      0.025     72.355      0.000
    FF1                2.293      0.033     69.177      0.000

 Intercepts
    CON11              0.000      0.000    999.000    999.000
    CON12              0.000      0.000    999.000    999.000
    CON13              0.000      0.000    999.000    999.000
    CON21             -0.348      0.120     -2.909      0.004
    CON22             -0.440      0.122     -3.617      0.000
    CON23             -0.440      0.122     -3.617      0.000
    CON31             -0.140      0.125     -1.120      0.263
    CON32             -0.324      0.127     -2.548      0.011
    CON33             -0.324      0.127     -2.548      0.011
    FF11               0.000      0.000    999.000    999.000
    FF12               0.000      0.000    999.000    999.000
    FF13               0.000      0.000    999.000    999.000
    FF21              -0.161      0.079     -2.037      0.042
    FF22              -0.263      0.081     -3.268      0.001
    FF23              -0.263      0.081     -3.268      0.001
    FF31               0.092      0.072      1.279      0.201
    FF32               0.148      0.073      2.011      0.044
    FF33               0.092      0.072      1.279      0.201
    CON2               0.120      0.112      1.076      0.282
    CON3               0.212      0.096      2.208      0.027
    FF2                0.594      0.149      3.989      0.000
    FF3                0.678      0.133      5.091      0.000

 Variances
    CON1               0.242      0.021     11.695      0.000
    FF1                0.610      0.042     14.694      0.000

 Residual Variances
    CON11              0.253      0.016     16.181      0.000
    CON12              0.258      0.016     16.341      0.000
    CON13              0.241      0.015     16.023      0.000
    CON21              0.565      0.034     16.623      0.000
    CON22              0.561      0.033     17.025      0.000
    CON23              0.526      0.032     16.597      0.000
    CON31              0.426      0.032     13.237      0.000
    CON32              0.379      0.030     12.786      0.000
    CON33              0.412      0.032     12.978      0.000
    FF11               0.359      0.024     14.767      0.000
    FF12               0.336      0.022     15.341      0.000
    FF13               0.277      0.020     14.042      0.000
    FF21               0.272      0.025     10.857      0.000
    FF22               0.189      0.020      9.283      0.000
    FF23               0.234      0.022     10.514      0.000
    FF31               0.421      0.024     17.319      0.000
    FF32               0.405      0.023     17.548      0.000
    FF33               0.386      0.022     17.299      0.000
    CON2               0.025      0.007      3.707      0.000
    CON3               0.029      0.006      5.016      0.000
    FF2                0.125      0.014      9.034      0.000
    FF3                0.117      0.012      9.450      0.000


STANDARDIZED MODEL RESULTS


STDYX Standardization

                                                    Two-Tailed
                    Estimate       S.E.  Est./S.E.    P-Value

 CON1     BY
    CON11              0.699      0.021     34.059      0.000
    CON21              0.668      0.022     30.137      0.000
    CON31              0.766      0.019     39.624      0.000

 CON2     BY
    CON12              0.687      0.021     31.955      0.000
    CON22              0.661      0.021     30.756      0.000
    CON32              0.777      0.019     40.689      0.000

 CON3     BY
    CON13              0.697      0.021     33.472      0.000
    CON23              0.670      0.022     30.856      0.000
    CON33              0.761      0.020     37.918      0.000

 FF1      BY
    FF11               0.793      0.015     51.480      0.000
    FF21               0.866      0.013     64.177      0.000
    FF31               0.712      0.018     40.065      0.000

 FF2      BY
    FF12               0.798      0.014     55.555      0.000
    FF22               0.898      0.012     74.767      0.000
    FF32               0.712      0.018     39.610      0.000

 FF3      BY
    FF13               0.820      0.014     58.064      0.000
    FF23               0.874      0.013     66.889      0.000
    FF33               0.714      0.018     39.809      0.000

 CON2     ON
    CON1               0.963      0.026     37.229      0.000
    FF1                0.037      0.036      1.028      0.304

 CON3     ON
    CON2               0.915      0.021     43.725      0.000
    FF2               -0.040      0.031     -1.265      0.206

 FF2      ON
    FF1                0.859      0.023     37.377      0.000
    CON1              -0.053      0.033     -1.625      0.104

 FF3      ON
    FF2                0.854      0.019     44.047      0.000
    CON2              -0.077      0.029     -2.666      0.008

 CON2     WITH
    FF2               -0.076      0.106     -0.714      0.475

 FF1      WITH
    CON1              -0.509      0.035    -14.560      0.000

 FF3      WITH
    CON3              -0.112      0.088     -1.270      0.204

 CON11    WITH
    CON12              0.328      0.038      8.657      0.000
    CON13              0.371      0.037     10.108      0.000

 CON12    WITH
    CON13              0.469      0.033     14.286      0.000

 CON21    WITH
    CON22              0.348      0.036      9.639      0.000
    CON23              0.337      0.037      9.210      0.000

 CON22    WITH
    CON23              0.451      0.033     13.828      0.000

 CON31    WITH
    CON32              0.067      0.056      1.202      0.229
    CON33              0.142      0.051      2.770      0.006

 CON32    WITH
    CON33              0.173      0.052      3.308      0.001

 FF11     WITH
    FF12               0.195      0.045      4.375      0.000
    FF13               0.233      0.045      5.202      0.000

 FF12     WITH
    FF13               0.300      0.043      6.965      0.000

 FF21     WITH
    FF22               0.190      0.066      2.874      0.004
    FF23               0.222      0.059      3.783      0.000

 FF22     WITH
    FF23               0.291      0.062      4.689      0.000

 FF31     WITH
    FF32               0.372      0.034     10.779      0.000
    FF33               0.378      0.035     10.807      0.000

 FF32     WITH
    FF33               0.368      0.034     10.672      0.000

 Means
    CON1               3.603      0.162     22.257      0.000
    FF1                2.936      0.109     26.963      0.000

 Intercepts
    CON11              0.000      0.000    999.000    999.000
    CON12              0.000      0.000    999.000    999.000
    CON13              0.000      0.000    999.000    999.000
    CON21             -0.344      0.116     -2.972      0.003
    CON22             -0.441      0.119     -3.713      0.000
    CON23             -0.450      0.121     -3.712      0.000
    CON31             -0.138      0.122     -1.126      0.260
    CON32             -0.331      0.129     -2.572      0.010
    CON33             -0.327      0.127     -2.574      0.010
    FF11               0.000      0.000    999.000    999.000
    FF12               0.000      0.000    999.000    999.000
    FF13               0.000      0.000    999.000    999.000
    FF21              -0.154      0.075     -2.052      0.040
    FF22              -0.266      0.081     -3.304      0.001
    FF23              -0.264      0.080     -3.309      0.001
    FF31               0.099      0.079      1.264      0.206
    FF32               0.163      0.082      1.975      0.048
    FF33               0.103      0.082      1.264      0.206
    CON2               0.250      0.235      1.063      0.288
    CON3               0.445      0.206      2.161      0.031
    FF2                0.773      0.200      3.874      0.000
    FF3                0.899      0.184      4.896      0.000

 Variances
    CON1               1.000      0.000    999.000    999.000
    FF1                1.000      0.000    999.000    999.000

 Residual Variances
    CON11              0.511      0.029     17.775      0.000
    CON12              0.528      0.030     17.880      0.000
    CON13              0.514      0.029     17.731      0.000
    CON21              0.554      0.030     18.683      0.000
    CON22              0.563      0.028     19.850      0.000
    CON23              0.551      0.029     18.951      0.000
    CON31              0.413      0.030     13.928      0.000
    CON32              0.397      0.030     13.371      0.000
    CON33              0.420      0.031     13.742      0.000
    FF11               0.371      0.024     15.154      0.000
    FF12               0.363      0.023     15.813      0.000
    FF13               0.328      0.023     14.144      0.000
    FF21               0.250      0.023     10.697      0.000
    FF22               0.194      0.022      8.972      0.000
    FF23               0.235      0.023     10.292      0.000
    FF31               0.494      0.025     19.537      0.000
    FF32               0.493      0.026     19.245      0.000
    FF33               0.490      0.026     19.087      0.000
    CON2               0.107      0.028      3.806      0.000
    CON3               0.128      0.024      5.274      0.000
    FF2                0.212      0.023      9.361      0.000
    FF3                0.205      0.021      9.749      0.000


R-SQUARE

    Observed                                        Two-Tailed
    Variable        Estimate       S.E.  Est./S.E.    P-Value

    CON11              0.489      0.029     17.030      0.000
    CON12              0.472      0.030     15.977      0.000
    CON13              0.486      0.029     16.736      0.000
    CON21              0.446      0.030     15.068      0.000
    CON22              0.437      0.028     15.378      0.000
    CON23              0.449      0.029     15.428      0.000
    CON31              0.587      0.030     19.812      0.000
    CON32              0.603      0.030     20.344      0.000
    CON33              0.580      0.031     18.959      0.000
    FF11               0.629      0.024     25.740      0.000
    FF12               0.637      0.023     27.778      0.000
    FF13               0.672      0.023     29.032      0.000
    FF21               0.750      0.023     32.089      0.000
    FF22               0.806      0.022     37.383      0.000
    FF23               0.765      0.023     33.444      0.000
    FF31               0.506      0.025     20.033      0.000
    FF32               0.507      0.026     19.805      0.000
    FF33               0.510      0.026     19.905      0.000

     Latent                                         Two-Tailed
    Variable        Estimate       S.E.  Est./S.E.    P-Value

    CON2               0.893      0.028     31.875      0.000
    CON3               0.872      0.024     35.804      0.000
    FF2                0.788      0.023     34.710      0.000
    FF3                0.795      0.021     37.698      0.000


QUALITY OF NUMERICAL RESULTS

     Condition Number for the Information Matrix              0.170E-03
       (ratio of smallest to largest eigenvalue)


MODEL MODIFICATION INDICES

NOTE:  Modification indices for direct effects of observed dependent variables
regressed on covariates may not be included.  To include these, request
MODINDICES (ALL).

Minimum M.I. value for printing the modification index    10.000

                                   M.I.     E.P.C.  Std E.P.C.  StdYX E.P.C.

BY Statements

FF1      BY FF12                  12.570    -0.040     -0.032       -0.033
FF2      BY FF12                  11.656    -0.038     -0.029       -0.030
FF3      BY FF12                  13.367    -0.039     -0.030       -0.031


DIAGRAM INFORMATION

  Use View Diagram under the Diagram menu in the Mplus Editor to view the diagram.
  If running Mplus from the Mplus Diagrammer, the diagram opens automatically.

  Diagram output
    e:\fertig\begleitmaterial\kapitel 5\latentcl_kontaktff_1.dgm

     Beginning Time:  14:16:51
        Ending Time:  14:16:54
       Elapsed Time:  00:00:03



MUTHEN & MUTHEN
3463 Stoner Ave.
Los Angeles, CA  90066

Tel: (310) 391-9971
Fax: (310) 391-8971
Web: www.StatModel.com
Support: Support@StatModel.com

Copyright (c) 1998-2015 Muthen & Muthen
